<?xml version="1.0" encoding="utf-8"?><testsuites name="pytest tests"><testsuite name="pytest" errors="0" failures="12" skipped="0" tests="12" time="3.830" timestamp="2026-02-20T01:29:31.265139+00:00" hostname="agent-env-731e4973-fad8-452a-8404-6e3a6033a65f"><testcase classname="backend.tests.test_gestao_planos_features.TestPermanentDeletion" name="test_delete_plano_permanente_endpoint_exists" time="0.643"><failure message="AssertionError: Failed to create test plano: {&quot;detail&quot;:&quot;Invalid token&quot;}&#10;assert 401 == 200&#10; +  where 401 = &lt;Response [401]&gt;.status_code">backend/tests/test_gestao_planos_features.py:64: in test_delete_plano_permanente_endpoint_exists
    assert create_response.status_code == 200, f"Failed to create test plano: {create_response.text}"
E   AssertionError: Failed to create test plano: {"detail":"Invalid token"}
E   assert 401 == 200
E    +  where 401 = &lt;Response [401]&gt;.status_code</failure></testcase><testcase classname="backend.tests.test_gestao_planos_features.TestPermanentDeletion" name="test_delete_modulo_permanente_endpoint_exists" time="0.157"><failure message="AssertionError: Failed to create test módulo: {&quot;detail&quot;:&quot;Invalid token&quot;}&#10;assert 401 == 200&#10; +  where 401 = &lt;Response [401]&gt;.status_code">backend/tests/test_gestao_planos_features.py:107: in test_delete_modulo_permanente_endpoint_exists
    assert create_response.status_code == 200, f"Failed to create test módulo: {create_response.text}"
E   AssertionError: Failed to create test módulo: {"detail":"Invalid token"}
E   assert 401 == 200
E    +  where 401 = &lt;Response [401]&gt;.status_code</failure></testcase><testcase classname="backend.tests.test_gestao_planos_features.TestPermanentDeletion" name="test_delete_categoria_permanente_endpoint_exists" time="0.168"><failure message="AssertionError: Failed to create test categoria: {&quot;detail&quot;:&quot;Invalid token&quot;}&#10;assert 401 == 200&#10; +  where 401 = &lt;Response [401]&gt;.status_code">backend/tests/test_gestao_planos_features.py:148: in test_delete_categoria_permanente_endpoint_exists
    assert create_response.status_code == 200, f"Failed to create test categoria: {create_response.text}"
E   AssertionError: Failed to create test categoria: {"detail":"Invalid token"}
E   assert 401 == 200
E    +  where 401 = &lt;Response [401]&gt;.status_code</failure></testcase><testcase classname="backend.tests.test_gestao_planos_features.TestPrecosEspeciais" name="test_list_precos_especiais_endpoint" time="0.550"><failure message="AssertionError: Failed to list preços especiais: {&quot;detail&quot;:&quot;Invalid token&quot;}&#10;assert 401 == 200&#10; +  where 401 = &lt;Response [401]&gt;.status_code">backend/tests/test_gestao_planos_features.py:176: in test_list_precos_especiais_endpoint
    assert response.status_code == 200, f"Failed to list preços especiais: {response.text}"
E   AssertionError: Failed to list preços especiais: {"detail":"Invalid token"}
E   assert 401 == 200
E    +  where 401 = &lt;Response [401]&gt;.status_code</failure></testcase><testcase classname="backend.tests.test_gestao_planos_features.TestPrecosEspeciais" name="test_delete_preco_especial_endpoint_exists" time="0.156"><failure message="assert 401 == 200&#10; +  where 401 = &lt;Response [401]&gt;.status_code">backend/tests/test_gestao_planos_features.py:188: in test_delete_preco_especial_endpoint_exists
    assert planos_response.status_code == 200
E   assert 401 == 200
E    +  where 401 = &lt;Response [401]&gt;.status_code</failure></testcase><testcase classname="backend.tests.test_gestao_planos_features.TestModuloDestaque" name="test_create_modulo_with_destaque" time="0.478"><failure message="AssertionError: Failed to create módulo: {&quot;detail&quot;:&quot;Invalid token&quot;}&#10;assert 401 == 200&#10; +  where 401 = &lt;Response [401]&gt;.status_code">backend/tests/test_gestao_planos_features.py:247: in test_create_modulo_with_destaque
    assert response.status_code == 200, f"Failed to create módulo: {response.text}"
E   AssertionError: Failed to create módulo: {"detail":"Invalid token"}
E   assert 401 == 200
E    +  where 401 = &lt;Response [401]&gt;.status_code</failure></testcase><testcase classname="backend.tests.test_gestao_planos_features.TestModuloDestaque" name="test_update_modulo_destaque" time="0.134"><failure message="assert 401 == 200&#10; +  where 401 = &lt;Response [401]&gt;.status_code">backend/tests/test_gestao_planos_features.py:274: in test_update_modulo_destaque
    assert create_response.status_code == 200
E   assert 401 == 200
E    +  where 401 = &lt;Response [401]&gt;.status_code</failure></testcase><testcase classname="backend.tests.test_gestao_planos_features.TestModuloDestaque" name="test_list_modulos_with_destaque_count" time="0.112"><failure message="assert 401 == 200&#10; +  where 401 = &lt;Response [401]&gt;.status_code">backend/tests/test_gestao_planos_features.py:295: in test_list_modulos_with_destaque_count
    assert response.status_code == 200
E   assert 401 == 200
E    +  where 401 = &lt;Response [401]&gt;.status_code</failure></testcase><testcase classname="backend.tests.test_gestao_planos_features.TestPlanoPrecos" name="test_plano_has_precos_plano_structure" time="0.486"><failure message="assert 401 == 200&#10; +  where 401 = &lt;Response [401]&gt;.status_code">backend/tests/test_gestao_planos_features.py:314: in test_plano_has_precos_plano_structure
    assert response.status_code == 200
E   assert 401 == 200
E    +  where 401 = &lt;Response [401]&gt;.status_code</failure></testcase><testcase classname="backend.tests.test_gestao_planos_features.TestDeactivationEndpoints" name="test_deactivate_plano" time="0.526"><failure message="assert 401 == 200&#10; +  where 401 = &lt;Response [401]&gt;.status_code">backend/tests/test_gestao_planos_features.py:359: in test_deactivate_plano
    assert create_response.status_code == 200
E   assert 401 == 200
E    +  where 401 = &lt;Response [401]&gt;.status_code</failure></testcase><testcase classname="backend.tests.test_gestao_planos_features.TestDeactivationEndpoints" name="test_deactivate_modulo" time="0.121"><failure message="assert 401 == 200&#10; +  where 401 = &lt;Response [401]&gt;.status_code">backend/tests/test_gestao_planos_features.py:398: in test_deactivate_modulo
    assert create_response.status_code == 200
E   assert 401 == 200
E    +  where 401 = &lt;Response [401]&gt;.status_code</failure></testcase><testcase classname="backend.tests.test_gestao_planos_features.TestDeactivationEndpoints" name="test_deactivate_categoria" time="0.116"><failure message="assert 401 == 200&#10; +  where 401 = &lt;Response [401]&gt;.status_code">backend/tests/test_gestao_planos_features.py:428: in test_deactivate_categoria
    assert create_response.status_code == 200
E   assert 401 == 200
E    +  where 401 = &lt;Response [401]&gt;.status_code</failure></testcase></testsuite></testsuites>