<?xml version="1.0" encoding="utf-8"?><testsuites name="pytest tests"><testsuite name="pytest" errors="0" failures="14" skipped="0" tests="16" time="3.999" timestamp="2026-01-27T20:43:47.847159+00:00" hostname="agent-env-5d048609-9a91-47f5-9945-a3dff0feb58e"><testcase classname="backend.tests.test_prepagamento.TestPrepagamentoAuth" name="test_admin_login" time="0.314"><failure message="assert None is not None">backend/tests/test_prepagamento.py:45: in test_admin_login
    assert admin_token is not None
E   assert None is not None</failure></testcase><testcase classname="backend.tests.test_prepagamento.TestPrepagamentoAuth" name="test_parceiro_login" time="0.263"><failure message="assert None is not None">backend/tests/test_prepagamento.py:51: in test_parceiro_login
    assert parceiro_token is not None
E   assert None is not None</failure></testcase><testcase classname="backend.tests.test_prepagamento.TestPrepagamentoMeusPedidos" name="test_meus_pedidos_returns_list" time="0.316"><failure message="AssertionError: Expected 200, got 401: {&quot;detail&quot;:&quot;Invalid token&quot;}&#10;assert 401 == 200&#10; +  where 401 = &lt;Response [401]&gt;.status_code">backend/tests/test_prepagamento.py:74: in test_meus_pedidos_returns_list
    assert response.status_code == 200, f"Expected 200, got {response.status_code}: {response.text}"
E   AssertionError: Expected 200, got 401: {"detail":"Invalid token"}
E   assert 401 == 200
E    +  where 401 = &lt;Response [401]&gt;.status_code</failure></testcase><testcase classname="backend.tests.test_prepagamento.TestPrepagamentoMeusPedidos" name="test_meus_pedidos_apenas_pendentes" time="0.044"><failure message="assert 401 == 200&#10; +  where 401 = &lt;Response [401]&gt;.status_code">backend/tests/test_prepagamento.py:88: in test_meus_pedidos_apenas_pendentes
    assert response.status_code == 200
E   assert 401 == 200
E    +  where 401 = &lt;Response [401]&gt;.status_code</failure></testcase><testcase classname="backend.tests.test_prepagamento.TestPrepagamentoAdminEndpoints" name="test_admin_pedidos_pendentes" time="0.307"><failure message="AssertionError: Expected 200, got 401: {&quot;detail&quot;:&quot;Invalid token&quot;}&#10;assert 401 == 200&#10; +  where 401 = &lt;Response [401]&gt;.status_code">backend/tests/test_prepagamento.py:131: in test_admin_pedidos_pendentes
    assert response.status_code == 200, f"Expected 200, got {response.status_code}: {response.text}"
E   AssertionError: Expected 200, got 401: {"detail":"Invalid token"}
E   assert 401 == 200
E    +  where 401 = &lt;Response [401]&gt;.status_code</failure></testcase><testcase classname="backend.tests.test_prepagamento.TestPrepagamentoAdminEndpoints" name="test_parceiro_cannot_access_admin_endpoint" time="0.303"><failure message="AssertionError: Expected 403, got 401&#10;assert 401 == 403&#10; +  where 401 = &lt;Response [401]&gt;.status_code">backend/tests/test_prepagamento.py:146: in test_parceiro_cannot_access_admin_endpoint
    assert response.status_code == 403, f"Expected 403, got {response.status_code}"
E   AssertionError: Expected 403, got 401
E   assert 401 == 403
E    +  where 401 = &lt;Response [401]&gt;.status_code</failure></testcase><testcase classname="backend.tests.test_prepagamento.TestPrepagamentoAdminEndpoints" name="test_admin_pedidos_user" time="0.040"><failure message="AssertionError: Expected 200, got 401: {&quot;detail&quot;:&quot;Invalid token&quot;}&#10;assert 401 == 200&#10; +  where 401 = &lt;Response [401]&gt;.status_code">backend/tests/test_prepagamento.py:157: in test_admin_pedidos_user
    assert response.status_code == 200, f"Expected 200, got {response.status_code}: {response.text}"
E   AssertionError: Expected 200, got 401: {"detail":"Invalid token"}
E   assert 401 == 200
E    +  where 401 = &lt;Response [401]&gt;.status_code</failure></testcase><testcase classname="backend.tests.test_prepagamento.TestPrepagamentoSolicitarAdicao" name="test_solicitar_adicao_validation_zero_values" time="0.303"><failure message="AssertionError: Expected 400, got 401: {&quot;detail&quot;:&quot;Invalid token&quot;}&#10;assert 401 == 400&#10; +  where 401 = &lt;Response [401]&gt;.status_code">backend/tests/test_prepagamento.py:187: in test_solicitar_adicao_validation_zero_values
    assert response.status_code == 400, f"Expected 400, got {response.status_code}: {response.text}"
E   AssertionError: Expected 400, got 401: {"detail":"Invalid token"}
E   assert 401 == 400
E    +  where 401 = &lt;Response [401]&gt;.status_code</failure></testcase><testcase classname="backend.tests.test_prepagamento.TestPrepagamentoSolicitarAdicao" name="test_solicitar_adicao_validation_negative_values" time="0.038"><failure message="AssertionError: Expected 400, got 401: {&quot;detail&quot;:&quot;Invalid token&quot;}&#10;assert 401 == 400&#10; +  where 401 = &lt;Response [401]&gt;.status_code">backend/tests/test_prepagamento.py:200: in test_solicitar_adicao_validation_negative_values
    assert response.status_code == 400, f"Expected 400, got {response.status_code}: {response.text}"
E   AssertionError: Expected 400, got 401: {"detail":"Invalid token"}
E   assert 401 == 400
E    +  where 401 = &lt;Response [401]&gt;.status_code</failure></testcase><testcase classname="backend.tests.test_prepagamento.TestPrepagamentoVerificarBloqueio" name="test_verificar_bloqueio" time="0.303"><failure message="AssertionError: Expected 200, got 401: {&quot;detail&quot;:&quot;Invalid token&quot;}&#10;assert 401 == 200&#10; +  where 401 = &lt;Response [401]&gt;.status_code">backend/tests/test_prepagamento.py:225: in test_verificar_bloqueio
    assert response.status_code == 200, f"Expected 200, got {response.status_code}: {response.text}"
E   AssertionError: Expected 200, got 401: {"detail":"Invalid token"}
E   assert 401 == 200
E    +  where 401 = &lt;Response [401]&gt;.status_code</failure></testcase><testcase classname="backend.tests.test_prepagamento.TestPrepagamentoFullFlow" name="test_flow_check_existing_pending_orders" time="0.562"><failure message="assert 401 == 200&#10; +  where 401 = &lt;Response [401]&gt;.status_code">backend/tests/test_prepagamento.py:268: in test_flow_check_existing_pending_orders
    assert response.status_code == 200
E   assert 401 == 200
E    +  where 401 = &lt;Response [401]&gt;.status_code</failure></testcase><testcase classname="backend.tests.test_prepagamento.TestPrepagamentoIniciarPagamento" name="test_iniciar_pagamento_requires_pedido" time="0.301"><failure message="AssertionError: Expected 404, got 401&#10;assert 401 == 404&#10; +  where 401 = &lt;Response [401]&gt;.status_code">backend/tests/test_prepagamento.py:334: in test_iniciar_pagamento_requires_pedido
    assert response.status_code == 404, f"Expected 404, got {response.status_code}"
E   AssertionError: Expected 404, got 401
E   assert 401 == 404
E    +  where 401 = &lt;Response [401]&gt;.status_code</failure></testcase><testcase classname="backend.tests.test_prepagamento.TestPrepagamentoCancelarPedido" name="test_cancelar_pedido_invalid_id" time="0.299"><failure message="AssertionError: Expected 404, got 401&#10;assert 401 == 404&#10; +  where 401 = &lt;Response [401]&gt;.status_code">backend/tests/test_prepagamento.py:360: in test_cancelar_pedido_invalid_id
    assert response.status_code == 404, f"Expected 404, got {response.status_code}"
E   AssertionError: Expected 404, got 401
E   assert 401 == 404
E    +  where 401 = &lt;Response [401]&gt;.status_code</failure></testcase><testcase classname="backend.tests.test_prepagamento.TestPrepagamentoWebhook" name="test_webhook_pagamento_confirmado" time="0.039" /><testcase classname="backend.tests.test_prepagamento.TestPrepagamentoWebhook" name="test_webhook_non_pago_status" time="0.039" /><testcase classname="backend.tests.test_prepagamento.TestPrepagamentoSubscricaoIntegration" name="test_subscricao_user_endpoint" time="0.302"><failure message="AssertionError: Expected 200, got 401: {&quot;detail&quot;:&quot;Invalid token&quot;}&#10;assert 401 == 200&#10; +  where 401 = &lt;Response [401]&gt;.status_code">backend/tests/test_prepagamento.py:425: in test_subscricao_user_endpoint
    assert response.status_code == 200, f"Expected 200, got {response.status_code}: {response.text}"
E   AssertionError: Expected 200, got 401: {"detail":"Invalid token"}
E   assert 401 == 200
E    +  where 401 = &lt;Response [401]&gt;.status_code</failure></testcase></testsuite></testsuites>