<?xml version="1.0" encoding="utf-8"?><testsuites name="pytest tests"><testsuite name="pytest" errors="0" failures="0" skipped="0" tests="13" time="4.044" timestamp="2026-02-12T12:29:17.735639+00:00" hostname="agent-env-b56e666e-124f-46b6-b051-b07550bf1a17"><testcase classname="backend.tests.test_p2_modules.TestP2Modules" name="test_gestao_documentos_exists_in_db" time="0.379" /><testcase classname="backend.tests.test_p2_modules.TestP2Modules" name="test_gestao_documentos_has_correct_pricing" time="0.301" /><testcase classname="backend.tests.test_p2_modules.TestP2Modules" name="test_gestao_documentos_has_funcionalidades" time="0.297" /><testcase classname="backend.tests.test_p2_modules.TestP2Modules" name="test_alertas_avancados_exists_in_db" time="0.299" /><testcase classname="backend.tests.test_p2_modules.TestP2Modules" name="test_alertas_avancados_has_correct_pricing" time="0.300" /><testcase classname="backend.tests.test_p2_modules.TestP2Modules" name="test_alertas_avancados_has_funcionalidades" time="0.294" /><testcase classname="backend.tests.test_p2_modules.TestP2Modules" name="test_comissoes_avancadas_exists_in_db" time="0.307" /><testcase classname="backend.tests.test_p2_modules.TestP2Modules" name="test_comissoes_avancadas_has_correct_pricing" time="0.301" /><testcase classname="backend.tests.test_p2_modules.TestP2Modules" name="test_comissoes_avancadas_has_funcionalidades" time="0.299" /><testcase classname="backend.tests.test_p2_modules.TestP2Modules" name="test_api_returns_all_three_p2_modules" time="0.296" /><testcase classname="backend.tests.test_p2_modules.TestP2Modules" name="test_statistics_endpoint_returns_modulos_count" time="0.297" /><testcase classname="backend.tests.test_p2_modules.TestP2Modules" name="test_statistics_endpoint_returns_planos_count" time="0.297" /><testcase classname="backend.tests.test_p2_modules.TestP2Modules" name="test_categorias_endpoint_works" time="0.299" /></testsuite></testsuites>