<?xml version="1.0" encoding="utf-8"?><testsuites name="pytest tests"><testsuite name="pytest" errors="0" failures="0" skipped="0" tests="13" time="3.980" timestamp="2026-02-02T12:29:26.966568+00:00" hostname="agent-env-16c64a74-c70b-427a-ba94-67162b4f7619"><testcase classname="backend.tests.test_viaverde_sincronizacao.TestViaVerdeSincronizacao" name="test_01_login_parceiro" time="0.282" /><testcase classname="backend.tests.test_viaverde_sincronizacao.TestViaVerdeSincronizacao" name="test_02_get_credenciais_plataforma" time="0.306" /><testcase classname="backend.tests.test_viaverde_sincronizacao.TestViaVerdeSincronizacao" name="test_03_get_logs_sincronizacao" time="0.269" /><testcase classname="backend.tests.test_viaverde_sincronizacao.TestViaVerdeSincronizacao" name="test_04_viaverde_executar_rpa_ultima_semana" time="0.270" /><testcase classname="backend.tests.test_viaverde_sincronizacao.TestViaVerdeSincronizacao" name="test_05_viaverde_executar_rpa_semana_especifica" time="0.289" /><testcase classname="backend.tests.test_viaverde_sincronizacao.TestViaVerdeSincronizacao" name="test_06_viaverde_executar_rpa_datas_personalizadas" time="0.330" /><testcase classname="backend.tests.test_viaverde_sincronizacao.TestViaVerdeSincronizacao" name="test_07_resumo_semanal_week5_2026" time="0.707" /><testcase classname="backend.tests.test_viaverde_sincronizacao.TestViaVerdeSincronizacao" name="test_08_resumo_semanal_current_week" time="0.574" /><testcase classname="backend.tests.test_viaverde_sincronizacao.TestViaVerdeSincronizacao" name="test_09_reports_parceiro_semanal" time="0.279" /><testcase classname="backend.tests.test_viaverde_sincronizacao.TestViaVerdeSincronizacao" name="test_10_viaverde_rpa_validation_errors" time="0.265" /><testcase classname="backend.tests.test_viaverde_sincronizacao.TestViaVerdeSincronizacao" name="test_11_viaverde_rpa_validation_datas" time="0.273" /><testcase classname="backend.tests.test_viaverde_sincronizacao.TestViaVerdeWithoutAuth" name="test_viaverde_rpa_requires_auth" time="0.035" /><testcase classname="backend.tests.test_viaverde_sincronizacao.TestViaVerdeWithoutAuth" name="test_resumo_semanal_requires_auth" time="0.035" /></testsuite></testsuites>