<?xml version="1.0" encoding="utf-8"?><testsuites name="pytest tests"><testsuite name="pytest" errors="0" failures="0" skipped="0" tests="17" time="2.162" timestamp="2026-01-13T01:30:40.338922+00:00" hostname="agent-env-8a39ed88-b097-4120-b839-71fd2b1989d7"><testcase classname="tests.test_fornecedores_whatsapp.TestAuth" name="test_admin_login" time="0.283" /><testcase classname="tests.test_fornecedores_whatsapp.TestAuth" name="test_parceiro_login" time="0.261" /><testcase classname="tests.test_fornecedores_whatsapp.TestFornecedoresListar" name="test_listar_fornecedores_admin" time="0.309" /><testcase classname="tests.test_fornecedores_whatsapp.TestFornecedoresListar" name="test_listar_fornecedores_parceiro" time="0.304" /><testcase classname="tests.test_fornecedores_whatsapp.TestFornecedoresListar" name="test_listar_fornecedores_no_auth" time="0.041" /><testcase classname="tests.test_fornecedores_whatsapp.TestFornecedoresCRUD" name="test_criar_fornecedor_admin" time="0.121" /><testcase classname="tests.test_fornecedores_whatsapp.TestFornecedoresCRUD" name="test_criar_fornecedor_parceiro_forbidden" time="0.043" /><testcase classname="tests.test_fornecedores_whatsapp.TestFornecedoresCRUD" name="test_atualizar_fornecedor_admin" time="0.080" /><testcase classname="tests.test_fornecedores_whatsapp.TestFornecedoresCRUD" name="test_eliminar_fornecedor_admin" time="0.077" /><testcase classname="tests.test_fornecedores_whatsapp.TestFornecedoresTipos" name="test_listar_tipos" time="0.078" /><testcase classname="tests.test_fornecedores_whatsapp.TestFornecedoresSeed" name="test_seed_fornecedores_admin" time="0.080" /><testcase classname="tests.test_fornecedores_whatsapp.TestWhatsAppConfig" name="test_get_whatsapp_config" time="0.038" /><testcase classname="tests.test_fornecedores_whatsapp.TestWhatsAppHistorico" name="test_get_whatsapp_historico" time="0.042" /><testcase classname="tests.test_fornecedores_whatsapp.TestWhatsAppEnvio" name="test_get_motoristas_with_phone" time="0.042" /><testcase classname="tests.test_fornecedores_whatsapp.TestWhatsAppEnvio" name="test_enviar_whatsapp_motoristas" time="0.216" /><testcase classname="tests.test_fornecedores_whatsapp.TestWhatsAppEnvio" name="test_enviar_whatsapp_no_motoristas" time="0.038" /><testcase classname="tests.test_fornecedores_whatsapp.TestCleanup" name="test_cleanup_test_fornecedores" time="0.037" /></testsuite></testsuites>