<?xml version="1.0" encoding="utf-8"?><testsuites name="pytest tests"><testsuite name="pytest" errors="0" failures="12" skipped="0" tests="12" time="2.619" timestamp="2026-02-20T01:30:29.625856+00:00" hostname="agent-env-731e4973-fad8-452a-8404-6e3a6033a65f"><testcase classname="backend.tests.test_gestao_planos_features.TestPermanentDeletion" name="test_delete_plano_permanente_endpoint_exists" time="0.665"><failure message="AssertionError: Failed to create test plano: {&quot;detail&quot;:&quot;Invalid token&quot;}&#10;assert 401 == 200&#10; +  where 401 = &lt;Response [401]&gt;.status_code">backend/tests/test_gestao_planos_features.py:62: in test_delete_plano_permanente_endpoint_exists
    assert create_response.status_code == 200, f"Failed to create test plano: {create_response.text}"
E   AssertionError: Failed to create test plano: {"detail":"Invalid token"}
E   assert 401 == 200
E    +  where 401 = &lt;Response [401]&gt;.status_code</failure></testcase><testcase classname="backend.tests.test_gestao_planos_features.TestPermanentDeletion" name="test_delete_modulo_permanente_endpoint_exists" time="0.362"><failure message="AssertionError: Failed to create test módulo: {&quot;detail&quot;:&quot;Invalid token&quot;}&#10;assert 401 == 200&#10; +  where 401 = &lt;Response [401]&gt;.status_code">backend/tests/test_gestao_planos_features.py:105: in test_delete_modulo_permanente_endpoint_exists
    assert create_response.status_code == 200, f"Failed to create test módulo: {create_response.text}"
E   AssertionError: Failed to create test módulo: {"detail":"Invalid token"}
E   assert 401 == 200
E    +  where 401 = &lt;Response [401]&gt;.status_code</failure></testcase><testcase classname="backend.tests.test_gestao_planos_features.TestPermanentDeletion" name="test_delete_categoria_permanente_endpoint_exists" time="0.173"><failure message="AssertionError: Failed to create test categoria: {&quot;detail&quot;:&quot;Invalid token&quot;}&#10;assert 401 == 200&#10; +  where 401 = &lt;Response [401]&gt;.status_code">backend/tests/test_gestao_planos_features.py:146: in test_delete_categoria_permanente_endpoint_exists
    assert create_response.status_code == 200, f"Failed to create test categoria: {create_response.text}"
E   AssertionError: Failed to create test categoria: {"detail":"Invalid token"}
E   assert 401 == 200
E    +  where 401 = &lt;Response [401]&gt;.status_code</failure></testcase><testcase classname="backend.tests.test_gestao_planos_features.TestPrecosEspeciais" name="test_list_precos_especiais_endpoint" time="0.131"><failure message="AssertionError: Failed to list preços especiais: {&quot;detail&quot;:&quot;Invalid token&quot;}&#10;assert 401 == 200&#10; +  where 401 = &lt;Response [401]&gt;.status_code">backend/tests/test_gestao_planos_features.py:174: in test_list_precos_especiais_endpoint
    assert response.status_code == 200, f"Failed to list preços especiais: {response.text}"
E   AssertionError: Failed to list preços especiais: {"detail":"Invalid token"}
E   assert 401 == 200
E    +  where 401 = &lt;Response [401]&gt;.status_code</failure></testcase><testcase classname="backend.tests.test_gestao_planos_features.TestPrecosEspeciais" name="test_delete_preco_especial_endpoint_exists" time="0.198"><failure message="assert 401 == 200&#10; +  where 401 = &lt;Response [401]&gt;.status_code">backend/tests/test_gestao_planos_features.py:186: in test_delete_preco_especial_endpoint_exists
    assert planos_response.status_code == 200
E   assert 401 == 200
E    +  where 401 = &lt;Response [401]&gt;.status_code</failure></testcase><testcase classname="backend.tests.test_gestao_planos_features.TestModuloDestaque" name="test_create_modulo_with_destaque" time="0.143"><failure message="AssertionError: Failed to create módulo: {&quot;detail&quot;:&quot;Invalid token&quot;}&#10;assert 401 == 200&#10; +  where 401 = &lt;Response [401]&gt;.status_code">backend/tests/test_gestao_planos_features.py:245: in test_create_modulo_with_destaque
    assert response.status_code == 200, f"Failed to create módulo: {response.text}"
E   AssertionError: Failed to create módulo: {"detail":"Invalid token"}
E   assert 401 == 200
E    +  where 401 = &lt;Response [401]&gt;.status_code</failure></testcase><testcase classname="backend.tests.test_gestao_planos_features.TestModuloDestaque" name="test_update_modulo_destaque" time="0.139"><failure message="assert 401 == 200&#10; +  where 401 = &lt;Response [401]&gt;.status_code">backend/tests/test_gestao_planos_features.py:272: in test_update_modulo_destaque
    assert create_response.status_code == 200
E   assert 401 == 200
E    +  where 401 = &lt;Response [401]&gt;.status_code</failure></testcase><testcase classname="backend.tests.test_gestao_planos_features.TestModuloDestaque" name="test_list_modulos_with_destaque_count" time="0.111"><failure message="assert 401 == 200&#10; +  where 401 = &lt;Response [401]&gt;.status_code">backend/tests/test_gestao_planos_features.py:293: in test_list_modulos_with_destaque_count
    assert response.status_code == 200
E   assert 401 == 200
E    +  where 401 = &lt;Response [401]&gt;.status_code</failure></testcase><testcase classname="backend.tests.test_gestao_planos_features.TestPlanoPrecos" name="test_plano_has_precos_plano_structure" time="0.142"><failure message="assert 401 == 200&#10; +  where 401 = &lt;Response [401]&gt;.status_code">backend/tests/test_gestao_planos_features.py:312: in test_plano_has_precos_plano_structure
    assert response.status_code == 200
E   assert 401 == 200
E    +  where 401 = &lt;Response [401]&gt;.status_code</failure></testcase><testcase classname="backend.tests.test_gestao_planos_features.TestDeactivationEndpoints" name="test_deactivate_plano" time="0.145"><failure message="assert 401 == 200&#10; +  where 401 = &lt;Response [401]&gt;.status_code">backend/tests/test_gestao_planos_features.py:357: in test_deactivate_plano
    assert create_response.status_code == 200
E   assert 401 == 200
E    +  where 401 = &lt;Response [401]&gt;.status_code</failure></testcase><testcase classname="backend.tests.test_gestao_planos_features.TestDeactivationEndpoints" name="test_deactivate_modulo" time="0.108"><failure message="assert 401 == 200&#10; +  where 401 = &lt;Response [401]&gt;.status_code">backend/tests/test_gestao_planos_features.py:396: in test_deactivate_modulo
    assert create_response.status_code == 200
E   assert 401 == 200
E    +  where 401 = &lt;Response [401]&gt;.status_code</failure></testcase><testcase classname="backend.tests.test_gestao_planos_features.TestDeactivationEndpoints" name="test_deactivate_categoria" time="0.133"><failure message="assert 401 == 200&#10; +  where 401 = &lt;Response [401]&gt;.status_code">backend/tests/test_gestao_planos_features.py:426: in test_deactivate_categoria
    assert create_response.status_code == 200
E   assert 401 == 200
E    +  where 401 = &lt;Response [401]&gt;.status_code</failure></testcase></testsuite></testsuites>