<?xml version="1.0" encoding="utf-8"?><testsuites name="pytest tests"><testsuite name="pytest" errors="0" failures="0" skipped="0" tests="13" time="12.730" timestamp="2026-02-19T17:49:49.840232+00:00" hostname="agent-env-80108777-3e0d-4abe-8449-7d975559c63d"><testcase classname="tests.test_user_management_iter53.TestAdminSetRole" name="test_set_role_same_role_returns_message" time="0.726" /><testcase classname="tests.test_user_management_iter53.TestAdminSetRole" name="test_set_role_change_role" time="1.293" /><testcase classname="tests.test_user_management_iter53.TestAdminSetRole" name="test_set_role_invalid_role" time="0.588" /><testcase classname="tests.test_user_management_iter53.TestAdminSetRole" name="test_set_role_user_not_found" time="0.552" /><testcase classname="tests.test_user_management_iter53.TestAtribuirParceiro" name="test_atribuir_parceiro_success" time="1.347" /><testcase classname="tests.test_user_management_iter53.TestAtribuirParceiro" name="test_atribuir_parceiro_missing_id" time="1.170" /><testcase classname="tests.test_user_management_iter53.TestAtribuirParceiro" name="test_atribuir_parceiro_invalid_parceiro" time="1.492" /><testcase classname="tests.test_user_management_iter53.TestAtribuirParceiro" name="test_atribuir_parceiro_motorista_not_found" time="1.154" /><testcase classname="tests.test_user_management_iter53.TestApproveUserCreatesMotoristDoc" name="test_approve_motorista_creates_document" time="1.323" /><testcase classname="tests.test_user_management_iter53.TestViewMotoristaDocuments" name="test_get_motorista_details" time="0.685" /><testcase classname="tests.test_user_management_iter53.TestNelsonFranciscoSpecific" name="test_nelson_exists_and_approved" time="0.517" /><testcase classname="tests.test_user_management_iter53.TestNelsonFranciscoSpecific" name="test_nelson_in_motoristas_collection" time="0.811" /><testcase classname="tests.test_user_management_iter53.TestNelsonFranciscoSpecific" name="test_nelson_partner_assignment" time="1.014" /></testsuite></testsuites>