<?xml version="1.0" encoding="utf-8"?><testsuites name="pytest tests"><testsuite name="pytest" errors="0" failures="0" skipped="0" tests="8" time="2.781" timestamp="2026-01-30T00:02:37.707978+00:00" hostname="agent-env-183940b8-0b53-44d0-9d65-6503a0e73ee0"><testcase classname="tests.test_resumo_semanal_bolt.TestResumoSemanalBoltFix" name="test_login_parceiro" time="0.279" /><testcase classname="tests.test_resumo_semanal_bolt.TestResumoSemanalBoltFix" name="test_resumo_semanal_endpoint_exists" time="0.036" /><testcase classname="tests.test_resumo_semanal_bolt.TestResumoSemanalBoltFix" name="test_resumo_semanal_week_51_2025" time="0.632" /><testcase classname="tests.test_resumo_semanal_bolt.TestResumoSemanalBoltFix" name="test_resumo_semanal_week_2_2026" time="0.567" /><testcase classname="tests.test_resumo_semanal_bolt.TestResumoSemanalBoltFix" name="test_resumo_semanal_week_1_2026" time="0.579" /><testcase classname="tests.test_resumo_semanal_bolt.TestResumoSemanalBoltFix" name="test_bolt_query_supports_both_formats" time="0.001" /><testcase classname="tests.test_resumo_semanal_bolt.TestSincronizacaoMotoristasLogic" name="test_sincronizacao_code_review" time="0.001" /><testcase classname="tests.test_resumo_semanal_bolt.TestAdminResumoSemanal" name="test_admin_resumo_semanal" time="0.637" /></testsuite></testsuites>