<?xml version="1.0" encoding="utf-8"?><testsuites name="pytest tests"><testsuite name="pytest" errors="0" failures="0" skipped="0" tests="9" time="3.310" timestamp="2026-01-12T00:18:46.034973+00:00" hostname="agent-env-163172b2-28c9-4eb9-bbf0-9a27388260c9"><testcase classname="tests.test_resumo_semanal_bugs.TestResumoSemanalAPI" name="test_get_resumo_semanal" time="0.539" /><testcase classname="tests.test_resumo_semanal_bugs.TestResumoSemanalAPI" name="test_motorista_has_aluguer" time="0.246" /><testcase classname="tests.test_resumo_semanal_bugs.TestPutEndpointUberPortagens" name="test_put_saves_uber_portagens" time="0.582" /><testcase classname="tests.test_resumo_semanal_bugs.TestPutEndpointUberPortagens" name="test_put_saves_extras_and_affects_liquido" time="0.544" /><testcase classname="tests.test_resumo_semanal_bugs.TestPDFGeneration" name="test_pdf_endpoint_returns_pdf" time="0.064" /><testcase classname="tests.test_resumo_semanal_bugs.TestPDFGeneration" name="test_pdf_uses_manual_adjustments" time="0.102" /><testcase classname="tests.test_resumo_semanal_bugs.TestManualAdjustmentsPersistence" name="test_manual_adjustments_persist_after_reload" time="0.790" /><testcase classname="tests.test_resumo_semanal_bugs.TestLiquidoCalculation" name="test_liquido_formula" time="0.273" /><testcase classname="tests.test_resumo_semanal_bugs.TestCleanup" name="test_cleanup_manual_adjustments" time="0.057" /></testsuite></testsuites>