<?xml version="1.0" encoding="utf-8"?><testsuites name="pytest tests"><testsuite name="pytest" errors="0" failures="1" skipped="0" tests="9" time="3.391" timestamp="2026-02-21T01:39:28.131096+00:00" hostname="agent-env-79402229-665d-4d2c-ad75-765092f2b56d"><testcase classname="backend.tests.test_comissoes_dashboard.TestComissoesDashboard" name="test_dashboard_resumo_semanal_parceiro" time="0.663" /><testcase classname="backend.tests.test_comissoes_dashboard.TestComissoesDashboard" name="test_dashboard_resumo_mensal_parceiro" time="0.115" /><testcase classname="backend.tests.test_comissoes_dashboard.TestComissoesDashboard" name="test_dashboard_por_motorista_parceiro" time="0.186" /><testcase classname="backend.tests.test_comissoes_dashboard.TestComissoesDashboard" name="test_dashboard_resumo_admin" time="0.454" /><testcase classname="backend.tests.test_comissoes_dashboard.TestComissoesDashboard" name="test_dashboard_resumo_unauthorized" time="0.166" /><testcase classname="backend.tests.test_comissoes_dashboard.TestConfigComissoesParceiro" name="test_get_config_parceiro" time="0.538" /><testcase classname="backend.tests.test_comissoes_dashboard.TestConfigComissoesParceiro" name="test_update_config_parceiro" time="0.167" /><testcase classname="backend.tests.test_comissoes_dashboard.TestConfiguracaoRelatoriosNIF" name="test_get_relatorio_config" time="0.624" /><testcase classname="backend.tests.test_comissoes_dashboard.TestConfiguracaoRelatoriosNIF" name="test_update_relatorio_config_with_nif" time="0.379"><failure message="AssertionError: NIF setting should be True after update&#10;assert None == True&#10; +  where None = &lt;built-in method get of dict object at 0xfd4485b84800&gt;('incluir_nif_parceiro')&#10; +    where &lt;built-in method get of dict object at 0xfd4485b84800&gt; = {'created_at': '2025-12-12T10:46:25.065000', 'formato_numero_relatorio': 'xxxxx/ano', 'id': 'cc34719e-7445-4f40-b34f-21c5285728ed', 'incluir_caucao': True, ...}.get">backend/tests/test_comissoes_dashboard.py:271: in test_update_relatorio_config_with_nif
    assert verify_data.get("incluir_nif_parceiro") == True, "NIF setting should be True after update"
E   AssertionError: NIF setting should be True after update
E   assert None == True
E    +  where None = &lt;built-in method get of dict object at 0xfd4485b84800&gt;('incluir_nif_parceiro')
E    +    where &lt;built-in method get of dict object at 0xfd4485b84800&gt; = {'created_at': '2025-12-12T10:46:25.065000', 'formato_numero_relatorio': 'xxxxx/ano', 'id': 'cc34719e-7445-4f40-b34f-21c5285728ed', 'incluir_caucao': True, ...}.get</failure></testcase></testsuite></testsuites>