<?xml version="1.0" encoding="utf-8"?><testsuites name="pytest tests"><testsuite name="pytest" errors="0" failures="2" skipped="0" tests="29" time="3.857" timestamp="2026-01-10T01:16:48.154495+00:00" hostname="agent-env-f30773c3-7e5a-412e-bf13-6005ef12565c"><testcase classname="tests.test_extras_motorista.TestExtrasMotoristaAuth" name="test_get_extras_requires_auth" time="0.360" /><testcase classname="tests.test_extras_motorista.TestExtrasMotoristaAuth" name="test_post_extras_requires_auth" time="0.041" /><testcase classname="tests.test_extras_motorista.TestExtrasMotoristaList" name="test_list_extras_returns_200" time="0.038" /><testcase classname="tests.test_extras_motorista.TestExtrasMotoristaList" name="test_list_extras_returns_array" time="0.042" /><testcase classname="tests.test_extras_motorista.TestExtrasMotoristaList" name="test_list_extras_with_motorista_filter" time="0.045" /><testcase classname="tests.test_extras_motorista.TestExtrasMotoristaList" name="test_list_extras_with_tipo_filter" time="0.035" /><testcase classname="tests.test_extras_motorista.TestExtrasMotoristaList" name="test_list_extras_with_semana_ano_filter" time="0.042" /><testcase classname="tests.test_extras_motorista.TestExtrasMotoristaList" name="test_list_extras_with_pago_filter" time="0.040" /><testcase classname="tests.test_extras_motorista.TestExtrasMotoristaCreate" name="test_create_extra_divida" time="0.098" /><testcase classname="tests.test_extras_motorista.TestExtrasMotoristaCreate" name="test_create_extra_caucao_parcelada" time="0.046" /><testcase classname="tests.test_extras_motorista.TestExtrasMotoristaCreate" name="test_create_extra_dano" time="0.050" /><testcase classname="tests.test_extras_motorista.TestExtrasMotoristaCreate" name="test_create_extra_requires_motorista_id" time="0.038"><failure message="assert 520 in [400, 422, 500]&#10; +  where 520 = &lt;Response [520]&gt;.status_code">tests/test_extras_motorista.py:237: in test_create_extra_requires_motorista_id
    assert response.status_code in [400, 422, 500]
E   assert 520 in [400, 422, 500]
E    +  where 520 = &lt;Response [520]&gt;.status_code</failure></testcase><testcase classname="tests.test_extras_motorista.TestExtrasMotoristaCreate" name="test_create_extra_invalid_motorista_returns_404" time="0.036" /><testcase classname="tests.test_extras_motorista.TestExtrasMotoristaUpdate" name="test_update_extra_valor" time="0.111" /><testcase classname="tests.test_extras_motorista.TestExtrasMotoristaUpdate" name="test_update_extra_mark_as_paid" time="0.153" /><testcase classname="tests.test_extras_motorista.TestExtrasMotoristaUpdate" name="test_update_nonexistent_extra_returns_404" time="0.042" /><testcase classname="tests.test_extras_motorista.TestExtrasMotoristaDelete" name="test_delete_extra" time="0.066" /><testcase classname="tests.test_extras_motorista.TestExtrasMotoristaDelete" name="test_delete_nonexistent_extra_returns_404" time="0.084" /><testcase classname="tests.test_extras_motorista.TestResumoSemanalWithExtras" name="test_resumo_semanal_includes_extras_field" time="0.306" /><testcase classname="tests.test_extras_motorista.TestResumoSemanalWithExtras" name="test_resumo_semanal_totais_includes_total_extras" time="0.297" /><testcase classname="tests.test_extras_motorista.TestResumoSemanalWithExtras" name="test_resumo_semanal_motorista_teste_has_extras" time="0.299" /><testcase classname="tests.test_extras_motorista.TestResumoSemanalWithExtras" name="test_resumo_semanal_total_extras_matches_sum" time="0.296" /><testcase classname="tests.test_extras_motorista.TestResumoSemanalWithExtras" name="test_resumo_semanal_receitas_parceiro_formula" time="0.304" /><testcase classname="tests.test_extras_motorista.TestResumoSemanalWithExtras" name="test_resumo_semanal_week_2_2026_has_caucao_parcelada" time="0.269"><failure message="AssertionError: Expected extras=50.0 (caução parcelada), got 200.0&#10;assert 200.0 == 50.0&#10; +  where 200.0 = &lt;built-in method get of dict object at 0xfd140814af40&gt;('extras')&#10; +    where &lt;built-in method get of dict object at 0xfd140814af40&gt; = {'aluguer_veiculo': 0, 'carregamento_eletrico': 0.0, 'cartao_combustivel': None, 'cartao_eletrico': None, ...}.get">tests/test_extras_motorista.py:481: in test_resumo_semanal_week_2_2026_has_caucao_parcelada
    assert test_motorista.get("extras") == 50.0, \
E   AssertionError: Expected extras=50.0 (caução parcelada), got 200.0
E   assert 200.0 == 50.0
E    +  where 200.0 = &lt;built-in method get of dict object at 0xfd140814af40&gt;('extras')
E    +    where &lt;built-in method get of dict object at 0xfd140814af40&gt; = {'aluguer_veiculo': 0, 'carregamento_eletrico': 0.0, 'cartao_combustivel': None, 'cartao_eletrico': None, ...}.get</failure></testcase><testcase classname="tests.test_extras_motorista.TestParceiroAccess" name="test_parceiro_can_list_extras" time="0.293" /><testcase classname="tests.test_extras_motorista.TestParceiroAccess" name="test_parceiro_can_create_extra" time="0.049" /><testcase classname="tests.test_extras_motorista.TestParceiroAccess" name="test_parceiro_can_access_resumo_semanal" time="0.060" /><testcase classname="tests.test_extras_motorista.TestExtraDataStructure" name="test_extra_has_required_fields" time="0.040" /><testcase classname="tests.test_extras_motorista.TestExtraDataStructure" name="test_extra_tipos_are_valid" time="0.078" /></testsuite></testsuites>