<?xml version="1.0" encoding="utf-8"?><testsuites name="pytest tests"><testsuite name="pytest" errors="0" failures="0" skipped="0" tests="26" time="4.475" timestamp="2026-01-23T01:21:02.767825+00:00" hostname="agent-env-03427b4b-a00c-49ee-be35-9d2cb43ae576"><testcase classname="tests.test_rpa_simplificado.TestRPAFornecedores" name="test_listar_fornecedores_sem_auth" time="0.080" /><testcase classname="tests.test_rpa_simplificado.TestRPAFornecedores" name="test_fornecedor_combustivel_prio_details" time="0.045" /><testcase classname="tests.test_rpa_simplificado.TestRPAFornecedores" name="test_fornecedor_eletrico_prio_details" time="0.042" /><testcase classname="tests.test_rpa_simplificado.TestRPAFornecedores" name="test_fornecedor_gps_verizon_details" time="0.039" /><testcase classname="tests.test_rpa_simplificado.TestRPAFornecedores" name="test_fornecedor_gps_cartrack_details" time="0.044" /><testcase classname="tests.test_rpa_simplificado.TestRPAFornecedores" name="test_fornecedor_outro_details" time="0.044" /><testcase classname="tests.test_rpa_simplificado.TestRPAImportacoes" name="test_listar_importacoes_sem_auth" time="0.042" /><testcase classname="tests.test_rpa_simplificado.TestRPAImportacoes" name="test_listar_importacoes_com_auth" time="0.308" /><testcase classname="tests.test_rpa_simplificado.TestRPAEstatisticas" name="test_estatisticas_sem_auth" time="0.038" /><testcase classname="tests.test_rpa_simplificado.TestRPAEstatisticas" name="test_estatisticas_com_auth" time="0.305" /><testcase classname="tests.test_rpa_simplificado.TestRPAUpload" name="test_upload_sem_auth" time="0.039" /><testcase classname="tests.test_rpa_simplificado.TestRPAUpload" name="test_upload_fornecedor_invalido" time="0.310" /><testcase classname="tests.test_rpa_simplificado.TestRPAUpload" name="test_upload_combustivel_prio_csv" time="0.350" /><testcase classname="tests.test_rpa_simplificado.TestRPAUpload" name="test_upload_eletrico_prio_csv" time="0.318" /><testcase classname="tests.test_rpa_simplificado.TestRPAUpload" name="test_upload_gps_verizon_csv" time="0.317" /><testcase classname="tests.test_rpa_simplificado.TestRPAUpload" name="test_upload_gps_cartrack_csv" time="0.306" /><testcase classname="tests.test_rpa_simplificado.TestRPAUpload" name="test_upload_outro_csv" time="0.323" /><testcase classname="tests.test_rpa_simplificado.TestRPAExportar" name="test_exportar_relatorios_semanais_sem_auth" time="0.046" /><testcase classname="tests.test_rpa_simplificado.TestRPAExportar" name="test_exportar_relatorios_semanais" time="0.305" /><testcase classname="tests.test_rpa_simplificado.TestRPAExportar" name="test_exportar_recibos_sem_auth" time="0.040" /><testcase classname="tests.test_rpa_simplificado.TestRPAExportar" name="test_exportar_recibos" time="0.313" /><testcase classname="tests.test_rpa_simplificado.TestRPAExportar" name="test_exportar_despesas_sem_auth" time="0.039" /><testcase classname="tests.test_rpa_simplificado.TestRPAExportar" name="test_exportar_despesas" time="0.309" /><testcase classname="tests.test_rpa_simplificado.TestRPAExportar" name="test_exportar_despesas_com_filtros" time="0.300" /><testcase classname="tests.test_rpa_simplificado.TestRPAFornecedorById" name="test_get_fornecedor_combustivel_prio" time="0.037" /><testcase classname="tests.test_rpa_simplificado.TestRPAFornecedorById" name="test_get_fornecedor_invalido" time="0.042" /></testsuite></testsuites>