<?xml version="1.0" encoding="utf-8"?><testsuites name="pytest tests"><testsuite name="pytest" errors="0" failures="5" skipped="0" tests="26" time="4.601" timestamp="2026-01-23T01:19:26.655699+00:00" hostname="agent-env-03427b4b-a00c-49ee-be35-9d2cb43ae576"><testcase classname="tests.test_rpa_simplificado.TestRPAFornecedores" name="test_listar_fornecedores_sem_auth" time="0.056" /><testcase classname="tests.test_rpa_simplificado.TestRPAFornecedores" name="test_fornecedor_combustivel_prio_details" time="0.040" /><testcase classname="tests.test_rpa_simplificado.TestRPAFornecedores" name="test_fornecedor_eletrico_prio_details" time="0.046" /><testcase classname="tests.test_rpa_simplificado.TestRPAFornecedores" name="test_fornecedor_gps_verizon_details" time="0.042" /><testcase classname="tests.test_rpa_simplificado.TestRPAFornecedores" name="test_fornecedor_gps_cartrack_details" time="0.043" /><testcase classname="tests.test_rpa_simplificado.TestRPAFornecedores" name="test_fornecedor_outro_details" time="0.039" /><testcase classname="tests.test_rpa_simplificado.TestRPAImportacoes" name="test_listar_importacoes_sem_auth" time="0.040" /><testcase classname="tests.test_rpa_simplificado.TestRPAImportacoes" name="test_listar_importacoes_com_auth" time="0.323" /><testcase classname="tests.test_rpa_simplificado.TestRPAEstatisticas" name="test_estatisticas_sem_auth" time="0.040" /><testcase classname="tests.test_rpa_simplificado.TestRPAEstatisticas" name="test_estatisticas_com_auth" time="0.322" /><testcase classname="tests.test_rpa_simplificado.TestRPAUpload" name="test_upload_sem_auth" time="0.082" /><testcase classname="tests.test_rpa_simplificado.TestRPAUpload" name="test_upload_fornecedor_invalido" time="0.356" /><testcase classname="tests.test_rpa_simplificado.TestRPAUpload" name="test_upload_combustivel_prio_csv" time="0.343"><failure message="AssertionError: Expected 200, got 400: {&quot;detail&quot;:&quot;parceiro_id é obrigatório&quot;}&#10;assert 400 == 200&#10; +  where 400 = &lt;Response [400]&gt;.status_code">tests/test_rpa_simplificado.py:252: in test_upload_combustivel_prio_csv
    assert response.status_code == 200, f"Expected 200, got {response.status_code}: {response.text}"
E   AssertionError: Expected 200, got 400: {"detail":"parceiro_id é obrigatório"}
E   assert 400 == 200
E    +  where 400 = &lt;Response [400]&gt;.status_code</failure></testcase><testcase classname="tests.test_rpa_simplificado.TestRPAUpload" name="test_upload_eletrico_prio_csv" time="0.305"><failure message="AssertionError: Expected 200, got 400: {&quot;detail&quot;:&quot;parceiro_id é obrigatório&quot;}&#10;assert 400 == 200&#10; +  where 400 = &lt;Response [400]&gt;.status_code">tests/test_rpa_simplificado.py:278: in test_upload_eletrico_prio_csv
    assert response.status_code == 200, f"Expected 200, got {response.status_code}: {response.text}"
E   AssertionError: Expected 200, got 400: {"detail":"parceiro_id é obrigatório"}
E   assert 400 == 200
E    +  where 400 = &lt;Response [400]&gt;.status_code</failure></testcase><testcase classname="tests.test_rpa_simplificado.TestRPAUpload" name="test_upload_gps_verizon_csv" time="0.302"><failure message="AssertionError: Expected 200, got 400: {&quot;detail&quot;:&quot;parceiro_id é obrigatório&quot;}&#10;assert 400 == 200&#10; +  where 400 = &lt;Response [400]&gt;.status_code">tests/test_rpa_simplificado.py:301: in test_upload_gps_verizon_csv
    assert response.status_code == 200, f"Expected 200, got {response.status_code}: {response.text}"
E   AssertionError: Expected 200, got 400: {"detail":"parceiro_id é obrigatório"}
E   assert 400 == 200
E    +  where 400 = &lt;Response [400]&gt;.status_code</failure></testcase><testcase classname="tests.test_rpa_simplificado.TestRPAUpload" name="test_upload_gps_cartrack_csv" time="0.327"><failure message="AssertionError: Expected 200, got 400: {&quot;detail&quot;:&quot;parceiro_id é obrigatório&quot;}&#10;assert 400 == 200&#10; +  where 400 = &lt;Response [400]&gt;.status_code">tests/test_rpa_simplificado.py:324: in test_upload_gps_cartrack_csv
    assert response.status_code == 200, f"Expected 200, got {response.status_code}: {response.text}"
E   AssertionError: Expected 200, got 400: {"detail":"parceiro_id é obrigatório"}
E   assert 400 == 200
E    +  where 400 = &lt;Response [400]&gt;.status_code</failure></testcase><testcase classname="tests.test_rpa_simplificado.TestRPAUpload" name="test_upload_outro_csv" time="0.298"><failure message="AssertionError: Expected 200, got 400: {&quot;detail&quot;:&quot;parceiro_id é obrigatório&quot;}&#10;assert 400 == 200&#10; +  where 400 = &lt;Response [400]&gt;.status_code">tests/test_rpa_simplificado.py:347: in test_upload_outro_csv
    assert response.status_code == 200, f"Expected 200, got {response.status_code}: {response.text}"
E   AssertionError: Expected 200, got 400: {"detail":"parceiro_id é obrigatório"}
E   assert 400 == 200
E    +  where 400 = &lt;Response [400]&gt;.status_code</failure></testcase><testcase classname="tests.test_rpa_simplificado.TestRPAExportar" name="test_exportar_relatorios_semanais_sem_auth" time="0.039" /><testcase classname="tests.test_rpa_simplificado.TestRPAExportar" name="test_exportar_relatorios_semanais" time="0.310" /><testcase classname="tests.test_rpa_simplificado.TestRPAExportar" name="test_exportar_recibos_sem_auth" time="0.044" /><testcase classname="tests.test_rpa_simplificado.TestRPAExportar" name="test_exportar_recibos" time="0.303" /><testcase classname="tests.test_rpa_simplificado.TestRPAExportar" name="test_exportar_despesas_sem_auth" time="0.038" /><testcase classname="tests.test_rpa_simplificado.TestRPAExportar" name="test_exportar_despesas" time="0.305" /><testcase classname="tests.test_rpa_simplificado.TestRPAExportar" name="test_exportar_despesas_com_filtros" time="0.300" /><testcase classname="tests.test_rpa_simplificado.TestRPAFornecedorById" name="test_get_fornecedor_combustivel_prio" time="0.042" /><testcase classname="tests.test_rpa_simplificado.TestRPAFornecedorById" name="test_get_fornecedor_invalido" time="0.083" /></testsuite></testsuites>