<?xml version="1.0" encoding="utf-8"?><testsuites name="pytest tests"><testsuite name="pytest" errors="0" failures="0" skipped="0" tests="10" time="4.525" timestamp="2026-02-21T23:44:35.666266+00:00" hostname="agent-env-859c85ab-77b5-46a4-a9b0-ed9ac44efe6a"><testcase classname="backend.tests.test_rpa_designer_tipo_design.TestRPADesignerTipoDesign" name="test_get_designs_returns_tipo_design_field" time="0.437" /><testcase classname="backend.tests.test_rpa_designer_tipo_design.TestRPADesignerTipoDesign" name="test_get_designs_filter_by_tipo_login" time="0.397" /><testcase classname="backend.tests.test_rpa_designer_tipo_design.TestRPADesignerTipoDesign" name="test_get_designs_filter_by_tipo_extracao" time="0.396" /><testcase classname="backend.tests.test_rpa_designer_tipo_design.TestRPADesignerTipoDesign" name="test_get_designs_filter_by_plataforma_and_tipo" time="0.386" /><testcase classname="backend.tests.test_rpa_designer_tipo_design.TestRPADesignerTipoDesign" name="test_iniciar_sessao_accepts_tipo_design_login" time="0.499" /><testcase classname="backend.tests.test_rpa_designer_tipo_design.TestRPADesignerTipoDesign" name="test_iniciar_sessao_accepts_tipo_design_extracao" time="0.489" /><testcase classname="backend.tests.test_rpa_designer_tipo_design.TestRPADesignerTipoDesign" name="test_iniciar_sessao_default_tipo_design_is_extracao" time="0.437" /><testcase classname="backend.tests.test_rpa_designer_tipo_design.TestRPADesignerTipoDesign" name="test_designs_sincronizacao_endpoint" time="0.421" /><testcase classname="backend.tests.test_rpa_designer_tipo_design.TestRPADesignerTipoDesign" name="test_designs_sincronizacao_multiple_weeks" time="0.593" /><testcase classname="backend.tests.test_rpa_designer_tipo_design.TestRPADesignerTipoDesign" name="test_existing_uber_designs_have_tipo_design" time="0.413" /></testsuite></testsuites>