<?xml version="1.0" encoding="utf-8"?><testsuites name="pytest tests"><testsuite name="pytest" errors="0" failures="26" skipped="0" tests="27" time="1.168" timestamp="2026-01-29T21:31:04.687482+00:00" hostname="agent-env-853ff0e0-a1d1-4817-9d03-d72e8782a7bd"><testcase classname="backend.tests.test_exportacao.TestExportacaoCampos" name="test_campos_returns_motoristas_and_veiculos" time="0.311"><failure message="assert 401 == 200&#10; +  where 401 = &lt;Response [401]&gt;.status_code">backend/tests/test_exportacao.py:74: in test_campos_returns_motoristas_and_veiculos
    assert response.status_code == 200
E   assert 401 == 200
E    +  where 401 = &lt;Response [401]&gt;.status_code</failure></testcase><testcase classname="backend.tests.test_exportacao.TestExportacaoCampos" name="test_campos_motoristas_structure" time="0.014"><failure message="assert 401 == 200&#10; +  where 401 = &lt;Response [401]&gt;.status_code">backend/tests/test_exportacao.py:87: in test_campos_motoristas_structure
    assert response.status_code == 200
E   assert 401 == 200
E    +  where 401 = &lt;Response [401]&gt;.status_code</failure></testcase><testcase classname="backend.tests.test_exportacao.TestExportacaoCampos" name="test_campos_veiculos_structure" time="0.011"><failure message="assert 401 == 200&#10; +  where 401 = &lt;Response [401]&gt;.status_code">backend/tests/test_exportacao.py:103: in test_campos_veiculos_structure
    assert response.status_code == 200
E   assert 401 == 200
E    +  where 401 = &lt;Response [401]&gt;.status_code</failure></testcase><testcase classname="backend.tests.test_exportacao.TestExportacaoCampos" name="test_campos_has_expected_motorista_fields" time="0.012"><failure message="assert 401 == 200&#10; +  where 401 = &lt;Response [401]&gt;.status_code">backend/tests/test_exportacao.py:119: in test_campos_has_expected_motorista_fields
    assert response.status_code == 200
E   assert 401 == 200
E    +  where 401 = &lt;Response [401]&gt;.status_code</failure></testcase><testcase classname="backend.tests.test_exportacao.TestExportacaoCampos" name="test_campos_has_expected_veiculo_fields" time="0.010"><failure message="assert 401 == 200&#10; +  where 401 = &lt;Response [401]&gt;.status_code">backend/tests/test_exportacao.py:133: in test_campos_has_expected_veiculo_fields
    assert response.status_code == 200
E   assert 401 == 200
E    +  where 401 = &lt;Response [401]&gt;.status_code</failure></testcase><testcase classname="backend.tests.test_exportacao.TestExportacaoCampos" name="test_campos_unauthorized_without_token" time="0.050" /><testcase classname="backend.tests.test_exportacao.TestExportacaoMotoristas" name="test_exportar_motoristas_default_fields" time="0.008"><failure message="assert 401 == 200&#10; +  where 401 = &lt;Response [401]&gt;.status_code">backend/tests/test_exportacao.py:159: in test_exportar_motoristas_default_fields
    assert response.status_code == 200
E   assert 401 == 200
E    +  where 401 = &lt;Response [401]&gt;.status_code</failure></testcase><testcase classname="backend.tests.test_exportacao.TestExportacaoMotoristas" name="test_exportar_motoristas_with_selected_fields" time="0.008"><failure message="assert 401 == 200&#10; +  where 401 = &lt;Response [401]&gt;.status_code">backend/tests/test_exportacao.py:174: in test_exportar_motoristas_with_selected_fields
    assert response.status_code == 200
E   assert 401 == 200
E    +  where 401 = &lt;Response [401]&gt;.status_code</failure></testcase><testcase classname="backend.tests.test_exportacao.TestExportacaoMotoristas" name="test_exportar_motoristas_semicolon_delimiter" time="0.050"><failure message="assert 401 == 200&#10; +  where 401 = &lt;Response [401]&gt;.status_code">backend/tests/test_exportacao.py:186: in test_exportar_motoristas_semicolon_delimiter
    assert response.status_code == 200
E   assert 401 == 200
E    +  where 401 = &lt;Response [401]&gt;.status_code</failure></testcase><testcase classname="backend.tests.test_exportacao.TestExportacaoMotoristas" name="test_exportar_motoristas_comma_delimiter" time="0.008"><failure message="assert 401 == 200&#10; +  where 401 = &lt;Response [401]&gt;.status_code">backend/tests/test_exportacao.py:197: in test_exportar_motoristas_comma_delimiter
    assert response.status_code == 200
E   assert 401 == 200
E    +  where 401 = &lt;Response [401]&gt;.status_code</failure></testcase><testcase classname="backend.tests.test_exportacao.TestExportacaoMotoristas" name="test_exportar_motoristas_content_disposition" time="0.008"><failure message="assert 401 == 200&#10; +  where 401 = &lt;Response [401]&gt;.status_code">backend/tests/test_exportacao.py:208: in test_exportar_motoristas_content_disposition
    assert response.status_code == 200
E   assert 401 == 200
E    +  where 401 = &lt;Response [401]&gt;.status_code</failure></testcase><testcase classname="backend.tests.test_exportacao.TestExportacaoMotoristas" name="test_exportar_motoristas_invalid_fields" time="0.009"><failure message="assert 401 == 400&#10; +  where 401 = &lt;Response [401]&gt;.status_code">backend/tests/test_exportacao.py:220: in test_exportar_motoristas_invalid_fields
    assert response.status_code == 400
E   assert 401 == 400
E    +  where 401 = &lt;Response [401]&gt;.status_code</failure></testcase><testcase classname="backend.tests.test_exportacao.TestExportacaoVeiculos" name="test_exportar_veiculos_default_fields" time="0.009"><failure message="assert 401 == 200&#10; +  where 401 = &lt;Response [401]&gt;.status_code">backend/tests/test_exportacao.py:230: in test_exportar_veiculos_default_fields
    assert response.status_code == 200
E   assert 401 == 200
E    +  where 401 = &lt;Response [401]&gt;.status_code</failure></testcase><testcase classname="backend.tests.test_exportacao.TestExportacaoVeiculos" name="test_exportar_veiculos_with_selected_fields" time="0.007"><failure message="assert 401 == 200&#10; +  where 401 = &lt;Response [401]&gt;.status_code">backend/tests/test_exportacao.py:241: in test_exportar_veiculos_with_selected_fields
    assert response.status_code == 200
E   assert 401 == 200
E    +  where 401 = &lt;Response [401]&gt;.status_code</failure></testcase><testcase classname="backend.tests.test_exportacao.TestExportacaoVeiculos" name="test_exportar_veiculos_semicolon_delimiter" time="0.007"><failure message="assert 401 == 200&#10; +  where 401 = &lt;Response [401]&gt;.status_code">backend/tests/test_exportacao.py:252: in test_exportar_veiculos_semicolon_delimiter
    assert response.status_code == 200
E   assert 401 == 200
E    +  where 401 = &lt;Response [401]&gt;.status_code</failure></testcase><testcase classname="backend.tests.test_exportacao.TestExportacaoVeiculos" name="test_exportar_veiculos_comma_delimiter" time="0.049"><failure message="assert 401 == 200&#10; +  where 401 = &lt;Response [401]&gt;.status_code">backend/tests/test_exportacao.py:261: in test_exportar_veiculos_comma_delimiter
    assert response.status_code == 200
E   assert 401 == 200
E    +  where 401 = &lt;Response [401]&gt;.status_code</failure></testcase><testcase classname="backend.tests.test_exportacao.TestExportacaoVeiculos" name="test_exportar_veiculos_content_disposition" time="0.008"><failure message="assert 401 == 200&#10; +  where 401 = &lt;Response [401]&gt;.status_code">backend/tests/test_exportacao.py:270: in test_exportar_veiculos_content_disposition
    assert response.status_code == 200
E   assert 401 == 200
E    +  where 401 = &lt;Response [401]&gt;.status_code</failure></testcase><testcase classname="backend.tests.test_exportacao.TestExportacaoVeiculos" name="test_exportar_veiculos_invalid_fields" time="0.007"><failure message="assert 401 == 400&#10; +  where 401 = &lt;Response [401]&gt;.status_code">backend/tests/test_exportacao.py:281: in test_exportar_veiculos_invalid_fields
    assert response.status_code == 400
E   assert 401 == 400
E    +  where 401 = &lt;Response [401]&gt;.status_code</failure></testcase><testcase classname="backend.tests.test_exportacao.TestExportacaoCompleta" name="test_exportar_completa_returns_zip" time="0.007"><failure message="assert 401 == 200&#10; +  where 401 = &lt;Response [401]&gt;.status_code">backend/tests/test_exportacao.py:291: in test_exportar_completa_returns_zip
    assert response.status_code == 200
E   assert 401 == 200
E    +  where 401 = &lt;Response [401]&gt;.status_code</failure></testcase><testcase classname="backend.tests.test_exportacao.TestExportacaoCompleta" name="test_exportar_completa_content_disposition" time="0.008"><failure message="assert 401 == 200&#10; +  where 401 = &lt;Response [401]&gt;.status_code">backend/tests/test_exportacao.py:298: in test_exportar_completa_content_disposition
    assert response.status_code == 200
E   assert 401 == 200
E    +  where 401 = &lt;Response [401]&gt;.status_code</failure></testcase><testcase classname="backend.tests.test_exportacao.TestExportacaoCompleta" name="test_exportar_completa_zip_contains_csvs" time="0.007"><failure message="assert 401 == 200&#10; +  where 401 = &lt;Response [401]&gt;.status_code">backend/tests/test_exportacao.py:308: in test_exportar_completa_zip_contains_csvs
    assert response.status_code == 200
E   assert 401 == 200
E    +  where 401 = &lt;Response [401]&gt;.status_code</failure></testcase><testcase classname="backend.tests.test_exportacao.TestExportacaoCompleta" name="test_exportar_completa_with_selected_fields" time="0.009"><failure message="assert 401 == 200&#10; +  where 401 = &lt;Response [401]&gt;.status_code">backend/tests/test_exportacao.py:331: in test_exportar_completa_with_selected_fields
    assert response.status_code == 200
E   assert 401 == 200
E    +  where 401 = &lt;Response [401]&gt;.status_code</failure></testcase><testcase classname="backend.tests.test_exportacao.TestExportacaoCompleta" name="test_exportar_completa_with_delimiter" time="0.051"><failure message="assert 401 == 200&#10; +  where 401 = &lt;Response [401]&gt;.status_code">backend/tests/test_exportacao.py:338: in test_exportar_completa_with_delimiter
    assert response.status_code == 200
E   assert 401 == 200
E    +  where 401 = &lt;Response [401]&gt;.status_code</failure></testcase><testcase classname="backend.tests.test_exportacao.TestExportacaoAccessControl" name="test_admin_can_access_campos" time="0.238"><failure message="assert 401 == 200&#10; +  where 401 = &lt;Response [401]&gt;.status_code">backend/tests/test_exportacao.py:356: in test_admin_can_access_campos
    assert response.status_code == 200
E   assert 401 == 200
E    +  where 401 = &lt;Response [401]&gt;.status_code</failure></testcase><testcase classname="backend.tests.test_exportacao.TestExportacaoAccessControl" name="test_admin_can_export_motoristas" time="0.007"><failure message="assert 401 == 200&#10; +  where 401 = &lt;Response [401]&gt;.status_code">backend/tests/test_exportacao.py:361: in test_admin_can_export_motoristas
    assert response.status_code == 200
E   assert 401 == 200
E    +  where 401 = &lt;Response [401]&gt;.status_code</failure></testcase><testcase classname="backend.tests.test_exportacao.TestExportacaoAccessControl" name="test_admin_can_export_veiculos" time="0.007"><failure message="assert 401 == 200&#10; +  where 401 = &lt;Response [401]&gt;.status_code">backend/tests/test_exportacao.py:366: in test_admin_can_export_veiculos
    assert response.status_code == 200
E   assert 401 == 200
E    +  where 401 = &lt;Response [401]&gt;.status_code</failure></testcase><testcase classname="backend.tests.test_exportacao.TestExportacaoAccessControl" name="test_admin_can_export_completa" time="0.007"><failure message="assert 401 == 200&#10; +  where 401 = &lt;Response [401]&gt;.status_code">backend/tests/test_exportacao.py:371: in test_admin_can_export_completa
    assert response.status_code == 200
E   assert 401 == 200
E    +  where 401 = &lt;Response [401]&gt;.status_code</failure></testcase></testsuite></testsuites>