<?xml version="1.0" encoding="utf-8"?><testsuites name="pytest tests"><testsuite name="pytest" errors="0" failures="1" skipped="3" tests="15" time="4.532" timestamp="2026-02-18T18:27:20.573438+00:00" hostname="agent-env-98dafbdf-b396-435d-b250-36658da98fda"><testcase classname="backend.tests.test_km_precos_especiais.TestAuthentication" name="test_admin_login" time="0.514" /><testcase classname="backend.tests.test_km_precos_especiais.TestAuthentication" name="test_parceiro_login" time="0.446" /><testcase classname="backend.tests.test_km_precos_especiais.TestKmHistorico" name="test_historico_km_endpoint_exists" time="0.658" /><testcase classname="backend.tests.test_km_precos_especiais.TestKmHistorico" name="test_historico_km_invalid_vehicle" time="0.126" /><testcase classname="backend.tests.test_km_precos_especiais.TestKmHistorico" name="test_historico_km_no_mongo_id" time="0.110" /><testcase classname="backend.tests.test_km_precos_especiais.TestAtualizarKm" name="test_atualizar_km_endpoint_exists" time="0.818" /><testcase classname="backend.tests.test_km_precos_especiais.TestAtualizarKm" name="test_atualizar_km_creates_history" time="0.503" /><testcase classname="backend.tests.test_km_precos_especiais.TestAtualizarKm" name="test_atualizar_km_missing_km_atual" time="0.112" /><testcase classname="backend.tests.test_km_precos_especiais.TestPrecosEspeciais" name="test_get_planos_endpoint" time="0.485" /><testcase classname="backend.tests.test_km_precos_especiais.TestPrecosEspeciais" name="test_get_parceiros_endpoint" time="0.139"><failure message="AssertionError: Expected 200, got 404&#10;assert 404 == 200&#10; +  where 404 = &lt;Response [404]&gt;.status_code">backend/tests/test_km_precos_especiais.py:267: in test_get_parceiros_endpoint
    assert response.status_code == 200, f"Expected 200, got {response.status_code}"
E   AssertionError: Expected 200, got 404
E   assert 404 == 200
E    +  where 404 = &lt;Response [404]&gt;.status_code</failure></testcase><testcase classname="backend.tests.test_km_precos_especiais.TestPrecosEspeciais" name="test_criar_preco_especial" time="0.282"><skipped type="pytest.skip" message="No parceiro available">/app/backend/tests/test_km_precos_especiais.py:277: No parceiro available</skipped></testcase><testcase classname="backend.tests.test_km_precos_especiais.TestPrecosEspeciais" name="test_criar_preco_especial_valor_fixo" time="0.000"><skipped type="pytest.skip" message="No parceiro available">/app/backend/tests/test_km_precos_especiais.py:298: No parceiro available</skipped></testcase><testcase classname="backend.tests.test_km_precos_especiais.TestPrecosEspeciais" name="test_criar_preco_especial_sem_parceiro" time="0.117" /><testcase classname="backend.tests.test_km_precos_especiais.TestPrecosEspeciais" name="test_criar_preco_especial_plano_invalido" time="0.000"><skipped type="pytest.skip" message="No parceiro available">/app/backend/tests/test_km_precos_especiais.py:332: No parceiro available</skipped></testcase><testcase classname="backend.tests.test_km_precos_especiais.TestPrecosEspeciais" name="test_admin_precos_especiais_endpoint" time="0.137" /></testsuite></testsuites>