<?xml version="1.0" encoding="utf-8"?><testsuites name="pytest tests"><testsuite name="pytest" errors="0" failures="0" skipped="0" tests="10" time="8.929" timestamp="2026-02-19T16:09:32.928149+00:00" hostname="agent-env-80108777-3e0d-4abe-8449-7d975559c63d"><testcase classname="backend.tests.test_approval_flow_planos.TestApprovalFlowWithPlanos" name="test_01_get_planos_with_precos_especiais" time="0.674" /><testcase classname="backend.tests.test_approval_flow_planos.TestApprovalFlowWithPlanos" name="test_02_create_pending_parceiro_for_approval" time="0.733" /><testcase classname="backend.tests.test_approval_flow_planos.TestApprovalFlowWithPlanos" name="test_03_approve_user_endpoint_accepts_plano_id" time="0.908" /><testcase classname="backend.tests.test_approval_flow_planos.TestApprovalFlowWithPlanos" name="test_04_approve_user_with_plano_and_preco_especial" time="1.169" /><testcase classname="backend.tests.test_approval_flow_planos.TestApprovalFlowWithPlanos" name="test_05_approve_user_without_plano" time="1.115" /><testcase classname="backend.tests.test_approval_flow_planos.TestApprovalFlowWithPlanos" name="test_06_approve_motorista_with_parceiro" time="0.873" /><testcase classname="backend.tests.test_approval_flow_planos.TestApprovalFlowWithPlanos" name="test_07_approve_endpoint_validates_plano_exists" time="1.056" /><testcase classname="backend.tests.test_approval_flow_planos.TestFrontendIntegrationPoints" name="test_planos_endpoint_returns_precos_especiais" time="0.435" /><testcase classname="backend.tests.test_approval_flow_planos.TestFrontendIntegrationPoints" name="test_pending_users_endpoint_returns_role" time="0.485" /><testcase classname="backend.tests.test_approval_flow_planos.TestCleanup" name="test_cleanup_test_users" time="1.370" /></testsuite></testsuites>