<?xml version="1.0" encoding="utf-8"?><testsuites name="pytest tests"><testsuite name="pytest" errors="0" failures="0" skipped="0" tests="9" time="7.885" timestamp="2026-02-20T23:14:21.223577+00:00" hostname="agent-env-c402bcaf-de4d-4140-8add-973ce4a06fac"><testcase classname="backend.tests.test_whatsapp_web.TestWhatsAppWebAPI" name="test_health_endpoint" time="3.512" /><testcase classname="backend.tests.test_whatsapp_web.TestWhatsAppWebAPI" name="test_status_endpoint_admin" time="0.519" /><testcase classname="backend.tests.test_whatsapp_web.TestWhatsAppWebAPI" name="test_status_endpoint_parceiro" time="0.559" /><testcase classname="backend.tests.test_whatsapp_web.TestWhatsAppWebAPI" name="test_qr_endpoint" time="0.518" /><testcase classname="backend.tests.test_whatsapp_web.TestWhatsAppWebAPI" name="test_templates_endpoint" time="0.497" /><testcase classname="backend.tests.test_whatsapp_web.TestWhatsAppWebAPI" name="test_alerts_config_endpoint" time="0.450" /><testcase classname="backend.tests.test_whatsapp_web.TestWhatsAppWebAPI" name="test_history_endpoint" time="0.447" /><testcase classname="backend.tests.test_whatsapp_web.TestWhatsAppWebAPI" name="test_update_alerts_config" time="0.682" /><testcase classname="backend.tests.test_whatsapp_web.TestWhatsAppWebAPI" name="test_unauthorized_access" time="0.637" /></testsuite></testsuites>