<?xml version="1.0" encoding="utf-8"?><testsuites name="pytest tests"><testsuite name="pytest" errors="0" failures="4" skipped="0" tests="18" time="26.068" timestamp="2026-01-27T22:11:44.223625+00:00" hostname="agent-env-853ff0e0-a1d1-4817-9d03-d72e8782a7bd"><testcase classname="backend.tests.test_sincronizacao_auto.TestSincronizacaoAutoConfig" name="test_get_config_success" time="0.408" /><testcase classname="backend.tests.test_sincronizacao_auto.TestSincronizacaoAutoConfig" name="test_get_config_unauthorized" time="0.042"><failure message="assert 403 == 401&#10; +  where 403 = &lt;Response [403]&gt;.status_code">backend/tests/test_sincronizacao_auto.py:80: in test_get_config_unauthorized
    assert response.status_code == 401
E   assert 403 == 401
E    +  where 403 = &lt;Response [403]&gt;.status_code</failure></testcase><testcase classname="backend.tests.test_sincronizacao_auto.TestSincronizacaoAutoConfig" name="test_put_config_update_fontes" time="15.347" /><testcase classname="backend.tests.test_sincronizacao_auto.TestSincronizacaoAutoConfig" name="test_put_config_update_agendamento" time="0.100" /><testcase classname="backend.tests.test_sincronizacao_auto.TestSincronizacaoAutoConfig" name="test_put_config_update_resumo_semanal" time="5.199" /><testcase classname="backend.tests.test_sincronizacao_auto.TestSincronizacaoAutoConfig" name="test_put_config_update_notificacoes" time="2.107" /><testcase classname="backend.tests.test_sincronizacao_auto.TestSincronizacaoAutoExecutar" name="test_executar_single_fonte" time="0.043" /><testcase classname="backend.tests.test_sincronizacao_auto.TestSincronizacaoAutoExecutar" name="test_executar_multiple_fontes" time="0.088" /><testcase classname="backend.tests.test_sincronizacao_auto.TestSincronizacaoAutoExecutar" name="test_executar_no_fontes_ativas" time="0.130" /><testcase classname="backend.tests.test_sincronizacao_auto.TestSincronizacaoAutoExecutar" name="test_executar_unauthorized" time="1.079"><failure message="assert 403 == 401&#10; +  where 403 = &lt;Response [403]&gt;.status_code">backend/tests/test_sincronizacao_auto.py:301: in test_executar_unauthorized
    assert response.status_code == 401
E   assert 403 == 401
E    +  where 403 = &lt;Response [403]&gt;.status_code</failure></testcase><testcase classname="backend.tests.test_sincronizacao_auto.TestSincronizacaoAutoHistorico" name="test_get_historico_success" time="0.045" /><testcase classname="backend.tests.test_sincronizacao_auto.TestSincronizacaoAutoHistorico" name="test_get_historico_with_limit" time="0.042" /><testcase classname="backend.tests.test_sincronizacao_auto.TestSincronizacaoAutoHistorico" name="test_get_historico_unauthorized" time="1.066"><failure message="assert 403 == 401&#10; +  where 403 = &lt;Response [403]&gt;.status_code">backend/tests/test_sincronizacao_auto.py:342: in test_get_historico_unauthorized
    assert response.status_code == 401
E   assert 403 == 401
E    +  where 403 = &lt;Response [403]&gt;.status_code</failure></testcase><testcase classname="backend.tests.test_sincronizacao_auto.TestSincronizacaoAutoEstatisticas" name="test_get_estatisticas_success" time="0.042" /><testcase classname="backend.tests.test_sincronizacao_auto.TestSincronizacaoAutoEstatisticas" name="test_get_estatisticas_unauthorized" time="0.044"><failure message="assert 403 == 401&#10; +  where 403 = &lt;Response [403]&gt;.status_code">backend/tests/test_sincronizacao_auto.py:378: in test_get_estatisticas_unauthorized
    assert response.status_code == 401
E   assert 403 == 401
E    +  where 403 = &lt;Response [403]&gt;.status_code</failure></testcase><testcase classname="backend.tests.test_sincronizacao_auto.TestSincronizacaoAutoFontes" name="test_get_fontes_disponiveis" time="0.037" /><testcase classname="backend.tests.test_sincronizacao_auto.TestSincronizacaoAutoExecucaoDetails" name="test_get_execucao_details" time="0.083" /><testcase classname="backend.tests.test_sincronizacao_auto.TestSincronizacaoAutoExecucaoDetails" name="test_get_execucao_not_found" time="0.039" /></testsuite></testsuites>