<?xml version="1.0" encoding="utf-8"?><testsuites name="pytest tests"><testsuite name="pytest" errors="0" failures="2" skipped="4" tests="30" time="1.992" timestamp="2026-01-24T00:47:19.446761+00:00" hostname="agent-env-c06d67d2-b450-4a2d-8b6a-dfe80bea561f"><testcase classname="backend.tests.test_tvdefleet_features.TestGestaoPlanos" name="test_get_planos_list" time="0.376" /><testcase classname="backend.tests.test_tvdefleet_features.TestGestaoPlanos" name="test_get_modulos_parceiro" time="0.049" /><testcase classname="backend.tests.test_tvdefleet_features.TestGestaoPlanos" name="test_get_modulos_gestao" time="0.043" /><testcase classname="backend.tests.test_tvdefleet_features.TestGestaoPlanos" name="test_get_modulos_motorista" time="0.043" /><testcase classname="backend.tests.test_tvdefleet_features.TestGestaoPlanos" name="test_get_parceiros_list" time="0.047" /><testcase classname="backend.tests.test_tvdefleet_features.TestGestaoPlanos" name="test_get_motoristas_list" time="0.052" /><testcase classname="backend.tests.test_tvdefleet_features.TestGestaoPlanos" name="test_get_gestores_list" time="0.048" /><testcase classname="backend.tests.test_tvdefleet_features.TestRPADesigner" name="test_get_scripts_list" time="0.044" /><testcase classname="backend.tests.test_tvdefleet_features.TestRPADesigner" name="test_get_scripts_with_inactive" time="0.045" /><testcase classname="backend.tests.test_tvdefleet_features.TestRPADesigner" name="test_get_designer_estatisticas" time="0.045" /><testcase classname="backend.tests.test_tvdefleet_features.TestRPADesigner" name="test_get_template_script" time="0.040"><failure message="assert 404 == 200&#10; +  where 404 = &lt;Response [404]&gt;.status_code">backend/tests/test_tvdefleet_features.py:145: in test_get_template_script
    assert response.status_code == 200
E   assert 404 == 200
E    +  where 404 = &lt;Response [404]&gt;.status_code</failure></testcase><testcase classname="backend.tests.test_tvdefleet_features.TestRPADesigner" name="test_designer_access_denied_for_parceiro" time="0.260"><skipped type="pytest.skip" message="Parceiro login failed: {&quot;detail&quot;:&quot;Invalid credentials&quot;}">/app/backend/tests/test_tvdefleet_features.py:150: Parceiro login failed: {"detail":"Invalid credentials"}</skipped></testcase><testcase classname="backend.tests.test_tvdefleet_features.TestRPAAutomacao" name="test_get_plataformas" time="0.040" /><testcase classname="backend.tests.test_tvdefleet_features.TestRPAAutomacao" name="test_get_credenciais" time="0.044" /><testcase classname="backend.tests.test_tvdefleet_features.TestRPAAutomacao" name="test_get_execucoes" time="0.040" /><testcase classname="backend.tests.test_tvdefleet_features.TestRPAAutomacao" name="test_get_agendamentos" time="0.040" /><testcase classname="backend.tests.test_tvdefleet_features.TestRPAAutomacao" name="test_get_estatisticas" time="0.044" /><testcase classname="backend.tests.test_tvdefleet_features.TestRPAAutomacao" name="test_parceiro_can_access_automacao" time="0.000"><skipped type="pytest.skip" message="Parceiro login failed: {&quot;detail&quot;:&quot;Invalid credentials&quot;}">/app/backend/tests/test_tvdefleet_features.py:206: Parceiro login failed: {"detail":"Invalid credentials"}</skipped></testcase><testcase classname="backend.tests.test_tvdefleet_features.TestWhatsApp" name="test_get_whatsapp_status" time="0.073" /><testcase classname="backend.tests.test_tvdefleet_features.TestWhatsApp" name="test_get_whatsapp_templates" time="0.041" /><testcase classname="backend.tests.test_tvdefleet_features.TestWhatsApp" name="test_get_whatsapp_historico" time="0.038" /><testcase classname="backend.tests.test_tvdefleet_features.TestWhatsApp" name="test_parceiro_can_access_whatsapp" time="0.000"><skipped type="pytest.skip" message="Parceiro login failed: {&quot;detail&quot;:&quot;Invalid credentials&quot;}">/app/backend/tests/test_tvdefleet_features.py:247: Parceiro login failed: {"detail":"Invalid credentials"}</skipped></testcase><testcase classname="backend.tests.test_tvdefleet_features.TestTerabox" name="test_get_terabox_stats" time="0.042" /><testcase classname="backend.tests.test_tvdefleet_features.TestTerabox" name="test_get_terabox_credentials" time="0.039" /><testcase classname="backend.tests.test_tvdefleet_features.TestTerabox" name="test_get_terabox_ficheiros" time="0.042" /><testcase classname="backend.tests.test_tvdefleet_features.TestTerabox" name="test_get_terabox_pastas" time="0.039" /><testcase classname="backend.tests.test_tvdefleet_features.TestTerabox" name="test_get_terabox_categorias" time="0.041" /><testcase classname="backend.tests.test_tvdefleet_features.TestTerabox" name="test_parceiro_can_access_terabox" time="0.000"><skipped type="pytest.skip" message="Parceiro login failed: {&quot;detail&quot;:&quot;Invalid credentials&quot;}">/app/backend/tests/test_tvdefleet_features.py:298: Parceiro login failed: {"detail":"Invalid credentials"}</skipped></testcase><testcase classname="backend.tests.test_tvdefleet_features.TestRemovedRoutes" name="test_automacao_route_removed" time="0.040" /><testcase classname="backend.tests.test_tvdefleet_features.TestRemovedRoutes" name="test_cartoes_frota_route_removed" time="0.059"><failure message="assert 200 in [404, 301, 302, 307, 308]&#10; +  where 200 = &lt;Response [200]&gt;.status_code">backend/tests/test_tvdefleet_features.py:321: in test_cartoes_frota_route_removed
    assert response.status_code in [404, 301, 302, 307, 308]
E   assert 200 in [404, 301, 302, 307, 308]
E    +  where 200 = &lt;Response [200]&gt;.status_code</failure></testcase></testsuite></testsuites>