<?xml version="1.0" encoding="utf-8"?><testsuites name="pytest tests"><testsuite name="pytest" errors="0" failures="6" skipped="0" tests="8" time="1.563" timestamp="2026-01-30T00:01:10.526970+00:00" hostname="agent-env-183940b8-0b53-44d0-9d65-6503a0e73ee0"><testcase classname="tests.test_resumo_semanal_bolt.TestResumoSemanalBoltFix" name="test_login_parceiro" time="0.302"><failure message="AssertionError: Failed to login as parceiro geral@zmbusines.com&#10;assert None is not None">tests/test_resumo_semanal_bolt.py:41: in test_login_parceiro
    assert token is not None, f"Failed to login as parceiro {PARCEIRO_EMAIL}"
E   AssertionError: Failed to login as parceiro geral@zmbusines.com
E   assert None is not None</failure></testcase><testcase classname="tests.test_resumo_semanal_bolt.TestResumoSemanalBoltFix" name="test_resumo_semanal_endpoint_exists" time="0.046"><failure message="AssertionError: Endpoint should require authentication&#10;assert 403 == 401&#10; +  where 403 = &lt;Response [403]&gt;.status_code">tests/test_resumo_semanal_bolt.py:47: in test_resumo_semanal_endpoint_exists
    assert response.status_code == 401, "Endpoint should require authentication"
E   AssertionError: Endpoint should require authentication
E   assert 403 == 401
E    +  where 403 = &lt;Response [403]&gt;.status_code</failure></testcase><testcase classname="tests.test_resumo_semanal_bolt.TestResumoSemanalBoltFix" name="test_resumo_semanal_week_51_2025" time="0.262"><failure message="AssertionError: Failed to get auth token&#10;assert None is not None">tests/test_resumo_semanal_bolt.py:53: in test_resumo_semanal_week_51_2025
    assert token is not None, "Failed to get auth token"
E   AssertionError: Failed to get auth token
E   assert None is not None</failure></testcase><testcase classname="tests.test_resumo_semanal_bolt.TestResumoSemanalBoltFix" name="test_resumo_semanal_week_2_2026" time="0.273"><failure message="AssertionError: Failed to get auth token&#10;assert None is not None">tests/test_resumo_semanal_bolt.py:93: in test_resumo_semanal_week_2_2026
    assert token is not None, "Failed to get auth token"
E   AssertionError: Failed to get auth token
E   assert None is not None</failure></testcase><testcase classname="tests.test_resumo_semanal_bolt.TestResumoSemanalBoltFix" name="test_resumo_semanal_week_1_2026" time="0.266"><failure message="AssertionError: Failed to get auth token&#10;assert None is not None">tests/test_resumo_semanal_bolt.py:126: in test_resumo_semanal_week_1_2026
    assert token is not None, "Failed to get auth token"
E   AssertionError: Failed to get auth token
E   assert None is not None</failure></testcase><testcase classname="tests.test_resumo_semanal_bolt.TestResumoSemanalBoltFix" name="test_bolt_query_supports_both_formats" time="0.001" /><testcase classname="tests.test_resumo_semanal_bolt.TestSincronizacaoMotoristasLogic" name="test_sincronizacao_code_review" time="0.001" /><testcase classname="tests.test_resumo_semanal_bolt.TestAdminResumoSemanal" name="test_admin_resumo_semanal" time="0.270"><failure message="AssertionError: Failed to login as admin admin@tvdefleet.com&#10;assert None is not None">tests/test_resumo_semanal_bolt.py:235: in test_admin_resumo_semanal
    assert token is not None, f"Failed to login as admin {ADMIN_EMAIL}"
E   AssertionError: Failed to login as admin admin@tvdefleet.com
E   assert None is not None</failure></testcase></testsuite></testsuites>