<?xml version="1.0" encoding="utf-8"?><testsuites name="pytest tests"><testsuite name="pytest" errors="0" failures="0" skipped="0" tests="14" time="9.760" timestamp="2026-02-18T15:53:40.208642+00:00" hostname="agent-env-98dafbdf-b396-435d-b250-36658da98fda"><testcase classname="backend.tests.test_historico_motorista.TestHistoricoAtividade" name="test_historico_atividade_endpoint_exists" time="0.677" /><testcase classname="backend.tests.test_historico_motorista.TestHistoricoAtividade" name="test_historico_atividade_estado_atual_structure" time="1.369" /><testcase classname="backend.tests.test_historico_motorista.TestHistoricoAtividade" name="test_historico_atividade_parceiro_access" time="0.484" /><testcase classname="backend.tests.test_historico_motorista.TestHistoricoAtividade" name="test_historico_atividade_not_found" time="0.529" /><testcase classname="backend.tests.test_historico_motorista.TestHistoricoRendimentos" name="test_historico_rendimentos_endpoint_exists" time="0.509" /><testcase classname="backend.tests.test_historico_motorista.TestHistoricoRendimentos" name="test_historico_rendimentos_resumo_structure" time="0.470" /><testcase classname="backend.tests.test_historico_motorista.TestHistoricoRendimentos" name="test_historico_rendimentos_year_filter" time="0.688" /><testcase classname="backend.tests.test_historico_motorista.TestHistoricoRendimentos" name="test_historico_rendimentos_limit_param" time="0.552" /><testcase classname="backend.tests.test_historico_motorista.TestBloquearMotoristHistory" name="test_bloquear_motorista_registers_history" time="0.885" /><testcase classname="backend.tests.test_historico_motorista.TestUpdateMotoristActivityHistory" name="test_desativar_motorista_registers_history" time="0.968" /><testcase classname="backend.tests.test_historico_motorista.TestResumoSemanalMotoristFilter" name="test_resumo_semanal_endpoint_exists" time="0.792" /><testcase classname="backend.tests.test_historico_motorista.TestResumoSemanalMotoristFilter" name="test_resumo_semanal_filters_inactive_motoristas" time="0.787" /><testcase classname="backend.tests.test_historico_motorista.TestRegistarAtividade" name="test_registar_atividade_endpoint_exists" time="0.528" /><testcase classname="backend.tests.test_historico_motorista.TestRegistarAtividade" name="test_registar_atividade_validates_tipo" time="0.446" /></testsuite></testsuites>