<?xml version="1.0" encoding="utf-8"?><testsuites name="pytest tests"><testsuite name="pytest" errors="0" failures="0" skipped="0" tests="15" time="1.433" timestamp="2026-01-14T00:17:31.651870+00:00" hostname="agent-env-c32192ff-62ed-4d63-8f3e-7872775d7dd5"><testcase classname="tests.test_parceiro_bugs_iteration12.TestAuth" name="test_admin_login" time="0.299" /><testcase classname="tests.test_parceiro_bugs_iteration12.TestAuth" name="test_parceiro_login" time="0.264" /><testcase classname="tests.test_parceiro_bugs_iteration12.TestVehicleGetAsParceiro" name="test_get_vehicle_as_parceiro" time="0.079" /><testcase classname="tests.test_parceiro_bugs_iteration12.TestVehicleGetAsParceiro" name="test_get_vehicle_with_known_id" time="0.038" /><testcase classname="tests.test_parceiro_bugs_iteration12.TestVehicleHistoricoAsParceiro" name="test_add_historico_entry" time="0.037" /><testcase classname="tests.test_parceiro_bugs_iteration12.TestVehicleHistoricoAsParceiro" name="test_get_historico" time="0.041" /><testcase classname="tests.test_parceiro_bugs_iteration12.TestVehicleHistoricoAsParceiro" name="test_delete_historico_entry" time="0.035" /><testcase classname="tests.test_parceiro_bugs_iteration12.TestVehicleFotosAsParceiro" name="test_delete_vehicle_foto" time="0.082" /><testcase classname="tests.test_parceiro_bugs_iteration12.TestTemplatesContratoAsParceiro" name="test_get_templates_contrato_with_parceiro_id" time="0.043" /><testcase classname="tests.test_parceiro_bugs_iteration12.TestTemplatesContratoAsParceiro" name="test_get_templates_contratos_alternative" time="0.040" /><testcase classname="tests.test_parceiro_bugs_iteration12.TestTemplatesContratoAsParceiro" name="test_create_template_contrato" time="0.040" /><testcase classname="tests.test_parceiro_bugs_iteration12.TestTemplatesContratoAsParceiro" name="test_verify_templates_after_create" time="0.036" /><testcase classname="tests.test_parceiro_bugs_iteration12.TestMotoristaDocumentoDownload" name="test_get_motoristas_list" time="0.036" /><testcase classname="tests.test_parceiro_bugs_iteration12.TestMotoristaDocumentoDownload" name="test_download_motorista_documento" time="0.166" /><testcase classname="tests.test_parceiro_bugs_iteration12.TestCleanup" name="test_cleanup_template" time="0.079" /></testsuite></testsuites>