<?xml version="1.0" encoding="utf-8"?><testsuites name="pytest tests"><testsuite name="pytest" errors="0" failures="0" skipped="0" tests="9" time="3.092" timestamp="2026-02-21T01:40:46.993625+00:00" hostname="agent-env-79402229-665d-4d2c-ad75-765092f2b56d"><testcase classname="backend.tests.test_comissoes_dashboard.TestComissoesDashboard" name="test_dashboard_resumo_semanal_parceiro" time="0.510" /><testcase classname="backend.tests.test_comissoes_dashboard.TestComissoesDashboard" name="test_dashboard_resumo_mensal_parceiro" time="0.114" /><testcase classname="backend.tests.test_comissoes_dashboard.TestComissoesDashboard" name="test_dashboard_por_motorista_parceiro" time="0.114" /><testcase classname="backend.tests.test_comissoes_dashboard.TestComissoesDashboard" name="test_dashboard_resumo_admin" time="0.486" /><testcase classname="backend.tests.test_comissoes_dashboard.TestComissoesDashboard" name="test_dashboard_resumo_unauthorized" time="0.109" /><testcase classname="backend.tests.test_comissoes_dashboard.TestConfigComissoesParceiro" name="test_get_config_parceiro" time="0.463" /><testcase classname="backend.tests.test_comissoes_dashboard.TestConfigComissoesParceiro" name="test_update_config_parceiro" time="0.158" /><testcase classname="backend.tests.test_comissoes_dashboard.TestConfiguracaoRelatoriosNIF" name="test_get_relatorio_config" time="0.661" /><testcase classname="backend.tests.test_comissoes_dashboard.TestConfiguracaoRelatoriosNIF" name="test_update_relatorio_config_with_nif" time="0.421" /></testsuite></testsuites>