<?xml version="1.0" encoding="utf-8"?><testsuites name="pytest tests"><testsuite name="pytest" errors="0" failures="7" skipped="0" tests="9" time="7.715" timestamp="2026-02-20T23:13:33.361579+00:00" hostname="agent-env-c402bcaf-de4d-4140-8add-973ce4a06fac"><testcase classname="backend.tests.test_whatsapp_web.TestWhatsAppWebAPI" name="test_health_endpoint" time="3.379" /><testcase classname="backend.tests.test_whatsapp_web.TestWhatsAppWebAPI" name="test_status_endpoint_admin" time="0.545"><failure message="assert 401 == 200&#10; +  where 401 = &lt;Response [401]&gt;.status_code">backend/tests/test_whatsapp_web.py:52: in test_status_endpoint_admin
    assert response.status_code == 200
E   assert 401 == 200
E    +  where 401 = &lt;Response [401]&gt;.status_code</failure></testcase><testcase classname="backend.tests.test_whatsapp_web.TestWhatsAppWebAPI" name="test_status_endpoint_parceiro" time="0.460"><failure message="assert 401 == 200&#10; +  where 401 = &lt;Response [401]&gt;.status_code">backend/tests/test_whatsapp_web.py:65: in test_status_endpoint_parceiro
    assert response.status_code == 200
E   assert 401 == 200
E    +  where 401 = &lt;Response [401]&gt;.status_code</failure></testcase><testcase classname="backend.tests.test_whatsapp_web.TestWhatsAppWebAPI" name="test_qr_endpoint" time="0.524"><failure message="assert 401 in [200, 503]&#10; +  where 401 = &lt;Response [401]&gt;.status_code">backend/tests/test_whatsapp_web.py:79: in test_qr_endpoint
    assert response.status_code in [200, 503]
E   assert 401 in [200, 503]
E    +  where 401 = &lt;Response [401]&gt;.status_code</failure></testcase><testcase classname="backend.tests.test_whatsapp_web.TestWhatsAppWebAPI" name="test_templates_endpoint" time="0.528"><failure message="assert 401 == 200&#10; +  where 401 = &lt;Response [401]&gt;.status_code">backend/tests/test_whatsapp_web.py:99: in test_templates_endpoint
    assert response.status_code == 200
E   assert 401 == 200
E    +  where 401 = &lt;Response [401]&gt;.status_code</failure></testcase><testcase classname="backend.tests.test_whatsapp_web.TestWhatsAppWebAPI" name="test_alerts_config_endpoint" time="0.433"><failure message="assert 401 == 200&#10; +  where 401 = &lt;Response [401]&gt;.status_code">backend/tests/test_whatsapp_web.py:120: in test_alerts_config_endpoint
    assert response.status_code == 200
E   assert 401 == 200
E    +  where 401 = &lt;Response [401]&gt;.status_code</failure></testcase><testcase classname="backend.tests.test_whatsapp_web.TestWhatsAppWebAPI" name="test_history_endpoint" time="0.482"><failure message="assert 401 == 200&#10; +  where 401 = &lt;Response [401]&gt;.status_code">backend/tests/test_whatsapp_web.py:136: in test_history_endpoint
    assert response.status_code == 200
E   assert 401 == 200
E    +  where 401 = &lt;Response [401]&gt;.status_code</failure></testcase><testcase classname="backend.tests.test_whatsapp_web.TestWhatsAppWebAPI" name="test_update_alerts_config" time="0.599"><failure message="assert 401 == 200&#10; +  where 401 = &lt;Response [401]&gt;.status_code">backend/tests/test_whatsapp_web.py:166: in test_update_alerts_config
    assert response.status_code == 200
E   assert 401 == 200
E    +  where 401 = &lt;Response [401]&gt;.status_code</failure></testcase><testcase classname="backend.tests.test_whatsapp_web.TestWhatsAppWebAPI" name="test_unauthorized_access" time="0.621" /></testsuite></testsuites>