<?xml version="1.0" encoding="utf-8"?><testsuites name="pytest tests"><testsuite name="pytest" errors="0" failures="0" skipped="0" tests="29" time="3.956" timestamp="2026-01-10T01:18:02.966227+00:00" hostname="agent-env-f30773c3-7e5a-412e-bf13-6005ef12565c"><testcase classname="tests.test_extras_motorista.TestExtrasMotoristaAuth" name="test_get_extras_requires_auth" time="0.350" /><testcase classname="tests.test_extras_motorista.TestExtrasMotoristaAuth" name="test_post_extras_requires_auth" time="0.040" /><testcase classname="tests.test_extras_motorista.TestExtrasMotoristaList" name="test_list_extras_returns_200" time="0.042" /><testcase classname="tests.test_extras_motorista.TestExtrasMotoristaList" name="test_list_extras_returns_array" time="0.049" /><testcase classname="tests.test_extras_motorista.TestExtrasMotoristaList" name="test_list_extras_with_motorista_filter" time="0.038" /><testcase classname="tests.test_extras_motorista.TestExtrasMotoristaList" name="test_list_extras_with_tipo_filter" time="0.043" /><testcase classname="tests.test_extras_motorista.TestExtrasMotoristaList" name="test_list_extras_with_semana_ano_filter" time="0.039" /><testcase classname="tests.test_extras_motorista.TestExtrasMotoristaList" name="test_list_extras_with_pago_filter" time="0.048" /><testcase classname="tests.test_extras_motorista.TestExtrasMotoristaCreate" name="test_create_extra_divida" time="0.089" /><testcase classname="tests.test_extras_motorista.TestExtrasMotoristaCreate" name="test_create_extra_caucao_parcelada" time="0.049" /><testcase classname="tests.test_extras_motorista.TestExtrasMotoristaCreate" name="test_create_extra_dano" time="0.085" /><testcase classname="tests.test_extras_motorista.TestExtrasMotoristaCreate" name="test_create_extra_requires_motorista_id" time="0.037" /><testcase classname="tests.test_extras_motorista.TestExtrasMotoristaCreate" name="test_create_extra_invalid_motorista_returns_404" time="0.035" /><testcase classname="tests.test_extras_motorista.TestExtrasMotoristaUpdate" name="test_update_extra_valor" time="0.111" /><testcase classname="tests.test_extras_motorista.TestExtrasMotoristaUpdate" name="test_update_extra_mark_as_paid" time="0.174" /><testcase classname="tests.test_extras_motorista.TestExtrasMotoristaUpdate" name="test_update_nonexistent_extra_returns_404" time="0.079" /><testcase classname="tests.test_extras_motorista.TestExtrasMotoristaDelete" name="test_delete_extra" time="0.149" /><testcase classname="tests.test_extras_motorista.TestExtrasMotoristaDelete" name="test_delete_nonexistent_extra_returns_404" time="0.038" /><testcase classname="tests.test_extras_motorista.TestResumoSemanalWithExtras" name="test_resumo_semanal_includes_extras_field" time="0.290" /><testcase classname="tests.test_extras_motorista.TestResumoSemanalWithExtras" name="test_resumo_semanal_totais_includes_total_extras" time="0.297" /><testcase classname="tests.test_extras_motorista.TestResumoSemanalWithExtras" name="test_resumo_semanal_motorista_teste_has_extras" time="0.291" /><testcase classname="tests.test_extras_motorista.TestResumoSemanalWithExtras" name="test_resumo_semanal_total_extras_matches_sum" time="0.294" /><testcase classname="tests.test_extras_motorista.TestResumoSemanalWithExtras" name="test_resumo_semanal_receitas_parceiro_formula" time="0.296" /><testcase classname="tests.test_extras_motorista.TestResumoSemanalWithExtras" name="test_resumo_semanal_week_2_2026_has_extras" time="0.257" /><testcase classname="tests.test_extras_motorista.TestParceiroAccess" name="test_parceiro_can_list_extras" time="0.341" /><testcase classname="tests.test_extras_motorista.TestParceiroAccess" name="test_parceiro_can_create_extra" time="0.051" /><testcase classname="tests.test_extras_motorista.TestParceiroAccess" name="test_parceiro_can_access_resumo_semanal" time="0.062" /><testcase classname="tests.test_extras_motorista.TestExtraDataStructure" name="test_extra_has_required_fields" time="0.080" /><testcase classname="tests.test_extras_motorista.TestExtraDataStructure" name="test_extra_tipos_are_valid" time="0.076" /></testsuite></testsuites>