<?xml version="1.0" encoding="utf-8"?><testsuites name="pytest tests"><testsuite name="pytest" errors="0" failures="0" skipped="0" tests="13" time="1.181" timestamp="2026-01-09T18:43:49.907549+00:00" hostname="agent-env-55f3664e-e999-4360-a18c-e7bc807f9dd5"><testcase classname="tests.test_via_verde_api.TestViaVerdeAPI" name="test_marco_coelho_semana_47" time="0.377" /><testcase classname="tests.test_via_verde_api.TestViaVerdeAPI" name="test_marco_coelho_semana_48" time="0.029" /><testcase classname="tests.test_via_verde_api.TestViaVerdeAPI" name="test_marco_coelho_semana_50" time="0.070" /><testcase classname="tests.test_via_verde_api.TestViaVerdeAPI" name="test_marco_coelho_semana_51" time="0.068" /><testcase classname="tests.test_via_verde_api.TestViaVerdeAPI" name="test_arlei_oliveira_semana_48_zero" time="0.029" /><testcase classname="tests.test_via_verde_api.TestViaVerdeAPI" name="test_arlei_oliveira_semana_47_zero" time="0.028" /><testcase classname="tests.test_via_verde_api.TestViaVerdeAPI" name="test_marco_coelho_total_all_weeks" time="0.190" /><testcase classname="tests.test_via_verde_api.TestViaVerdeAPIValidation" name="test_missing_semana_parameter" time="0.012" /><testcase classname="tests.test_via_verde_api.TestViaVerdeAPIValidation" name="test_missing_ano_parameter" time="0.009" /><testcase classname="tests.test_via_verde_api.TestViaVerdeAPIValidation" name="test_invalid_motorista_id" time="0.067" /><testcase classname="tests.test_via_verde_api.TestViaVerdeAPIValidation" name="test_unauthorized_access" time="0.075" /><testcase classname="tests.test_via_verde_api.TestViaVerdeBusinessRules" name="test_no_week_delay" time="0.070" /><testcase classname="tests.test_via_verde_api.TestViaVerdeBusinessRules" name="test_response_structure" time="0.029" /></testsuite></testsuites>