<?xml version="1.0" encoding="utf-8"?><testsuites name="pytest tests"><testsuite name="pytest" errors="0" failures="4" skipped="0" tests="24" time="1.984" timestamp="2026-01-23T01:47:18.700763+00:00" hostname="agent-env-03427b4b-a00c-49ee-be35-9d2cb43ae576"><testcase classname="tests.test_rpa_automacao.TestPlataformas" name="test_list_plataformas_returns_4_platforms" time="0.335" /><testcase classname="tests.test_rpa_automacao.TestPlataformas" name="test_plataformas_have_required_fields" time="0.042" /><testcase classname="tests.test_rpa_automacao.TestPlataformas" name="test_uber_platform_details" time="0.043" /><testcase classname="tests.test_rpa_automacao.TestPlataformas" name="test_prio_platform_details" time="0.046" /><testcase classname="tests.test_rpa_automacao.TestCredenciais" name="test_create_credentials" time="0.048" /><testcase classname="tests.test_rpa_automacao.TestCredenciais" name="test_list_credentials_without_password" time="0.039" /><testcase classname="tests.test_rpa_automacao.TestCredenciais" name="test_get_credential_status_for_platform" time="0.048" /><testcase classname="tests.test_rpa_automacao.TestCredenciais" name="test_delete_credentials" time="0.125" /><testcase classname="tests.test_rpa_automacao.TestCredenciais" name="test_create_credentials_invalid_platform" time="0.038" /><testcase classname="tests.test_rpa_automacao.TestExecucoes" name="test_execute_automation" time="0.036" /><testcase classname="tests.test_rpa_automacao.TestExecucoes" name="test_execute_without_credentials" time="0.085" /><testcase classname="tests.test_rpa_automacao.TestExecucoes" name="test_list_executions" time="0.042" /><testcase classname="tests.test_rpa_automacao.TestExecucoes" name="test_get_execution_details_with_logs" time="0.088" /><testcase classname="tests.test_rpa_automacao.TestExecucoes" name="test_get_execution_not_found" time="0.042" /><testcase classname="tests.test_rpa_automacao.TestAgendamentos" name="test_create_agendamento" time="0.127" /><testcase classname="tests.test_rpa_automacao.TestAgendamentos" name="test_list_agendamentos" time="0.041" /><testcase classname="tests.test_rpa_automacao.TestAgendamentos" name="test_delete_agendamento" time="0.080" /><testcase classname="tests.test_rpa_automacao.TestAgendamentos" name="test_create_duplicate_agendamento_fails" time="0.083" /><testcase classname="tests.test_rpa_automacao.TestEstatisticas" name="test_get_estatisticas" time="0.043" /><testcase classname="tests.test_rpa_automacao.TestAuthRequired" name="test_credenciais_requires_auth" time="0.076"><failure message="assert 403 == 401&#10; +  where 403 = &lt;Response [403]&gt;.status_code">tests/test_rpa_automacao.py:421: in test_credenciais_requires_auth
    assert response.status_code == 401
E   assert 403 == 401
E    +  where 403 = &lt;Response [403]&gt;.status_code</failure></testcase><testcase classname="tests.test_rpa_automacao.TestAuthRequired" name="test_execucoes_requires_auth" time="0.037"><failure message="assert 403 == 401&#10; +  where 403 = &lt;Response [403]&gt;.status_code">tests/test_rpa_automacao.py:426: in test_execucoes_requires_auth
    assert response.status_code == 401
E   assert 403 == 401
E    +  where 403 = &lt;Response [403]&gt;.status_code</failure></testcase><testcase classname="tests.test_rpa_automacao.TestAuthRequired" name="test_agendamentos_requires_auth" time="0.041"><failure message="assert 403 == 401&#10; +  where 403 = &lt;Response [403]&gt;.status_code">tests/test_rpa_automacao.py:431: in test_agendamentos_requires_auth
    assert response.status_code == 401
E   assert 403 == 401
E    +  where 403 = &lt;Response [403]&gt;.status_code</failure></testcase><testcase classname="tests.test_rpa_automacao.TestAuthRequired" name="test_estatisticas_requires_auth" time="0.038"><failure message="assert 403 == 401&#10; +  where 403 = &lt;Response [403]&gt;.status_code">tests/test_rpa_automacao.py:436: in test_estatisticas_requires_auth
    assert response.status_code == 401
E   assert 403 == 401
E    +  where 403 = &lt;Response [403]&gt;.status_code</failure></testcase><testcase classname="tests.test_rpa_automacao.TestAuthRequired" name="test_plataformas_public" time="0.236" /></testsuite></testsuites>