<?xml version="1.0" encoding="utf-8"?><testsuites name="pytest tests"><testsuite name="pytest" errors="0" failures="0" skipped="0" tests="19" time="5.865" timestamp="2026-02-12T12:05:05.539457+00:00" hostname="agent-env-b56e666e-124f-46b6-b051-b07550bf1a17"><testcase classname="tests.test_p1_features.TestP1Features" name="test_categorias_list" time="0.349" /><testcase classname="tests.test_p1_features.TestP1Features" name="test_categorias_create" time="0.270" /><testcase classname="tests.test_p1_features.TestP1Features" name="test_categorias_update" time="0.289" /><testcase classname="tests.test_p1_features.TestP1Features" name="test_categorias_delete" time="0.363" /><testcase classname="tests.test_p1_features.TestP1Features" name="test_categorias_icon_selection" time="0.693" /><testcase classname="tests.test_p1_features.TestP1Features" name="test_preco_fixo_list_empty" time="0.268" /><testcase classname="tests.test_p1_features.TestP1Features" name="test_preco_fixo_set_requires_subscription" time="0.265" /><testcase classname="tests.test_p1_features.TestP1Features" name="test_preco_fixo_remove_requires_subscription" time="0.263" /><testcase classname="tests.test_p1_features.TestP1Features" name="test_preco_fixo_negative_price_rejected" time="0.264" /><testcase classname="tests.test_p1_features.TestP1Features" name="test_modulo_historico_exists" time="0.267" /><testcase classname="tests.test_p1_features.TestP1Features" name="test_modulo_historico_status_endpoint" time="0.263" /><testcase classname="tests.test_p1_features.TestP1Features" name="test_tipo_cobranca_por_veiculo_motorista_in_calculo_avancado" time="0.291" /><testcase classname="tests.test_p1_features.TestP1Features" name="test_adicionar_modulo_por_veiculo_motorista" time="0.279" /><testcase classname="tests.test_p1_features.TestP1Features" name="test_planos_have_icons" time="0.265" /><testcase classname="tests.test_p1_features.TestP1Features" name="test_modulos_have_icons" time="0.270" /><testcase classname="tests.test_p1_features.TestP1Features" name="test_create_plano_with_icon" time="0.279" /><testcase classname="tests.test_p1_features.TestP1Features" name="test_create_modulo_with_icon" time="0.272" /><testcase classname="tests.test_p1_features.TestCategoriasUI" name="test_categorias_response_format" time="0.297" /><testcase classname="tests.test_p1_features.TestCategoriasUI" name="test_categorias_sorted_by_ordem" time="0.274" /></testsuite></testsuites>