<?xml version="1.0" encoding="utf-8"?><testsuites name="pytest tests"><testsuite name="pytest" errors="0" failures="3" skipped="0" tests="19" time="2.308" timestamp="2026-01-13T19:41:56.053798+00:00" hostname="agent-env-c32192ff-62ed-4d63-8f3e-7872775d7dd5"><testcase classname="tests.test_p0_bugs_fixed.TestAuth" name="test_login_admin" time="0.321" /><testcase classname="tests.test_p0_bugs_fixed.TestAuth" name="test_login_parceiro" time="0.266" /><testcase classname="tests.test_p0_bugs_fixed.TestMotoristasDocumentoUpload" name="test_upload_documento_as_parceiro" time="0.398" /><testcase classname="tests.test_p0_bugs_fixed.TestMotoristasDocumentoUpload" name="test_upload_documento_unauthorized" time="0.039" /><testcase classname="tests.test_p0_bugs_fixed.TestVehiclePhotoUpload" name="test_upload_photo_as_parceiro" time="0.138" /><testcase classname="tests.test_p0_bugs_fixed.TestVehiclePhotoUpload" name="test_upload_foto_alt_endpoint" time="0.045" /><testcase classname="tests.test_p0_bugs_fixed.TestVehicleAgenda" name="test_add_agenda_event_as_parceiro" time="0.037" /><testcase classname="tests.test_p0_bugs_fixed.TestVehicleAgenda" name="test_get_agenda" time="0.035" /><testcase classname="tests.test_p0_bugs_fixed.TestVehicleAgenda" name="test_delete_agenda_event_as_parceiro" time="0.080" /><testcase classname="tests.test_p0_bugs_fixed.TestDocumentosPendentes" name="test_get_documentos_pendentes_as_parceiro" time="0.040"><failure message="AssertionError: Get documentos pendentes failed with status 403: {&quot;detail&quot;:&quot;Admin only&quot;}&#10;assert 403 == 200&#10; +  where 403 = &lt;Response [403]&gt;.status_code">tests/test_p0_bugs_fixed.py:332: in test_get_documentos_pendentes_as_parceiro
    assert response.status_code == 200, f"Get documentos pendentes failed with status {response.status_code}: {response.text}"
E   AssertionError: Get documentos pendentes failed with status 403: {"detail":"Admin only"}
E   assert 403 == 200
E    +  where 403 = &lt;Response [403]&gt;.status_code</failure></testcase><testcase classname="tests.test_p0_bugs_fixed.TestDocumentosPendentes" name="test_get_documentos_pendentes_as_admin" time="0.297"><failure message="assert False&#10; +  where False = isinstance([], dict)">tests/test_p0_bugs_fixed.py:349: in test_get_documentos_pendentes_as_admin
    assert isinstance(result, dict)
E   assert False
E    +  where False = isinstance([], dict)</failure></testcase><testcase classname="tests.test_p0_bugs_fixed.TestDocumentosPendentes" name="test_get_documentos_pendentes_unauthorized" time="0.074" /><testcase classname="tests.test_p0_bugs_fixed.TestContratosGerar" name="test_gerar_contrato_as_parceiro" time="0.052"><failure message="AssertionError: assert 'id' in {'contrato_id': '52f216b9-f8be-4bce-ba8c-bafae87ebdb6', 'message': 'Contract generated successfully', 'referencia': '001/2026'}">tests/test_p0_bugs_fixed.py:392: in test_gerar_contrato_as_parceiro
    assert "id" in result
E   AssertionError: assert 'id' in {'contrato_id': '52f216b9-f8be-4bce-ba8c-bafae87ebdb6', 'message': 'Contract generated successfully', 'referencia': '001/2026'}</failure></testcase><testcase classname="tests.test_p0_bugs_fixed.TestContratosGerar" name="test_gerar_contrato_unauthorized" time="0.035" /><testcase classname="tests.test_p0_bugs_fixed.TestNotificacoes" name="test_get_notificacoes_list" time="0.037" /><testcase classname="tests.test_p0_bugs_fixed.TestNotificacoes" name="test_get_notificacao_detalhe" time="0.075" /><testcase classname="tests.test_p0_bugs_fixed.TestNotificacoes" name="test_update_notificacao_notas" time="0.072" /><testcase classname="tests.test_p0_bugs_fixed.TestNotificacoesStats" name="test_get_notificacoes_stats" time="0.037" /><testcase classname="tests.test_p0_bugs_fixed.TestCleanup" name="test_cleanup_test_agenda_events" time="0.070" /></testsuite></testsuites>