<?xml version="1.0" encoding="utf-8"?><testsuites name="pytest tests"><testsuite name="pytest" errors="0" failures="1" skipped="0" tests="19" time="2.325" timestamp="2026-01-13T19:43:14.415296+00:00" hostname="agent-env-c32192ff-62ed-4d63-8f3e-7872775d7dd5"><testcase classname="tests.test_p0_bugs_fixed.TestAuth" name="test_login_admin" time="0.300" /><testcase classname="tests.test_p0_bugs_fixed.TestAuth" name="test_login_parceiro" time="0.265" /><testcase classname="tests.test_p0_bugs_fixed.TestMotoristasDocumentoUpload" name="test_upload_documento_as_parceiro" time="0.459" /><testcase classname="tests.test_p0_bugs_fixed.TestMotoristasDocumentoUpload" name="test_upload_documento_unauthorized" time="0.040" /><testcase classname="tests.test_p0_bugs_fixed.TestVehiclePhotoUpload" name="test_upload_photo_as_parceiro" time="0.099" /><testcase classname="tests.test_p0_bugs_fixed.TestVehiclePhotoUpload" name="test_upload_foto_alt_endpoint" time="0.039" /><testcase classname="tests.test_p0_bugs_fixed.TestVehicleAgenda" name="test_add_agenda_event_as_parceiro" time="0.081" /><testcase classname="tests.test_p0_bugs_fixed.TestVehicleAgenda" name="test_get_agenda" time="0.036" /><testcase classname="tests.test_p0_bugs_fixed.TestVehicleAgenda" name="test_delete_agenda_event_as_parceiro" time="0.072" /><testcase classname="tests.test_p0_bugs_fixed.TestDocumentosPendentes" name="test_get_documentos_pendentes_as_parceiro" time="0.042"><failure message="assert False&#10; +  where False = isinstance([], dict)">tests/test_p0_bugs_fixed.py:335: in test_get_documentos_pendentes_as_parceiro
    assert isinstance(result, dict)
E   assert False
E    +  where False = isinstance([], dict)</failure></testcase><testcase classname="tests.test_p0_bugs_fixed.TestDocumentosPendentes" name="test_get_documentos_pendentes_as_admin" time="0.298" /><testcase classname="tests.test_p0_bugs_fixed.TestDocumentosPendentes" name="test_get_documentos_pendentes_unauthorized" time="0.036" /><testcase classname="tests.test_p0_bugs_fixed.TestContratosGerar" name="test_gerar_contrato_as_parceiro" time="0.040" /><testcase classname="tests.test_p0_bugs_fixed.TestContratosGerar" name="test_gerar_contrato_unauthorized" time="0.036" /><testcase classname="tests.test_p0_bugs_fixed.TestNotificacoes" name="test_get_notificacoes_list" time="0.039" /><testcase classname="tests.test_p0_bugs_fixed.TestNotificacoes" name="test_get_notificacao_detalhe" time="0.121" /><testcase classname="tests.test_p0_bugs_fixed.TestNotificacoes" name="test_update_notificacao_notas" time="0.073" /><testcase classname="tests.test_p0_bugs_fixed.TestNotificacoesStats" name="test_get_notificacoes_stats" time="0.078" /><testcase classname="tests.test_p0_bugs_fixed.TestCleanup" name="test_cleanup_test_agenda_events" time="0.077" /></testsuite></testsuites>