<?xml version="1.0" encoding="utf-8"?><testsuites name="pytest tests"><testsuite name="pytest" errors="0" failures="1" skipped="0" tests="22" time="4.182" timestamp="2026-02-21T02:11:56.613325+00:00" hostname="agent-env-79402229-665d-4d2c-ad75-765092f2b56d"><testcase classname="backend.tests.test_tvdefleet_regression.TestAuthentication" name="test_login_parceiro_success" time="0.480" /><testcase classname="backend.tests.test_tvdefleet_regression.TestAuthentication" name="test_login_admin_success" time="0.403" /><testcase classname="backend.tests.test_tvdefleet_regression.TestAuthentication" name="test_login_invalid_credentials" time="0.186" /><testcase classname="backend.tests.test_tvdefleet_regression.TestAuthentication" name="test_get_current_user" time="0.459" /><testcase classname="backend.tests.test_tvdefleet_regression.TestComissoesDashboard" name="test_dashboard_resumo" time="0.120" /><testcase classname="backend.tests.test_tvdefleet_regression.TestComissoesDashboard" name="test_dashboard_resumo_semanal" time="0.122" /><testcase classname="backend.tests.test_tvdefleet_regression.TestComissoesDashboard" name="test_dashboard_por_motorista" time="0.108" /><testcase classname="backend.tests.test_tvdefleet_regression.TestGestaoPlanosModulos" name="test_modulos_extras_list" time="0.136" /><testcase classname="backend.tests.test_tvdefleet_regression.TestGestaoPlanosModulos" name="test_modulos_list" time="0.111" /><testcase classname="backend.tests.test_tvdefleet_regression.TestGestaoPlanosModulos" name="test_planos_list" time="0.123" /><testcase classname="backend.tests.test_tvdefleet_regression.TestGestaoPlanosModulos" name="test_minha_subscricao" time="0.141" /><testcase classname="backend.tests.test_tvdefleet_regression.TestStorageConfig" name="test_get_storage_config" time="0.120" /><testcase classname="backend.tests.test_tvdefleet_regression.TestStorageConfig" name="test_list_cloud_providers" time="0.128" /><testcase classname="backend.tests.test_tvdefleet_regression.TestStorageConfig" name="test_get_oauth_url_google" time="0.138"><failure message="assert 520 == 500&#10; +  where 520 = &lt;Response [520]&gt;.status_code">backend/tests/test_tvdefleet_regression.py:267: in test_get_oauth_url_google
    assert response.status_code == 500
E   assert 520 == 500
E    +  where 520 = &lt;Response [520]&gt;.status_code</failure></testcase><testcase classname="backend.tests.test_tvdefleet_regression.TestStorageConfig" name="test_get_sync_status" time="0.159" /><testcase classname="backend.tests.test_tvdefleet_regression.TestWhatsApp" name="test_whatsapp_status" time="0.339" /><testcase classname="backend.tests.test_tvdefleet_regression.TestMotoristas" name="test_list_motoristas" time="0.139" /><testcase classname="backend.tests.test_tvdefleet_regression.TestVehicles" name="test_list_vehicles" time="0.127" /><testcase classname="backend.tests.test_tvdefleet_regression.TestComissoesConfig" name="test_parceiro_config" time="0.141" /><testcase classname="backend.tests.test_tvdefleet_regression.TestComissoesConfig" name="test_escalas_ativa" time="0.129" /><testcase classname="backend.tests.test_tvdefleet_regression.TestConfiguracaoRelatorios" name="test_get_relatorio_config" time="0.140" /><testcase classname="backend.tests.test_tvdefleet_regression.TestMeuPlano" name="test_subscricao_minha" time="0.128" /></testsuite></testsuites>