<?xml version="1.0" encoding="utf-8"?><testsuites name="pytest tests"><testsuite name="pytest" errors="0" failures="0" skipped="0" tests="14" time="4.962" timestamp="2026-01-25T00:03:18.011709+00:00" hostname="agent-env-27898af0-0f33-47f2-9ec6-bf3608bd64c2"><testcase classname="backend.tests.test_permissoes_funcionalidades.TestAuthentication" name="test_admin_login_success" time="0.303" /><testcase classname="backend.tests.test_permissoes_funcionalidades.TestAuthentication" name="test_parceiro_login_success" time="0.263" /><testcase classname="backend.tests.test_permissoes_funcionalidades.TestAuthentication" name="test_login_invalid_credentials" time="0.081" /><testcase classname="backend.tests.test_permissoes_funcionalidades.TestPermissoesFuncionalidades" name="test_admin_get_minhas_permissoes" time="0.378" /><testcase classname="backend.tests.test_permissoes_funcionalidades.TestPermissoesFuncionalidades" name="test_parceiro_get_minhas_permissoes" time="0.305" /><testcase classname="backend.tests.test_permissoes_funcionalidades.TestPermissoesFuncionalidades" name="test_admin_update_parceiro_permissoes" time="0.340" /><testcase classname="backend.tests.test_permissoes_funcionalidades.TestPermissoesFuncionalidades" name="test_parceiro_cannot_update_permissions" time="0.348" /><testcase classname="backend.tests.test_permissoes_funcionalidades.TestPermissoesFuncionalidades" name="test_get_all_funcionalidades" time="0.305" /><testcase classname="backend.tests.test_permissoes_funcionalidades.TestPermissoesFuncionalidades" name="test_admin_list_all_parceiros_permissoes" time="0.299" /><testcase classname="backend.tests.test_permissoes_funcionalidades.TestRPAPlataformasPermissoes" name="test_admin_get_all_plataformas" time="0.302" /><testcase classname="backend.tests.test_permissoes_funcionalidades.TestRPAPlataformasPermissoes" name="test_parceiro_get_filtered_plataformas" time="0.628" /><testcase classname="backend.tests.test_permissoes_funcionalidades.TestRPAPlataformasPermissoes" name="test_admin_update_parceiro_plataformas" time="0.332" /><testcase classname="backend.tests.test_permissoes_funcionalidades.TestPermissoesIntegration" name="test_permissions_flow_complete" time="0.656" /><testcase classname="backend.tests.test_permissoes_funcionalidades.TestPermissoesIntegration" name="test_invalid_funcionalidade_rejected" time="0.294" /></testsuite></testsuites>