<?xml version="1.0" encoding="utf-8"?><testsuites name="pytest tests"><testsuite name="pytest" errors="0" failures="1" skipped="0" tests="16" time="5.689" timestamp="2026-01-23T00:54:32.426702+00:00" hostname="agent-env-03427b4b-a00c-49ee-be35-9d2cb43ae576"><testcase classname="tests.test_user_management_iteration15.TestUserManagementAPIs" name="test_get_all_users" time="0.313" /><testcase classname="tests.test_user_management_iteration15.TestUserManagementAPIs" name="test_get_parceiros" time="0.283" /><testcase classname="tests.test_user_management_iteration15.TestUserManagementAPIs" name="test_block_user" time="0.351" /><testcase classname="tests.test_user_management_iteration15.TestUserManagementAPIs" name="test_unblock_user" time="0.294"><failure message="AssertionError: Failed to block user: {&quot;detail&quot;:&quot;Utilizador não encontrado&quot;}&#10;assert 404 == 200&#10; +  where 404 = &lt;Response [404]&gt;.status_code">tests/test_user_management_iteration15.py:135: in test_unblock_user
    user_id = self.test_block_user()
              ^^^^^^^^^^^^^^^^^^^^^^
tests/test_user_management_iteration15.py:117: in test_block_user
    assert response.status_code == 200, f"Failed to block user: {response.text}"
E   AssertionError: Failed to block user: {"detail":"Utilizador não encontrado"}
E   assert 404 == 200
E    +  where 404 = &lt;Response [404]&gt;.status_code</failure></testcase><testcase classname="tests.test_user_management_iteration15.TestUserManagementAPIs" name="test_block_invalid_status" time="0.286" /><testcase classname="tests.test_user_management_iteration15.TestUserManagementAPIs" name="test_revoke_user" time="0.318" /><testcase classname="tests.test_user_management_iteration15.TestUserManagementAPIs" name="test_revoke_nonexistent_user" time="0.276" /><testcase classname="tests.test_user_management_iteration15.TestUserManagementAPIs" name="test_reset_password" time="0.788" /><testcase classname="tests.test_user_management_iteration15.TestUserManagementAPIs" name="test_reset_password_too_short" time="0.331" /><testcase classname="tests.test_user_management_iteration15.TestUserManagementAPIs" name="test_set_user_role" time="0.297" /><testcase classname="tests.test_user_management_iteration15.TestUserManagementAPIs" name="test_set_invalid_role" time="0.292" /><testcase classname="tests.test_user_management_iteration15.TestUserManagementAPIs" name="test_get_pending_users" time="0.267" /><testcase classname="tests.test_user_management_iteration15.TestUserManagementAPIs" name="test_non_admin_cannot_block" time="0.550" /><testcase classname="tests.test_user_management_iteration15.TestUserFiltering" name="test_users_have_role_field" time="0.277" /><testcase classname="tests.test_user_management_iteration15.TestUserFiltering" name="test_users_have_created_at_field" time="0.319" /><testcase classname="tests.test_user_management_iteration15.TestUserFiltering" name="test_motoristas_have_parceiro_id" time="0.296" /></testsuite></testsuites>