<?xml version="1.0" encoding="utf-8"?><testsuites name="pytest tests"><testsuite name="pytest" errors="0" failures="0" skipped="0" tests="17" time="19.609" timestamp="2026-02-16T22:37:09.129115+00:00" hostname="agent-env-acf2194b-5607-420c-85e4-b6681a9e5b52"><testcase classname="tests.test_browser_virtual_admin.TestAuthenticationRequired" name="test_sessoes_requires_auth" time="0.186" /><testcase classname="tests.test_browser_virtual_admin.TestAuthenticationRequired" name="test_iniciar_sessao_requires_auth" time="0.178" /><testcase classname="tests.test_browser_virtual_admin.TestPlataformasAPI" name="test_listar_plataformas" time="0.634" /><testcase classname="tests.test_browser_virtual_admin.TestPlataformasAPI" name="test_plataformas_have_required_fields" time="0.137" /><testcase classname="tests.test_browser_virtual_admin.TestPlataformasAPI" name="test_rpa_plataformas_exist" time="0.203" /><testcase classname="tests.test_browser_virtual_admin.TestBrowserVirtualSessions" name="test_listar_sessoes_ativas" time="0.124" /><testcase classname="tests.test_browser_virtual_admin.TestBrowserVirtualSessions" name="test_iniciar_sessao_plataforma_inexistente" time="0.203" /><testcase classname="tests.test_browser_virtual_admin.TestBrowserVirtualSessions" name="test_iniciar_sessao_success" time="2.787" /><testcase classname="tests.test_browser_virtual_admin.TestBrowserVirtualSessions" name="test_obter_status_sessao_inexistente" time="0.269" /><testcase classname="tests.test_browser_virtual_admin.TestBrowserVirtualFeatures" name="test_obter_screenshot" time="3.277" /><testcase classname="tests.test_browser_virtual_admin.TestBrowserVirtualFeatures" name="test_toggle_gravacao" time="3.572" /><testcase classname="tests.test_browser_virtual_admin.TestBrowserVirtualFeatures" name="test_executar_acao_click" time="3.121" /><testcase classname="tests.test_browser_virtual_admin.TestBrowserVirtualFeatures" name="test_obter_passos_gravados" time="2.829" /><testcase classname="tests.test_browser_virtual_admin.TestBrowserVirtualFeatures" name="test_terminar_sessao" time="1.058" /><testcase classname="tests.test_browser_virtual_admin.TestPlataformaCategories" name="test_has_expected_categories" time="0.206" /><testcase classname="tests.test_browser_virtual_admin.TestPlataformaCategories" name="test_prio_plataforma_exists" time="0.183" /><testcase classname="tests.test_browser_virtual_admin.TestBrowserVirtualAdminOnly" name="test_non_admin_cannot_access_sessoes" time="0.520" /></testsuite></testsuites>