<?xml version="1.0" encoding="utf-8"?><testsuites name="pytest tests"><testsuite name="pytest" errors="0" failures="0" skipped="0" tests="14" time="8.300" timestamp="2026-02-18T18:58:34.772195+00:00" hostname="agent-env-a69c6123-55f0-4a04-8f6e-c6067a9ee36d"><testcase classname="backend.tests.test_ui_ux_improvements.TestAuthAndUsers" name="test_admin_login" time="0.518" /><testcase classname="backend.tests.test_ui_ux_improvements.TestAuthAndUsers" name="test_parceiro_login" time="0.357" /><testcase classname="backend.tests.test_ui_ux_improvements.TestAuthAndUsers" name="test_get_all_users" time="0.522" /><testcase classname="backend.tests.test_ui_ux_improvements.TestDashboardFaturacao" name="test_dashboard_totais_ano_structure" time="0.541" /><testcase classname="backend.tests.test_ui_ux_improvements.TestDashboardFaturacao" name="test_dashboard_totais_ano_with_ano_param" time="0.967" /><testcase classname="backend.tests.test_ui_ux_improvements.TestDashboardFaturacao" name="test_dashboard_totais_ano_default_year" time="0.451" /><testcase classname="backend.tests.test_ui_ux_improvements.TestDashboardFaturacao" name="test_dashboard_empresas_list" time="0.739" /><testcase classname="backend.tests.test_ui_ux_improvements.TestDashboardFaturacao" name="test_dashboard_motoristas_structure" time="0.459" /><testcase classname="backend.tests.test_ui_ux_improvements.TestEmpresasFaturacao" name="test_list_empresas_faturacao" time="0.517" /><testcase classname="backend.tests.test_ui_ux_improvements.TestPrecosEspeciaisBackend" name="test_list_planos_for_precos_especiais" time="0.585" /><testcase classname="backend.tests.test_ui_ux_improvements.TestPrecosEspeciaisBackend" name="test_list_parceiros_for_precos_especiais" time="0.472" /><testcase classname="backend.tests.test_ui_ux_improvements.TestUserModulosAccess" name="test_get_user_modulos" time="0.800" /><testcase classname="backend.tests.test_ui_ux_improvements.TestUserModulosAccess" name="test_get_planos_list" time="0.738" /><testcase classname="backend.tests.test_ui_ux_improvements.TestUserModulosAccess" name="test_get_modulos_list" time="0.513" /></testsuite></testsuites>