<?xml version="1.0" encoding="utf-8"?><testsuites name="pytest tests"><testsuite name="pytest" errors="0" failures="0" skipped="0" tests="10" time="3.196" timestamp="2026-01-14T00:48:49.610973+00:00" hostname="agent-env-57a3f7a8-4bb1-4b25-869f-d43f18e138c7"><testcase classname="tests.test_p0_bugs_iteration13.TestAuth" name="test_login_parceiro" time="0.288" /><testcase classname="tests.test_p0_bugs_iteration13.TestAuth" name="test_login_admin" time="0.259" /><testcase classname="tests.test_p0_bugs_iteration13.TestBug1TemplatesContrato" name="test_get_templates_contrato_as_parceiro" time="0.295" /><testcase classname="tests.test_p0_bugs_iteration13.TestBug1TemplatesContrato" name="test_get_templates_using_user_id" time="0.300" /><testcase classname="tests.test_p0_bugs_iteration13.TestBug2DocumentosMotorista" name="test_get_motoristas_as_parceiro" time="0.304" /><testcase classname="tests.test_p0_bugs_iteration13.TestBug2DocumentosMotorista" name="test_get_motorista_detail" time="0.314" /><testcase classname="tests.test_p0_bugs_iteration13.TestBug2DocumentosMotorista" name="test_upload_documento_motorista" time="0.333" /><testcase classname="tests.test_p0_bugs_iteration13.TestBug3VeiculosLista" name="test_get_vehicles_as_parceiro" time="0.292" /><testcase classname="tests.test_p0_bugs_iteration13.TestBug3VeiculosLista" name="test_get_vehicle_detail" time="0.335" /><testcase classname="tests.test_p0_bugs_iteration13.TestIntegrationCriarContrato" name="test_full_criar_contrato_flow" time="0.414" /></testsuite></testsuites>