<?xml version="1.0" encoding="utf-8"?><testsuites name="pytest tests"><testsuite name="pytest" errors="0" failures="2" skipped="0" tests="17" time="3.129" timestamp="2026-02-21T00:31:50.784812+00:00" hostname="agent-env-309c2e5a-f20f-45ad-b9d3-f62fe38587db"><testcase classname="backend.tests.test_storage_config.TestStorageConfigGet" name="test_get_config_as_admin" time="0.510" /><testcase classname="backend.tests.test_storage_config.TestStorageConfigGet" name="test_get_config_as_parceiro" time="0.466" /><testcase classname="backend.tests.test_storage_config.TestStorageConfigGet" name="test_get_config_without_auth" time="0.106" /><testcase classname="backend.tests.test_storage_config.TestStorageProviders" name="test_list_providers" time="0.138" /><testcase classname="backend.tests.test_storage_config.TestStorageProviders" name="test_list_providers_as_parceiro" time="0.112" /><testcase classname="backend.tests.test_storage_config.TestStorageConfigUpdate" name="test_update_config_to_local" time="0.128" /><testcase classname="backend.tests.test_storage_config.TestStorageConfigUpdate" name="test_update_config_cloud_requires_provider" time="0.102" /><testcase classname="backend.tests.test_storage_config.TestCloudConnection" name="test_connect_provider_without_credentials" time="0.192" /><testcase classname="backend.tests.test_storage_config.TestCloudConnection" name="test_connect_invalid_provider" time="0.113"><failure message="assert 422 == 400&#10; +  where 422 = &lt;Response [422]&gt;.status_code">backend/tests/test_storage_config.py:207: in test_connect_invalid_provider
    assert response.status_code == 400
E   assert 422 == 400
E    +  where 422 = &lt;Response [422]&gt;.status_code</failure></testcase><testcase classname="backend.tests.test_storage_config.TestCloudConnection" name="test_connect_terabox_with_credentials" time="0.130" /><testcase classname="backend.tests.test_storage_config.TestAdminAllConfigs" name="test_get_all_configs_as_admin" time="0.112" /><testcase classname="backend.tests.test_storage_config.TestAdminAllConfigs" name="test_get_all_configs_as_parceiro_forbidden" time="0.113" /><testcase classname="backend.tests.test_storage_config.TestSyncStatus" name="test_get_sync_status" time="0.144" /><testcase classname="backend.tests.test_storage_config.TestSyncStatus" name="test_trigger_sync_local_mode_fails" time="0.294" /><testcase classname="backend.tests.test_storage_config.TestDisconnectProvider" name="test_disconnect_provider_not_found" time="0.108" /><testcase classname="backend.tests.test_storage_config.TestDownloadEndpoints" name="test_download_no_provider_configured" time="0.112"><failure message="assert 520 in [400, 500]&#10; +  where 520 = &lt;Response [520]&gt;.status_code">backend/tests/test_storage_config.py:329: in test_download_no_provider_configured
    assert response.status_code in [400, 500]
E   assert 520 in [400, 500]
E    +  where 520 = &lt;Response [520]&gt;.status_code</failure></testcase><testcase classname="backend.tests.test_storage_config.TestDownloadEndpoints" name="test_list_cloud_files_no_provider" time="0.146" /></testsuite></testsuites>