<?xml version="1.0" encoding="utf-8"?><testsuites name="pytest tests"><testsuite name="pytest" errors="0" failures="0" skipped="0" tests="18" time="7.930" timestamp="2026-02-19T04:35:19.732651+00:00" hostname="agent-env-78e154f3-2732-4aa1-bd99-aa6e6272ad9c"><testcase classname="backend.tests.test_precos_especiais.TestPrecosEspeciaisEndpoints" name="test_admin_listar_precos_especiais" time="0.635" /><testcase classname="backend.tests.test_precos_especiais.TestPrecosEspeciaisEndpoints" name="test_gestao_planos_listar_precos_especiais" time="0.384" /><testcase classname="backend.tests.test_precos_especiais.TestPrecosEspeciaisEndpoints" name="test_criar_preco_especial_percentagem" time="0.463" /><testcase classname="backend.tests.test_precos_especiais.TestPrecosEspeciaisEndpoints" name="test_criar_preco_especial_valor_fixo" time="0.451" /><testcase classname="backend.tests.test_precos_especiais.TestPrecosEspeciaisEndpoints" name="test_criar_preco_especial_valor_fixo_veiculo" time="0.437" /><testcase classname="backend.tests.test_precos_especiais.TestPrecosEspeciaisEndpoints" name="test_criar_preco_especial_valor_fixo_motorista" time="0.451" /><testcase classname="backend.tests.test_precos_especiais.TestPrecosEspeciaisEndpoints" name="test_criar_preco_especial_valor_fixo_motorista_veiculo" time="0.431" /><testcase classname="backend.tests.test_precos_especiais.TestCalculoPrecosEspeciais" name="test_calcular_preco_sem_especial" time="0.428" /><testcase classname="backend.tests.test_precos_especiais.TestCalculoPrecosEspeciais" name="test_calcular_percentagem" time="0.484" /><testcase classname="backend.tests.test_precos_especiais.TestCalculoPrecosEspeciais" name="test_calcular_valor_fixo" time="0.548" /><testcase classname="backend.tests.test_precos_especiais.TestCalculoPrecosEspeciais" name="test_calcular_valor_fixo_veiculo" time="0.482" /><testcase classname="backend.tests.test_precos_especiais.TestCalculoPrecosEspeciais" name="test_calcular_valor_fixo_motorista" time="0.531" /><testcase classname="backend.tests.test_precos_especiais.TestCalculoPrecosEspeciais" name="test_calcular_valor_fixo_motorista_veiculo" time="0.488" /><testcase classname="backend.tests.test_precos_especiais.TestPrecoEspecialCRUD" name="test_crud_cycle_preco_especial" time="0.568" /><testcase classname="backend.tests.test_precos_especiais.TestPrecoEspecialCRUD" name="test_delete_nonexistent_preco" time="0.403" /><testcase classname="backend.tests.test_precos_especiais.TestPrecoEspecialCRUD" name="test_create_without_parceiro_id" time="0.384" /><testcase classname="backend.tests.test_precos_especiais.TestAuthorizationPrecosEspeciais" name="test_unauthorized_access_admin_endpoint" time="0.110" /><testcase classname="backend.tests.test_precos_especiais.TestAuthorizationPrecosEspeciais" name="test_unauthorized_access_gestao_planos_endpoint" time="0.119" /></testsuite></testsuites>