<?xml version="1.0" encoding="utf-8"?><testsuites name="pytest tests"><testsuite name="pytest" errors="0" failures="0" skipped="0" tests="12" time="4.774" timestamp="2026-02-20T01:32:48.353470+00:00" hostname="agent-env-731e4973-fad8-452a-8404-6e3a6033a65f"><testcase classname="backend.tests.test_gestao_planos_features.TestPermanentDeletion" name="test_delete_plano_permanente_endpoint_exists" time="0.862" /><testcase classname="backend.tests.test_gestao_planos_features.TestPermanentDeletion" name="test_delete_modulo_permanente_endpoint_exists" time="0.523" /><testcase classname="backend.tests.test_gestao_planos_features.TestPermanentDeletion" name="test_delete_categoria_permanente_endpoint_exists" time="0.356" /><testcase classname="backend.tests.test_gestao_planos_features.TestPrecosEspeciais" name="test_list_precos_especiais_endpoint" time="0.119" /><testcase classname="backend.tests.test_gestao_planos_features.TestPrecosEspeciais" name="test_delete_preco_especial_endpoint_exists" time="0.418" /><testcase classname="backend.tests.test_gestao_planos_features.TestModuloDestaque" name="test_create_modulo_with_destaque" time="0.255" /><testcase classname="backend.tests.test_gestao_planos_features.TestModuloDestaque" name="test_update_modulo_destaque" time="0.445" /><testcase classname="backend.tests.test_gestao_planos_features.TestModuloDestaque" name="test_list_modulos_with_destaque_count" time="0.113" /><testcase classname="backend.tests.test_gestao_planos_features.TestPlanoPrecos" name="test_plano_has_precos_plano_structure" time="0.120" /><testcase classname="backend.tests.test_gestao_planos_features.TestDeactivationEndpoints" name="test_deactivate_plano" time="0.567" /><testcase classname="backend.tests.test_gestao_planos_features.TestDeactivationEndpoints" name="test_deactivate_modulo" time="0.436" /><testcase classname="backend.tests.test_gestao_planos_features.TestDeactivationEndpoints" name="test_deactivate_categoria" time="0.503" /></testsuite></testsuites>