<?xml version="1.0" encoding="utf-8"?><testsuites name="pytest tests"><testsuite name="pytest" errors="0" failures="0" skipped="0" tests="13" time="4.671" timestamp="2026-01-13T01:56:45.610319+00:00" hostname="agent-env-8a39ed88-b097-4120-b839-71fd2b1989d7"><testcase classname="tests.test_alertas_custos.TestAuth" name="test_parceiro_login" time="0.331" /><testcase classname="tests.test_alertas_custos.TestAlertasConfigLimites" name="test_get_config_limites_default" time="0.304" /><testcase classname="tests.test_alertas_custos.TestAlertasConfigLimites" name="test_post_config_limites" time="0.308" /><testcase classname="tests.test_alertas_custos.TestAlertasConfigLimites" name="test_verify_config_persisted" time="0.359" /><testcase classname="tests.test_alertas_custos.TestAlertasConfigLimites" name="test_config_limites_unauthorized" time="0.342" /><testcase classname="tests.test_alertas_custos.TestAlertasCustosVerificar" name="test_verificar_custos_inactive" time="0.380" /><testcase classname="tests.test_alertas_custos.TestAlertasCustosVerificar" name="test_verificar_custos_active" time="0.352" /><testcase classname="tests.test_alertas_custos.TestAlertasCustosVerificar" name="test_verificar_custos_periodo_semanal" time="0.384" /><testcase classname="tests.test_alertas_custos.TestAlertasCustosVerificar" name="test_verificar_custos_periodo_mensal" time="0.390" /><testcase classname="tests.test_alertas_custos.TestAlertasCustosHistorico" name="test_get_historico" time="0.302" /><testcase classname="tests.test_alertas_custos.TestAlertasCustosHistorico" name="test_historico_unauthorized" time="0.338" /><testcase classname="tests.test_alertas_custos.TestAlertasIntegration" name="test_full_config_flow" time="0.499" /><testcase classname="tests.test_alertas_custos.TestCleanup" name="test_reset_config" time="0.304" /></testsuite></testsuites>