<?xml version="1.0" encoding="utf-8"?><testsuites name="pytest tests"><testsuite name="pytest" errors="0" failures="16" skipped="0" tests="19" time="5.688" timestamp="2026-01-13T01:15:01.546999+00:00" hostname="agent-env-8a39ed88-b097-4120-b839-71fd2b1989d7"><testcase classname="tests.test_terabox.TestTeraboxAuth" name="test_parceiro_login" time="0.296"><failure message="AssertionError: No token in response&#10;assert 'token' in {'access_token': 'eyJhbGciOiJIUzI1NiIsInR5cCI6IkpXVCJ9.eyJ1c2VyX2lkIjoiYWIyYTI1YWEtNGY3MC00YzdiLTgzNWQtOTIwNGIwY2QwZDdlIiwiZW1haWwiOiJwYXJjZWlyb0B0dmRlZmxlZXQuY29tIiwicm9sZSI6InBhcmNlaXJvIiwiZXhwIjoxNzY4MzUzMzAxfQ.6kXtnuX-108dPAVW5-F7-Mwn6Lr2G7itloW10jhjGOk', 'token_type': 'bearer', 'user': {'approved': True, 'associated_gestor_id': None, 'associated_partner_id': None, 'campos_customizados': {}, ...}}">tests/test_terabox.py:31: in test_parceiro_login
    assert "token" in data, "No token in response"
E   AssertionError: No token in response
E   assert 'token' in {'access_token': 'eyJhbGciOiJIUzI1NiIsInR5cCI6IkpXVCJ9.eyJ1c2VyX2lkIjoiYWIyYTI1YWEtNGY3MC00YzdiLTgzNWQtOTIwNGIwY2QwZDdlIiwiZW1haWwiOiJwYXJjZWlyb0B0dmRlZmxlZXQuY29tIiwicm9sZSI6InBhcmNlaXJvIiwiZXhwIjoxNzY4MzUzMzAxfQ.6kXtnuX-108dPAVW5-F7-Mwn6Lr2G7itloW10jhjGOk', 'token_type': 'bearer', 'user': {'approved': True, 'associated_gestor_id': None, 'associated_partner_id': None, 'campos_customizados': {}, ...}}</failure></testcase><testcase classname="tests.test_terabox.TestTeraboxAuth" name="test_admin_login" time="0.262"><failure message="AssertionError: No token in response&#10;assert 'token' in {'access_token': 'eyJhbGciOiJIUzI1NiIsInR5cCI6IkpXVCJ9.eyJ1c2VyX2lkIjoiZTgxODc4YWMtNDhmOS00M2E5LWFjZmMtZTY3NmRlMGZhN2MyIiwiZW1haWwiOiJhZG1pbkB0dmRlZmxlZXQuY29tIiwicm9sZSI6ImFkbWluIiwiZXhwIjoxNzY4MzUzMzAyfQ.6ZhjNwVoTlg8su5-gj0RtKfpCumLdFLgEGk7KE7oWTY', 'token_type': 'bearer', 'user': {'approved': True, 'associated_gestor_id': None, 'associated_partner_id': None, 'campos_customizados': {}, ...}}">tests/test_terabox.py:43: in test_admin_login
    assert "token" in data, "No token in response"
E   AssertionError: No token in response
E   assert 'token' in {'access_token': 'eyJhbGciOiJIUzI1NiIsInR5cCI6IkpXVCJ9.eyJ1c2VyX2lkIjoiZTgxODc4YWMtNDhmOS00M2E5LWFjZmMtZTY3NmRlMGZhN2MyIiwiZW1haWwiOiJhZG1pbkB0dmRlZmxlZXQuY29tIiwicm9sZSI6ImFkbWluIiwiZXhwIjoxNzY4MzUzMzAyfQ.6ZhjNwVoTlg8su5-gj0RtKfpCumLdFLgEGk7KE7oWTY', 'token_type': 'bearer', 'user': {'approved': True, 'associated_gestor_id': None, 'associated_partner_id': None, 'campos_customizados': {}, ...}}</failure></testcase><testcase classname="tests.test_terabox.TestTeraboxStats" name="test_get_stats_parceiro" time="0.315"><failure message="AssertionError: Stats failed: {&quot;detail&quot;:&quot;Invalid token&quot;}&#10;assert 401 == 200&#10; +  where 401 = &lt;Response [401]&gt;.status_code">tests/test_terabox.py:80: in test_get_stats_parceiro
    assert response.status_code == 200, f"Stats failed: {response.text}"
E   AssertionError: Stats failed: {"detail":"Invalid token"}
E   assert 401 == 200
E    +  where 401 = &lt;Response [401]&gt;.status_code</failure></testcase><testcase classname="tests.test_terabox.TestTeraboxStats" name="test_get_stats_admin" time="0.302"><failure message="AssertionError: Stats failed: {&quot;detail&quot;:&quot;Invalid token&quot;}&#10;assert 401 == 200&#10; +  where 401 = &lt;Response [401]&gt;.status_code">tests/test_terabox.py:97: in test_get_stats_admin
    assert response.status_code == 200, f"Stats failed: {response.text}"
E   AssertionError: Stats failed: {"detail":"Invalid token"}
E   assert 401 == 200
E    +  where 401 = &lt;Response [401]&gt;.status_code</failure></testcase><testcase classname="tests.test_terabox.TestTeraboxStats" name="test_get_stats_no_auth" time="0.041" /><testcase classname="tests.test_terabox.TestTeraboxPastas" name="test_list_pastas_root" time="0.306"><failure message="AssertionError: List pastas failed: {&quot;detail&quot;:&quot;Invalid token&quot;}&#10;assert 401 == 200&#10; +  where 401 = &lt;Response [401]&gt;.status_code">tests/test_terabox.py:118: in test_list_pastas_root
    assert response.status_code == 200, f"List pastas failed: {response.text}"
E   AssertionError: List pastas failed: {"detail":"Invalid token"}
E   assert 401 == 200
E    +  where 401 = &lt;Response [401]&gt;.status_code</failure></testcase><testcase classname="tests.test_terabox.TestTeraboxPastas" name="test_create_pasta" time="0.304"><failure message="AssertionError: Create pasta failed: {&quot;detail&quot;:&quot;Invalid token&quot;}&#10;assert 401 == 200&#10; +  where 401 = &lt;Response [401]&gt;.status_code">tests/test_terabox.py:131: in test_create_pasta
    assert response.status_code == 200, f"Create pasta failed: {response.text}"
E   AssertionError: Create pasta failed: {"detail":"Invalid token"}
E   assert 401 == 200
E    +  where 401 = &lt;Response [401]&gt;.status_code</failure></testcase><testcase classname="tests.test_terabox.TestTeraboxPastas" name="test_create_and_delete_pasta" time="0.339"><failure message="AssertionError: Create failed: {&quot;detail&quot;:&quot;Invalid token&quot;}&#10;assert 401 == 200&#10; +  where 401 = &lt;Response [401]&gt;.status_code">tests/test_terabox.py:147: in test_create_and_delete_pasta
    assert create_response.status_code == 200, f"Create failed: {create_response.text}"
E   AssertionError: Create failed: {"detail":"Invalid token"}
E   assert 401 == 200
E    +  where 401 = &lt;Response [401]&gt;.status_code</failure></testcase><testcase classname="tests.test_terabox.TestTeraboxPastas" name="test_create_nested_pasta" time="0.296"><failure message="assert 401 == 200&#10; +  where 401 = &lt;Response [401]&gt;.status_code">tests/test_terabox.py:167: in test_create_nested_pasta
    assert parent_response.status_code == 200
E   assert 401 == 200
E    +  where 401 = &lt;Response [401]&gt;.status_code</failure></testcase><testcase classname="tests.test_terabox.TestTeraboxFicheiros" name="test_list_ficheiros_root" time="0.300"><failure message="AssertionError: List ficheiros failed: {&quot;detail&quot;:&quot;Invalid token&quot;}&#10;assert 401 == 200&#10; +  where 401 = &lt;Response [401]&gt;.status_code">tests/test_terabox.py:208: in test_list_ficheiros_root
    assert response.status_code == 200, f"List ficheiros failed: {response.text}"
E   AssertionError: List ficheiros failed: {"detail":"Invalid token"}
E   assert 401 == 200
E    +  where 401 = &lt;Response [401]&gt;.status_code</failure></testcase><testcase classname="tests.test_terabox.TestTeraboxFicheiros" name="test_upload_file" time="0.294"><failure message="AssertionError: Upload failed: {&quot;detail&quot;:&quot;Invalid token&quot;}&#10;assert 401 == 200&#10; +  where 401 = &lt;Response [401]&gt;.status_code">tests/test_terabox.py:228: in test_upload_file
    assert response.status_code == 200, f"Upload failed: {response.text}"
E   AssertionError: Upload failed: {"detail":"Invalid token"}
E   assert 401 == 200
E    +  where 401 = &lt;Response [401]&gt;.status_code</failure></testcase><testcase classname="tests.test_terabox.TestTeraboxFicheiros" name="test_upload_and_download_file" time="0.297"><failure message="AssertionError: Upload failed: {&quot;detail&quot;:&quot;Invalid token&quot;}&#10;assert 401 == 200&#10; +  where 401 = &lt;Response [401]&gt;.status_code">tests/test_terabox.py:249: in test_upload_and_download_file
    assert upload_response.status_code == 200, f"Upload failed: {upload_response.text}"
E   AssertionError: Upload failed: {"detail":"Invalid token"}
E   assert 401 == 200
E    +  where 401 = &lt;Response [401]&gt;.status_code</failure></testcase><testcase classname="tests.test_terabox.TestTeraboxFicheiros" name="test_upload_and_delete_file" time="0.301"><failure message="assert 401 == 200&#10; +  where 401 = &lt;Response [401]&gt;.status_code">tests/test_terabox.py:282: in test_upload_and_delete_file
    assert upload_response.status_code == 200
E   assert 401 == 200
E    +  where 401 = &lt;Response [401]&gt;.status_code</failure></testcase><testcase classname="tests.test_terabox.TestTeraboxSearch" name="test_search_files" time="0.298"><failure message="assert 401 == 200&#10; +  where 401 = &lt;Response [401]&gt;.status_code">tests/test_terabox.py:320: in test_search_files
    assert upload_response.status_code == 200
E   assert 401 == 200
E    +  where 401 = &lt;Response [401]&gt;.status_code</failure></testcase><testcase classname="tests.test_terabox.TestTeraboxSearch" name="test_search_empty_query" time="0.296"><failure message="AssertionError: Empty search failed: {&quot;detail&quot;:&quot;Invalid token&quot;}&#10;assert 401 == 200&#10; +  where 401 = &lt;Response [401]&gt;.status_code">tests/test_terabox.py:350: in test_search_empty_query
    assert response.status_code == 200, f"Empty search failed: {response.text}"
E   AssertionError: Empty search failed: {"detail":"Invalid token"}
E   assert 401 == 200
E    +  where 401 = &lt;Response [401]&gt;.status_code</failure></testcase><testcase classname="tests.test_terabox.TestTeraboxSearch" name="test_search_no_results" time="0.302"><failure message="assert 401 == 200&#10; +  where 401 = &lt;Response [401]&gt;.status_code">tests/test_terabox.py:360: in test_search_no_results
    assert response.status_code == 200
E   assert 401 == 200
E    +  where 401 = &lt;Response [401]&gt;.status_code</failure></testcase><testcase classname="tests.test_terabox.TestTeraboxCategorias" name="test_list_categorias" time="0.298"><failure message="AssertionError: List categorias failed: {&quot;detail&quot;:&quot;Invalid token&quot;}&#10;assert 401 == 200&#10; +  where 401 = &lt;Response [401]&gt;.status_code">tests/test_terabox.py:375: in test_list_categorias
    assert response.status_code == 200, f"List categorias failed: {response.text}"
E   AssertionError: List categorias failed: {"detail":"Invalid token"}
E   assert 401 == 200
E    +  where 401 = &lt;Response [401]&gt;.status_code</failure></testcase><testcase classname="tests.test_terabox.TestTeraboxCleanup" name="test_cleanup_test_pastas" time="0.319" /><testcase classname="tests.test_terabox.TestTeraboxCleanup" name="test_cleanup_test_ficheiros" time="0.295" /></testsuite></testsuites>