<?xml version="1.0" encoding="utf-8"?><testsuites name="pytest tests"><testsuite name="pytest" errors="0" failures="0" skipped="0" tests="17" time="3.074" timestamp="2026-02-21T00:32:48.969030+00:00" hostname="agent-env-309c2e5a-f20f-45ad-b9d3-f62fe38587db"><testcase classname="backend.tests.test_storage_config.TestStorageConfigGet" name="test_get_config_as_admin" time="0.574" /><testcase classname="backend.tests.test_storage_config.TestStorageConfigGet" name="test_get_config_as_parceiro" time="0.464" /><testcase classname="backend.tests.test_storage_config.TestStorageConfigGet" name="test_get_config_without_auth" time="0.121" /><testcase classname="backend.tests.test_storage_config.TestStorageProviders" name="test_list_providers" time="0.115" /><testcase classname="backend.tests.test_storage_config.TestStorageProviders" name="test_list_providers_as_parceiro" time="0.120" /><testcase classname="backend.tests.test_storage_config.TestStorageConfigUpdate" name="test_update_config_to_local" time="0.132" /><testcase classname="backend.tests.test_storage_config.TestStorageConfigUpdate" name="test_update_config_cloud_requires_provider" time="0.110" /><testcase classname="backend.tests.test_storage_config.TestCloudConnection" name="test_connect_provider_without_credentials" time="0.121" /><testcase classname="backend.tests.test_storage_config.TestCloudConnection" name="test_connect_invalid_provider" time="0.134" /><testcase classname="backend.tests.test_storage_config.TestCloudConnection" name="test_connect_terabox_with_credentials" time="0.133" /><testcase classname="backend.tests.test_storage_config.TestAdminAllConfigs" name="test_get_all_configs_as_admin" time="0.116" /><testcase classname="backend.tests.test_storage_config.TestAdminAllConfigs" name="test_get_all_configs_as_parceiro_forbidden" time="0.120" /><testcase classname="backend.tests.test_storage_config.TestSyncStatus" name="test_get_sync_status" time="0.105" /><testcase classname="backend.tests.test_storage_config.TestSyncStatus" name="test_trigger_sync_local_mode_fails" time="0.264" /><testcase classname="backend.tests.test_storage_config.TestDisconnectProvider" name="test_disconnect_provider_not_found" time="0.140" /><testcase classname="backend.tests.test_storage_config.TestDownloadEndpoints" name="test_download_no_provider_configured" time="0.123" /><testcase classname="backend.tests.test_storage_config.TestDownloadEndpoints" name="test_list_cloud_files_no_provider" time="0.115" /></testsuite></testsuites>