<?xml version="1.0" encoding="utf-8"?><testsuites name="pytest tests"><testsuite name="pytest" errors="0" failures="1" skipped="0" tests="12" time="4.880" timestamp="2026-02-20T01:32:27.671351+00:00" hostname="agent-env-731e4973-fad8-452a-8404-6e3a6033a65f"><testcase classname="backend.tests.test_gestao_planos_features.TestPermanentDeletion" name="test_delete_plano_permanente_endpoint_exists" time="0.996" /><testcase classname="backend.tests.test_gestao_planos_features.TestPermanentDeletion" name="test_delete_modulo_permanente_endpoint_exists" time="0.492" /><testcase classname="backend.tests.test_gestao_planos_features.TestPermanentDeletion" name="test_delete_categoria_permanente_endpoint_exists" time="0.385" /><testcase classname="backend.tests.test_gestao_planos_features.TestPrecosEspeciais" name="test_list_precos_especiais_endpoint" time="0.121" /><testcase classname="backend.tests.test_gestao_planos_features.TestPrecosEspeciais" name="test_delete_preco_especial_endpoint_exists" time="0.419" /><testcase classname="backend.tests.test_gestao_planos_features.TestModuloDestaque" name="test_create_modulo_with_destaque" time="0.156"><failure message="AssertionError: Módulo should have destaque=True&#10;assert False == True&#10; +  where False = &lt;built-in method get of dict object at 0xf85274499c80&gt;('destaque')&#10; +    where &lt;built-in method get of dict object at 0xf85274499c80&gt; = {'ativo': True, 'codigo': 'test_destaque_45910352', 'cor': '#6B7280', 'created_at': '2026-02-20T01:32:30.273084+00:00', ...}.get">backend/tests/test_gestao_planos_features.py:250: in test_create_modulo_with_destaque
    assert data.get("destaque") == True, "Módulo should have destaque=True"
E   AssertionError: Módulo should have destaque=True
E   assert False == True
E    +  where False = &lt;built-in method get of dict object at 0xf85274499c80&gt;('destaque')
E    +    where &lt;built-in method get of dict object at 0xf85274499c80&gt; = {'ativo': True, 'codigo': 'test_destaque_45910352', 'cor': '#6B7280', 'created_at': '2026-02-20T01:32:30.273084+00:00', ...}.get</failure></testcase><testcase classname="backend.tests.test_gestao_planos_features.TestModuloDestaque" name="test_update_modulo_destaque" time="0.462" /><testcase classname="backend.tests.test_gestao_planos_features.TestModuloDestaque" name="test_list_modulos_with_destaque_count" time="0.132" /><testcase classname="backend.tests.test_gestao_planos_features.TestPlanoPrecos" name="test_plano_has_precos_plano_structure" time="0.122" /><testcase classname="backend.tests.test_gestao_planos_features.TestDeactivationEndpoints" name="test_deactivate_plano" time="0.701" /><testcase classname="backend.tests.test_gestao_planos_features.TestDeactivationEndpoints" name="test_deactivate_modulo" time="0.429" /><testcase classname="backend.tests.test_gestao_planos_features.TestDeactivationEndpoints" name="test_deactivate_categoria" time="0.389" /></testsuite></testsuites>