<?xml version="1.0" encoding="utf-8"?><testsuites name="pytest tests"><testsuite name="pytest" errors="0" failures="0" skipped="0" tests="27" time="1.816" timestamp="2026-01-29T21:32:18.570593+00:00" hostname="agent-env-853ff0e0-a1d1-4817-9d03-d72e8782a7bd"><testcase classname="backend.tests.test_exportacao.TestExportacaoCampos" name="test_campos_returns_motoristas_and_veiculos" time="0.330" /><testcase classname="backend.tests.test_exportacao.TestExportacaoCampos" name="test_campos_motoristas_structure" time="0.036" /><testcase classname="backend.tests.test_exportacao.TestExportacaoCampos" name="test_campos_veiculos_structure" time="0.041" /><testcase classname="backend.tests.test_exportacao.TestExportacaoCampos" name="test_campos_has_expected_motorista_fields" time="0.037" /><testcase classname="backend.tests.test_exportacao.TestExportacaoCampos" name="test_campos_has_expected_veiculo_fields" time="0.034" /><testcase classname="backend.tests.test_exportacao.TestExportacaoCampos" name="test_campos_unauthorized_without_token" time="0.042" /><testcase classname="backend.tests.test_exportacao.TestExportacaoMotoristas" name="test_exportar_motoristas_default_fields" time="0.037" /><testcase classname="backend.tests.test_exportacao.TestExportacaoMotoristas" name="test_exportar_motoristas_with_selected_fields" time="0.041" /><testcase classname="backend.tests.test_exportacao.TestExportacaoMotoristas" name="test_exportar_motoristas_semicolon_delimiter" time="0.037" /><testcase classname="backend.tests.test_exportacao.TestExportacaoMotoristas" name="test_exportar_motoristas_comma_delimiter" time="0.045" /><testcase classname="backend.tests.test_exportacao.TestExportacaoMotoristas" name="test_exportar_motoristas_content_disposition" time="0.048" /><testcase classname="backend.tests.test_exportacao.TestExportacaoMotoristas" name="test_exportar_motoristas_invalid_fields" time="0.095" /><testcase classname="backend.tests.test_exportacao.TestExportacaoVeiculos" name="test_exportar_veiculos_default_fields" time="0.037" /><testcase classname="backend.tests.test_exportacao.TestExportacaoVeiculos" name="test_exportar_veiculos_with_selected_fields" time="0.041" /><testcase classname="backend.tests.test_exportacao.TestExportacaoVeiculos" name="test_exportar_veiculos_semicolon_delimiter" time="0.037" /><testcase classname="backend.tests.test_exportacao.TestExportacaoVeiculos" name="test_exportar_veiculos_comma_delimiter" time="0.077" /><testcase classname="backend.tests.test_exportacao.TestExportacaoVeiculos" name="test_exportar_veiculos_content_disposition" time="0.034" /><testcase classname="backend.tests.test_exportacao.TestExportacaoVeiculos" name="test_exportar_veiculos_invalid_fields" time="0.034" /><testcase classname="backend.tests.test_exportacao.TestExportacaoCompleta" name="test_exportar_completa_returns_zip" time="0.039" /><testcase classname="backend.tests.test_exportacao.TestExportacaoCompleta" name="test_exportar_completa_content_disposition" time="0.045" /><testcase classname="backend.tests.test_exportacao.TestExportacaoCompleta" name="test_exportar_completa_zip_contains_csvs" time="0.059" /><testcase classname="backend.tests.test_exportacao.TestExportacaoCompleta" name="test_exportar_completa_with_selected_fields" time="0.036" /><testcase classname="backend.tests.test_exportacao.TestExportacaoCompleta" name="test_exportar_completa_with_delimiter" time="0.042" /><testcase classname="backend.tests.test_exportacao.TestExportacaoAccessControl" name="test_admin_can_access_campos" time="0.308" /><testcase classname="backend.tests.test_exportacao.TestExportacaoAccessControl" name="test_admin_can_export_motoristas" time="0.042" /><testcase classname="backend.tests.test_exportacao.TestExportacaoAccessControl" name="test_admin_can_export_veiculos" time="0.038" /><testcase classname="backend.tests.test_exportacao.TestExportacaoAccessControl" name="test_admin_can_export_completa" time="0.039" /></testsuite></testsuites>