<?xml version="1.0" encoding="utf-8"?><testsuites name="pytest tests"><testsuite name="pytest" errors="0" failures="0" skipped="1" tests="18" time="5.275" timestamp="2026-02-12T11:05:53.906876+00:00" hostname="agent-env-8b6fd4bf-4173-4296-b127-3cf0d2de2895"><testcase classname="backend.tests.test_gestao_planos_downgrade_modulos.TestGestaoPlanosDonwgradeModulos" name="test_01_authentication" time="0.263" /><testcase classname="backend.tests.test_gestao_planos_downgrade_modulos.TestGestaoPlanosDonwgradeModulos" name="test_02_get_public_planos" time="0.054" /><testcase classname="backend.tests.test_gestao_planos_downgrade_modulos.TestGestaoPlanosDonwgradeModulos" name="test_03_get_modulos" time="0.265" /><testcase classname="backend.tests.test_gestao_planos_downgrade_modulos.TestGestaoPlanosDonwgradeModulos" name="test_10_downgrade_agendado_without_subscription" time="0.271" /><testcase classname="backend.tests.test_gestao_planos_downgrade_modulos.TestGestaoPlanosDonwgradeModulos" name="test_11_solicitar_downgrade_without_subscription" time="0.276" /><testcase classname="backend.tests.test_gestao_planos_downgrade_modulos.TestGestaoPlanosDonwgradeModulos" name="test_12_cancelar_downgrade_without_scheduled" time="0.268" /><testcase classname="backend.tests.test_gestao_planos_downgrade_modulos.TestGestaoPlanosDonwgradeModulos" name="test_20_calcular_preco_avancado_basic" time="0.274" /><testcase classname="backend.tests.test_gestao_planos_downgrade_modulos.TestGestaoPlanosDonwgradeModulos" name="test_21_calcular_preco_avancado_anual" time="0.313" /><testcase classname="backend.tests.test_gestao_planos_downgrade_modulos.TestGestaoPlanosDonwgradeModulos" name="test_22_calcular_preco_avancado_with_modules" time="0.509" /><testcase classname="backend.tests.test_gestao_planos_downgrade_modulos.TestGestaoPlanosDonwgradeModulos" name="test_23_calcular_preco_invalid_plano" time="0.288" /><testcase classname="backend.tests.test_gestao_planos_downgrade_modulos.TestGestaoPlanosDonwgradeModulos" name="test_30_modulo_historico_status" time="0.308" /><testcase classname="backend.tests.test_gestao_planos_downgrade_modulos.TestGestaoPlanosDonwgradeModulos" name="test_40_listar_recursos_inativos" time="0.267" /><testcase classname="backend.tests.test_gestao_planos_downgrade_modulos.TestGestaoPlanosDonwgradeModulos" name="test_50_listar_modulos_adicionais" time="0.263" /><testcase classname="backend.tests.test_gestao_planos_downgrade_modulos.TestGestaoPlanosDonwgradeModulos" name="test_51_adicionar_modulo_sem_subscricao" time="0.500"><skipped type="pytest.skip" message="No modules available">/app/backend/tests/test_gestao_planos_downgrade_modulos.py:324: No modules available</skipped></testcase><testcase classname="backend.tests.test_gestao_planos_downgrade_modulos.TestGestaoPlanosDonwgradeModulos" name="test_60_ativar_modulo_historico_sem_subscricao" time="0.265" /><testcase classname="backend.tests.test_gestao_planos_downgrade_modulos.TestPriceCalculationEdgeCases" name="test_price_with_zero_vehicles" time="0.275" /><testcase classname="backend.tests.test_gestao_planos_downgrade_modulos.TestPriceCalculationEdgeCases" name="test_price_with_large_numbers" time="0.286" /><testcase classname="backend.tests.test_gestao_planos_downgrade_modulos.TestPriceCalculationEdgeCases" name="test_price_semanal_periodicidade" time="0.273" /></testsuite></testsuites>