<?xml version="1.0" encoding="utf-8"?><testsuites name="pytest tests"><testsuite name="pytest" errors="0" failures="0" skipped="0" tests="18" time="8.218" timestamp="2026-01-14T02:34:18.153782+00:00" hostname="agent-env-8fbee27c-09f5-4dbb-bb10-eb000c72ceef"><testcase classname="tests.test_fluxo_aprovacao_financeiro.TestFluxoAprovacaoFinanceiro" name="test_01_login_parceiro" time="0.290" /><testcase classname="tests.test_fluxo_aprovacao_financeiro.TestFluxoAprovacaoFinanceiro" name="test_02_get_resumo_semanal" time="0.483" /><testcase classname="tests.test_fluxo_aprovacao_financeiro.TestFluxoAprovacaoFinanceiro" name="test_03_get_status_relatorios" time="0.305" /><testcase classname="tests.test_fluxo_aprovacao_financeiro.TestFluxoAprovacaoFinanceiro" name="test_04_update_status_to_aprovado" time="0.496" /><testcase classname="tests.test_fluxo_aprovacao_financeiro.TestFluxoAprovacaoFinanceiro" name="test_05_update_status_to_aguardar_recibo" time="0.510" /><testcase classname="tests.test_fluxo_aprovacao_financeiro.TestFluxoAprovacaoFinanceiro" name="test_06_update_status_invalid" time="0.484" /><testcase classname="tests.test_fluxo_aprovacao_financeiro.TestFluxoAprovacaoFinanceiro" name="test_07_update_status_missing_params" time="0.523" /><testcase classname="tests.test_fluxo_aprovacao_financeiro.TestFluxoAprovacaoFinanceiro" name="test_08_upload_recibo" time="0.555" /><testcase classname="tests.test_fluxo_aprovacao_financeiro.TestFluxoAprovacaoFinanceiro" name="test_09_upload_comprovativo" time="0.526" /><testcase classname="tests.test_fluxo_aprovacao_financeiro.TestFluxoAprovacaoFinanceiro" name="test_10_complete_status_flow" time="0.591" /><testcase classname="tests.test_fluxo_aprovacao_financeiro.TestFluxoAprovacaoFinanceiro" name="test_11_verify_status_after_flow" time="0.487" /><testcase classname="tests.test_fluxo_aprovacao_financeiro.TestFluxoAprovacaoFinanceiro" name="test_12_unauthorized_access" time="0.061" /><testcase classname="tests.test_fluxo_aprovacao_financeiro.TestFluxoAprovacaoFinanceiro" name="test_13_admin_can_access_status" time="0.267" /><testcase classname="tests.test_fluxo_aprovacao_financeiro.TestFluxoAprovacaoFinanceiro" name="test_99_reset_status_to_pendente" time="0.528" /><testcase classname="tests.test_fluxo_aprovacao_financeiro.TestVerificarRecibosPage" name="test_filter_aguardar_recibo_status" time="0.478" /><testcase classname="tests.test_fluxo_aprovacao_financeiro.TestPagamentosParceiroPage" name="test_filter_a_pagamento_status" time="0.531" /><testcase classname="tests.test_fluxo_aprovacao_financeiro.TestArquivoRecibosPage" name="test_filter_liquidado_status" time="0.543" /><testcase classname="tests.test_fluxo_aprovacao_financeiro.TestArquivoRecibosPage" name="test_filter_all_statuses" time="0.486" /></testsuite></testsuites>