<?xml version="1.0" encoding="utf-8"?><testsuites name="pytest tests"><testsuite name="pytest" errors="0" failures="0" skipped="0" tests="19" time="5.747" timestamp="2026-02-18T15:25:21.167618+00:00" hostname="agent-env-98dafbdf-b396-435d-b250-36658da98fda"><testcase classname="tests.test_empresas_faturacao.TestEmpresasFaturacaoEndpoints" name="test_01_admin_login" time="0.484" /><testcase classname="tests.test_empresas_faturacao.TestEmpresasFaturacaoEndpoints" name="test_02_parceiro_login" time="0.338" /><testcase classname="tests.test_empresas_faturacao.TestEmpresasFaturacaoEndpoints" name="test_03_list_empresas_admin" time="0.464" /><testcase classname="tests.test_empresas_faturacao.TestEmpresasFaturacaoEndpoints" name="test_04_list_empresas_parceiro" time="0.482" /><testcase classname="tests.test_empresas_faturacao.TestEmpresasFaturacaoEndpoints" name="test_05_list_empresas_unauthorized" time="0.136" /><testcase classname="tests.test_empresas_faturacao.TestEmpresasFaturacaoEndpoints" name="test_06_create_empresa_missing_fields" time="0.124" /><testcase classname="tests.test_empresas_faturacao.TestEmpresasFaturacaoEndpoints" name="test_07_create_empresa_missing_nipc" time="0.136" /><testcase classname="tests.test_empresas_faturacao.TestEmpresasFaturacaoEndpoints" name="test_08_create_empresa_success" time="0.214" /><testcase classname="tests.test_empresas_faturacao.TestEmpresasFaturacaoEndpoints" name="test_09_create_empresa_duplicate_nipc" time="0.122" /><testcase classname="tests.test_empresas_faturacao.TestEmpresasFaturacaoEndpoints" name="test_10_get_empresa_by_id" time="0.724" /><testcase classname="tests.test_empresas_faturacao.TestEmpresasFaturacaoEndpoints" name="test_11_get_empresa_not_found" time="0.138" /><testcase classname="tests.test_empresas_faturacao.TestEmpresasFaturacaoEndpoints" name="test_12_update_empresa" time="0.266" /><testcase classname="tests.test_empresas_faturacao.TestEmpresasFaturacaoEndpoints" name="test_13_update_empresa_set_principal" time="0.300" /><testcase classname="tests.test_empresas_faturacao.TestEmpresasFaturacaoEndpoints" name="test_14_dashboard_totais_ano_parceiro" time="0.129" /><testcase classname="tests.test_empresas_faturacao.TestEmpresasFaturacaoEndpoints" name="test_15_dashboard_totais_ano_with_year_param" time="0.124" /><testcase classname="tests.test_empresas_faturacao.TestEmpresasFaturacaoEndpoints" name="test_16_delete_empresa" time="0.411" /><testcase classname="tests.test_empresas_faturacao.TestEmpresasFaturacaoEndpoints" name="test_17_delete_empresa_not_found" time="0.127" /><testcase classname="tests.test_empresas_faturacao.TestUploadReciboWithEmpresaFaturacao" name="test_18_upload_recibo_endpoint_exists" time="0.507" /><testcase classname="tests.test_empresas_faturacao.TestExistingEmpresaZenyMacaia" name="test_19_find_zeny_macaia_empresa" time="0.462" /></testsuite></testsuites>