<?xml version="1.0" encoding="utf-8"?><testsuites name="pytest tests"><testsuite name="pytest" errors="0" failures="0" skipped="0" tests="17" time="0.896" timestamp="2026-01-09T19:48:53.621161+00:00" hostname="agent-env-5c1d2925-bde1-4943-9b77-a9d994bacc5c"><testcase classname="tests.test_import_data.TestLogin" name="test_admin_login" time="0.312" /><testcase classname="tests.test_import_data.TestImportarPlataformasPage" name="test_api_importar_endpoint_exists" time="0.317" /><testcase classname="tests.test_import_data.TestKarenData" name="test_karen_bolt_ganhos" time="0.028" /><testcase classname="tests.test_import_data.TestKarenData" name="test_karen_uber_ganhos" time="0.010" /><testcase classname="tests.test_import_data.TestKarenData" name="test_karen_vehicle_aluguer" time="0.009" /><testcase classname="tests.test_import_data.TestNelsonData" name="test_nelson_uber_ganhos" time="0.017" /><testcase classname="tests.test_import_data.TestNelsonData" name="test_nelson_bolt_ganhos" time="0.009" /><testcase classname="tests.test_import_data.TestNelsonData" name="test_nelson_vehicle_aluguer" time="0.009" /><testcase classname="tests.test_import_data.TestRelatoriosAPI" name="test_relatorios_semanais_todos" time="0.014" /><testcase classname="tests.test_import_data.TestRelatoriosAPI" name="test_relatorios_resumos_motoristas" time="0.011" /><testcase classname="tests.test_import_data.TestRelatoriosAPI" name="test_relatorios_resumo_semanal" time="0.014" /><testcase classname="tests.test_import_data.TestVehiclesAPI" name="test_get_all_vehicles" time="0.015" /><testcase classname="tests.test_import_data.TestVehiclesAPI" name="test_get_karen_vehicle" time="0.011" /><testcase classname="tests.test_import_data.TestVehiclesAPI" name="test_get_nelson_vehicle" time="0.009" /><testcase classname="tests.test_import_data.TestMotoristasAPI" name="test_get_all_motoristas" time="0.014" /><testcase classname="tests.test_import_data.TestMotoristasAPI" name="test_get_karen" time="0.010" /><testcase classname="tests.test_import_data.TestMotoristasAPI" name="test_get_nelson" time="0.011" /></testsuite></testsuites>