<?xml version="1.0" encoding="utf-8"?><testsuites name="pytest tests"><testsuite name="pytest" errors="0" failures="0" skipped="0" tests="9" time="5.599" timestamp="2026-02-20T00:41:22.437905+00:00" hostname="agent-env-d3a265bd-b2a4-432c-b654-f99d0ef3fe9b"><testcase classname="backend.tests.test_progressao_classificacoes.TestProgressaoClassificacoes" name="test_get_classificacao_config" time="0.664" /><testcase classname="backend.tests.test_progressao_classificacoes.TestProgressaoClassificacoes" name="test_recalcular_todas_classificacoes" time="0.582" /><testcase classname="backend.tests.test_progressao_classificacoes.TestProgressaoClassificacoes" name="test_recalcular_requires_admin" time="0.550" /><testcase classname="backend.tests.test_progressao_classificacoes.TestProgressaoClassificacoes" name="test_progressao_endpoint_requires_motorista" time="0.483" /><testcase classname="backend.tests.test_progressao_classificacoes.TestProgressaoClassificacoes" name="test_progressao_endpoint_structure" time="0.743" /><testcase classname="backend.tests.test_progressao_classificacoes.TestProgressaoClassificacoes" name="test_pontuacao_cuidado_endpoint" time="0.596" /><testcase classname="backend.tests.test_progressao_classificacoes.TestProgressaoClassificacoes" name="test_promover_motorista_requires_auth" time="0.510" /><testcase classname="backend.tests.test_progressao_classificacoes.TestProgressaoClassificacoes" name="test_avaliacao_parceiro_endpoint" time="0.664" /><testcase classname="backend.tests.test_progressao_classificacoes.TestProgressaoClassificacoes" name="test_avaliacao_validation" time="0.727" /></testsuite></testsuites>