<?xml version="1.0" encoding="utf-8"?><testsuites name="pytest tests"><testsuite name="pytest" errors="0" failures="0" skipped="0" tests="8" time="2.143" timestamp="2026-02-12T13:54:52.307733+00:00" hostname="agent-env-df57eae5-5d4f-4f63-8163-dbe513ef04b3"><testcase classname="backend.tests.test_gestao_documentos.TestDocumentosExpirar" name="test_documentos_expirar_admin_auth" time="0.295" /><testcase classname="backend.tests.test_gestao_documentos.TestDocumentosExpirar" name="test_documentos_expirar_parceiro_auth" time="0.270" /><testcase classname="backend.tests.test_gestao_documentos.TestDocumentosExpirar" name="test_documentos_expirar_dias_parameter" time="0.351" /><testcase classname="backend.tests.test_gestao_documentos.TestDocumentosExpirar" name="test_documentos_expirar_no_auth" time="0.073" /><testcase classname="backend.tests.test_gestao_documentos.TestDocumentosExpirar" name="test_documentos_expirar_response_structure" time="0.267" /><testcase classname="backend.tests.test_gestao_documentos.TestMotoristasVeiculosEndpoints" name="test_motoristas_endpoint" time="0.274" /><testcase classname="backend.tests.test_gestao_documentos.TestMotoristasVeiculosEndpoints" name="test_vehicles_endpoint" time="0.272" /><testcase classname="backend.tests.test_gestao_documentos.TestMotoristasVeiculosEndpoints" name="test_terabox_stats_endpoint" time="0.278" /></testsuite></testsuites>