<?xml version="1.0" encoding="utf-8"?><testsuites name="pytest tests"><testsuite name="pytest" errors="0" failures="1" skipped="0" tests="15" time="5.758" timestamp="2026-02-18T18:28:02.650082+00:00" hostname="agent-env-98dafbdf-b396-435d-b250-36658da98fda"><testcase classname="backend.tests.test_km_precos_especiais.TestAuthentication" name="test_admin_login" time="0.596" /><testcase classname="backend.tests.test_km_precos_especiais.TestAuthentication" name="test_parceiro_login" time="0.416" /><testcase classname="backend.tests.test_km_precos_especiais.TestKmHistorico" name="test_historico_km_endpoint_exists" time="0.633" /><testcase classname="backend.tests.test_km_precos_especiais.TestKmHistorico" name="test_historico_km_invalid_vehicle" time="0.137" /><testcase classname="backend.tests.test_km_precos_especiais.TestKmHistorico" name="test_historico_km_no_mongo_id" time="0.175" /><testcase classname="backend.tests.test_km_precos_especiais.TestAtualizarKm" name="test_atualizar_km_endpoint_exists" time="0.929" /><testcase classname="backend.tests.test_km_precos_especiais.TestAtualizarKm" name="test_atualizar_km_creates_history" time="0.594" /><testcase classname="backend.tests.test_km_precos_especiais.TestAtualizarKm" name="test_atualizar_km_missing_km_atual" time="0.418" /><testcase classname="backend.tests.test_km_precos_especiais.TestPrecosEspeciais" name="test_get_planos_endpoint" time="0.546" /><testcase classname="backend.tests.test_km_precos_especiais.TestPrecosEspeciais" name="test_get_parceiros_endpoint" time="0.138" /><testcase classname="backend.tests.test_km_precos_especiais.TestPrecosEspeciais" name="test_criar_preco_especial" time="0.536" /><testcase classname="backend.tests.test_km_precos_especiais.TestPrecosEspeciais" name="test_criar_preco_especial_valor_fixo" time="0.137" /><testcase classname="backend.tests.test_km_precos_especiais.TestPrecosEspeciais" name="test_criar_preco_especial_sem_parceiro" time="0.134" /><testcase classname="backend.tests.test_km_precos_especiais.TestPrecosEspeciais" name="test_criar_preco_especial_plano_invalido" time="0.149"><failure message="AssertionError: Expected 404/500, got 200&#10;assert 200 in [404, 500]&#10; +  where 200 = &lt;Response [200]&gt;.status_code">backend/tests/test_km_precos_especiais.py:343: in test_criar_preco_especial_plano_invalido
    assert response.status_code in [404, 500], f"Expected 404/500, got {response.status_code}"
E   AssertionError: Expected 404/500, got 200
E   assert 200 in [404, 500]
E    +  where 200 = &lt;Response [200]&gt;.status_code</failure></testcase><testcase classname="backend.tests.test_km_precos_especiais.TestPrecosEspeciais" name="test_admin_precos_especiais_endpoint" time="0.125" /></testsuite></testsuites>