<?xml version="1.0" encoding="utf-8"?><testsuites name="pytest tests"><testsuite name="pytest" errors="0" failures="0" skipped="0" tests="14" time="9.779" timestamp="2026-02-10T23:22:11.361405+00:00" hostname="agent-env-bd3530e2-f9f2-4e2e-b5e8-73b8760b489e"><testcase classname="tests.test_rpa_prio_viaverde.TestRPAPrioViaVerde" name="test_01_verificar_credenciais_prio" time="1.304" /><testcase classname="tests.test_rpa_prio_viaverde.TestRPAPrioViaVerde" name="test_02_verificar_credenciais_viaverde" time="0.309" /><testcase classname="tests.test_rpa_prio_viaverde.TestRPAPrioViaVerde" name="test_03_endpoint_prio_executar_rpa_responde" time="0.309" /><testcase classname="tests.test_rpa_prio_viaverde.TestRPAPrioViaVerde" name="test_04_endpoint_viaverde_executar_rpa_responde" time="0.354" /><testcase classname="tests.test_rpa_prio_viaverde.TestRPAPrioViaVerde" name="test_05_endpoint_prio_execucoes_responde" time="0.505" /><testcase classname="tests.test_rpa_prio_viaverde.TestRPAPrioViaVerde" name="test_06_endpoint_viaverde_execucoes_responde" time="0.477" /><testcase classname="tests.test_rpa_prio_viaverde.TestRPAPrioViaVerde" name="test_07_prio_tipo_periodo_ultima_semana" time="0.481" /><testcase classname="tests.test_rpa_prio_viaverde.TestRPAPrioViaVerde" name="test_08_prio_tipo_periodo_datas_personalizadas" time="0.840" /><testcase classname="tests.test_rpa_prio_viaverde.TestRPAPrioViaVerde" name="test_09_viaverde_tipo_periodo_ultima_semana" time="0.956" /><testcase classname="tests.test_rpa_prio_viaverde.TestRPAPrioViaVerde" name="test_10_viaverde_tipo_periodo_datas_personalizadas" time="0.938" /><testcase classname="tests.test_rpa_prio_viaverde.TestRPAPrioViaVerde" name="test_11_prio_sem_autenticacao" time="1.152" /><testcase classname="tests.test_rpa_prio_viaverde.TestRPAPrioViaVerde" name="test_12_viaverde_sem_autenticacao" time="0.949" /><testcase classname="tests.test_rpa_prio_viaverde.TestCredenciaisSetup" name="test_criar_credenciais_prio_se_necessario" time="0.482" /><testcase classname="tests.test_rpa_prio_viaverde.TestCredenciaisSetup" name="test_criar_credenciais_viaverde_se_necessario" time="0.521" /></testsuite></testsuites>