<?xml version="1.0" encoding="utf-8"?><testsuites name="pytest tests"><testsuite name="pytest" errors="0" failures="0" skipped="0" tests="19" time="6.319" timestamp="2026-01-13T01:15:33.882721+00:00" hostname="agent-env-8a39ed88-b097-4120-b839-71fd2b1989d7"><testcase classname="tests.test_terabox.TestTeraboxAuth" name="test_parceiro_login" time="0.301" /><testcase classname="tests.test_terabox.TestTeraboxAuth" name="test_admin_login" time="0.263" /><testcase classname="tests.test_terabox.TestTeraboxStats" name="test_get_stats_parceiro" time="0.312" /><testcase classname="tests.test_terabox.TestTeraboxStats" name="test_get_stats_admin" time="0.303" /><testcase classname="tests.test_terabox.TestTeraboxStats" name="test_get_stats_no_auth" time="0.041" /><testcase classname="tests.test_terabox.TestTeraboxPastas" name="test_list_pastas_root" time="0.307" /><testcase classname="tests.test_terabox.TestTeraboxPastas" name="test_create_pasta" time="0.342" /><testcase classname="tests.test_terabox.TestTeraboxPastas" name="test_create_and_delete_pasta" time="0.385" /><testcase classname="tests.test_terabox.TestTeraboxPastas" name="test_create_nested_pasta" time="0.475" /><testcase classname="tests.test_terabox.TestTeraboxFicheiros" name="test_list_ficheiros_root" time="0.304" /><testcase classname="tests.test_terabox.TestTeraboxFicheiros" name="test_upload_file" time="0.311" /><testcase classname="tests.test_terabox.TestTeraboxFicheiros" name="test_upload_and_download_file" time="0.391" /><testcase classname="tests.test_terabox.TestTeraboxFicheiros" name="test_upload_and_delete_file" time="0.376" /><testcase classname="tests.test_terabox.TestTeraboxSearch" name="test_search_files" time="0.416" /><testcase classname="tests.test_terabox.TestTeraboxSearch" name="test_search_empty_query" time="0.300" /><testcase classname="tests.test_terabox.TestTeraboxSearch" name="test_search_no_results" time="0.357" /><testcase classname="tests.test_terabox.TestTeraboxCategorias" name="test_list_categorias" time="0.340" /><testcase classname="tests.test_terabox.TestTeraboxCleanup" name="test_cleanup_test_pastas" time="0.343" /><testcase classname="tests.test_terabox.TestTeraboxCleanup" name="test_cleanup_test_ficheiros" time="0.372" /></testsuite></testsuites>