<?xml version="1.0" encoding="utf-8"?><testsuites name="pytest tests"><testsuite name="pytest" errors="0" failures="0" skipped="1" tests="11" time="0.769" timestamp="2026-02-12T13:43:47.506614+00:00" hostname="agent-env-df57eae5-5d4f-4f63-8163-dbe513ef04b3"><testcase classname="backend.tests.test_categorias_filtro.TestCategoriasPublic" name="test_categorias_public_returns_200" time="0.064" /><testcase classname="backend.tests.test_categorias_filtro.TestCategoriasPublic" name="test_categorias_public_returns_list" time="0.039" /><testcase classname="backend.tests.test_categorias_filtro.TestCategoriasPublic" name="test_categorias_have_required_fields" time="0.041" /><testcase classname="backend.tests.test_categorias_filtro.TestCategoriasPublic" name="test_categorias_only_active" time="0.035" /><testcase classname="backend.tests.test_categorias_filtro.TestPlanosPublic" name="test_planos_public_returns_200" time="0.043" /><testcase classname="backend.tests.test_categorias_filtro.TestPlanosPublic" name="test_planos_public_returns_list" time="0.036" /><testcase classname="backend.tests.test_categorias_filtro.TestPlanosPublic" name="test_planos_have_icone_field" time="0.041" /><testcase classname="backend.tests.test_categorias_filtro.TestPlanosPublic" name="test_planos_have_cor_field" time="0.040" /><testcase classname="backend.tests.test_categorias_filtro.TestPlanosPublic" name="test_planos_categoria_id_field_exists" time="0.036" /><testcase classname="backend.tests.test_categorias_filtro.TestPlanosPublic" name="test_planos_filter_by_tipo_usuario" time="0.080" /><testcase classname="backend.tests.test_categorias_filtro.TestCategoriasAuthenticated" name="test_create_and_list_categoria" time="0.257"><skipped type="pytest.skip" message="Could not authenticate as admin">/app/backend/tests/test_categorias_filtro.py:161: Could not authenticate as admin</skipped></testcase></testsuite></testsuites>