<?xml version="1.0" encoding="utf-8"?><testsuites name="pytest tests"><testsuite name="pytest" errors="0" failures="0" skipped="0" tests="12" time="1.161" timestamp="2026-01-27T21:45:13.826403+00:00" hostname="agent-env-853ff0e0-a1d1-4817-9d03-d72e8782a7bd"><testcase classname="backend.tests.test_comissoes_turnos.TestParceiroComissoesConfig" name="test_get_parceiro_config" time="0.367" /><testcase classname="backend.tests.test_comissoes_turnos.TestParceiroComissoesConfig" name="test_update_parceiro_config_percentagem_fixa" time="0.084" /><testcase classname="backend.tests.test_comissoes_turnos.TestParceiroComissoesConfig" name="test_update_parceiro_config_valor_fixo" time="0.046" /><testcase classname="backend.tests.test_comissoes_turnos.TestParceiroComissoesConfig" name="test_update_parceiro_config_escala_propria" time="0.084" /><testcase classname="backend.tests.test_comissoes_turnos.TestVeiculoTurnos" name="test_get_turnos_veiculo" time="0.041" /><testcase classname="backend.tests.test_comissoes_turnos.TestVeiculoTurnos" name="test_adicionar_turno" time="0.088" /><testcase classname="backend.tests.test_comissoes_turnos.TestVeiculoTurnos" name="test_atualizar_turno" time="0.045" /><testcase classname="backend.tests.test_comissoes_turnos.TestVeiculoTurnos" name="test_definir_motorista_principal" time="0.089" /><testcase classname="backend.tests.test_comissoes_turnos.TestVeiculoTurnos" name="test_remover_turno" time="0.043" /><testcase classname="backend.tests.test_comissoes_turnos.TestEscalasComissao" name="test_get_escala_ativa" time="0.047" /><testcase classname="backend.tests.test_comissoes_turnos.TestEscalasComissao" name="test_get_classificacao_config" time="0.042" /><testcase classname="backend.tests.test_comissoes_turnos.TestModulosAtivos" name="test_parceiro_modulos_ativos" time="0.126" /></testsuite></testsuites>