<?xml version="1.0" encoding="utf-8"?><testsuites name="pytest tests"><testsuite name="pytest" errors="0" failures="0" skipped="0" tests="10" time="3.704" timestamp="2026-02-14T19:48:15.202065+00:00" hostname="agent-env-643ead54-0f20-407a-adc4-62fe1d4a4c7c"><testcase classname="tests.test_prio_browser.TestPrioBrowserAPI" name="test_prio_browser_status_requires_auth" time="0.167" /><testcase classname="tests.test_prio_browser.TestPrioBrowserAPI" name="test_prio_browser_status_returns_correct_structure" time="0.516" /><testcase classname="tests.test_prio_browser.TestPrioBrowserAPI" name="test_prio_sessao_endpoint" time="0.203" /><testcase classname="tests.test_prio_browser.TestPrioBrowserAPI" name="test_prio_browser_iniciar_requires_auth" time="0.113" /><testcase classname="tests.test_prio_browser.TestPrioBrowserAPI" name="test_prio_browser_fechar_requires_auth" time="0.119" /><testcase classname="tests.test_prio_browser.TestPrioBrowserAPI" name="test_prio_extrair_requires_auth" time="0.225" /><testcase classname="tests.test_prio_browser.TestPrioExtractAPI" name="test_prio_extrair_without_login_fails" time="1.168" /><testcase classname="tests.test_prio_browser.TestPrioExtractAPI" name="test_prio_extrair_invalid_type" time="0.340" /><testcase classname="tests.test_prio_browser.TestAuthEndpoints" name="test_login_success" time="0.571" /><testcase classname="tests.test_prio_browser.TestAuthEndpoints" name="test_login_invalid_credentials" time="0.189" /></testsuite></testsuites>