<?xml version="1.0" encoding="utf-8"?><testsuites name="pytest tests"><testsuite name="pytest" errors="0" failures="0" skipped="0" tests="18" time="69.794" timestamp="2026-01-27T22:12:33.224463+00:00" hostname="agent-env-853ff0e0-a1d1-4817-9d03-d72e8782a7bd"><testcase classname="backend.tests.test_sincronizacao_auto.TestSincronizacaoAutoConfig" name="test_get_config_success" time="0.408" /><testcase classname="backend.tests.test_sincronizacao_auto.TestSincronizacaoAutoConfig" name="test_get_config_unauthorized" time="0.037" /><testcase classname="backend.tests.test_sincronizacao_auto.TestSincronizacaoAutoConfig" name="test_put_config_update_fontes" time="0.090" /><testcase classname="backend.tests.test_sincronizacao_auto.TestSincronizacaoAutoConfig" name="test_put_config_update_agendamento" time="0.086" /><testcase classname="backend.tests.test_sincronizacao_auto.TestSincronizacaoAutoConfig" name="test_put_config_update_resumo_semanal" time="0.041" /><testcase classname="backend.tests.test_sincronizacao_auto.TestSincronizacaoAutoConfig" name="test_put_config_update_notificacoes" time="0.041" /><testcase classname="backend.tests.test_sincronizacao_auto.TestSincronizacaoAutoExecutar" name="test_executar_single_fonte" time="0.041" /><testcase classname="backend.tests.test_sincronizacao_auto.TestSincronizacaoAutoExecutar" name="test_executar_multiple_fontes" time="0.041" /><testcase classname="backend.tests.test_sincronizacao_auto.TestSincronizacaoAutoExecutar" name="test_executar_no_fontes_ativas" time="0.124" /><testcase classname="backend.tests.test_sincronizacao_auto.TestSincronizacaoAutoExecutar" name="test_executar_unauthorized" time="0.037" /><testcase classname="backend.tests.test_sincronizacao_auto.TestSincronizacaoAutoHistorico" name="test_get_historico_success" time="0.040" /><testcase classname="backend.tests.test_sincronizacao_auto.TestSincronizacaoAutoHistorico" name="test_get_historico_with_limit" time="68.334" /><testcase classname="backend.tests.test_sincronizacao_auto.TestSincronizacaoAutoHistorico" name="test_get_historico_unauthorized" time="0.076" /><testcase classname="backend.tests.test_sincronizacao_auto.TestSincronizacaoAutoEstatisticas" name="test_get_estatisticas_success" time="0.041" /><testcase classname="backend.tests.test_sincronizacao_auto.TestSincronizacaoAutoEstatisticas" name="test_get_estatisticas_unauthorized" time="0.042" /><testcase classname="backend.tests.test_sincronizacao_auto.TestSincronizacaoAutoFontes" name="test_get_fontes_disponiveis" time="0.044" /><testcase classname="backend.tests.test_sincronizacao_auto.TestSincronizacaoAutoExecucaoDetails" name="test_get_execucao_details" time="0.131" /><testcase classname="backend.tests.test_sincronizacao_auto.TestSincronizacaoAutoExecucaoDetails" name="test_get_execucao_not_found" time="0.044" /></testsuite></testsuites>