<?xml version="1.0" encoding="utf-8"?><testsuites name="pytest tests"><testsuite name="pytest" errors="0" failures="0" skipped="0" tests="12" time="1.899" timestamp="2026-01-13T00:00:51.362081+00:00" hostname="agent-env-c2773a77-a0e0-445d-893b-ceb30f42f348"><testcase classname="tests.test_tvdefleet_bugs.TestDocumentosPendentes" name="test_documentos_pendentes_admin_access" time="0.338" /><testcase classname="tests.test_tvdefleet_bugs.TestDocumentosPendentes" name="test_documentos_pendentes_non_admin_denied" time="0.305" /><testcase classname="tests.test_tvdefleet_bugs.TestDocumentosPendentes" name="test_documentos_pendentes_no_auth_denied" time="0.040" /><testcase classname="tests.test_tvdefleet_bugs.TestWhatsAppConfig" name="test_get_whatsapp_config" time="0.076" /><testcase classname="tests.test_tvdefleet_bugs.TestWhatsAppConfig" name="test_put_whatsapp_config" time="0.044" /><testcase classname="tests.test_tvdefleet_bugs.TestWhatsAppConfig" name="test_whatsapp_config_persistence" time="0.088" /><testcase classname="tests.test_tvdefleet_bugs.TestWhatsAppConfig" name="test_whatsapp_test_endpoint" time="0.116" /><testcase classname="tests.test_tvdefleet_bugs.TestVehicleDispositivos" name="test_get_vehicle_dispositivos" time="0.038" /><testcase classname="tests.test_tvdefleet_bugs.TestVehicleDispositivos" name="test_put_vehicle_dispositivos" time="0.145" /><testcase classname="tests.test_tvdefleet_bugs.TestVehicleDetails" name="test_get_vehicle" time="0.038" /><testcase classname="tests.test_tvdefleet_bugs.TestAdminAccess" name="test_admin_login" time="0.300" /><testcase classname="tests.test_tvdefleet_bugs.TestParceiroAccess" name="test_parceiro_login" time="0.259" /></testsuite></testsuites>