<?xml version="1.0" encoding="utf-8"?><testsuites name="pytest tests"><testsuite name="pytest" errors="4" failures="0" skipped="0" tests="13" time="10.327" timestamp="2026-02-19T17:48:33.633774+00:00" hostname="agent-env-80108777-3e0d-4abe-8449-7d975559c63d"><testcase classname="tests.test_user_management_iter53.TestAdminSetRole" name="test_set_role_same_role_returns_message" time="0.623" /><testcase classname="tests.test_user_management_iter53.TestAdminSetRole" name="test_set_role_change_role" time="1.538" /><testcase classname="tests.test_user_management_iter53.TestAdminSetRole" name="test_set_role_invalid_role" time="0.688" /><testcase classname="tests.test_user_management_iter53.TestAdminSetRole" name="test_set_role_user_not_found" time="0.486" /><testcase classname="tests.test_user_management_iter53.TestAtribuirParceiro" name="test_atribuir_parceiro_success" time="0.599"><error message="failed on setup with &quot;AssertionError: Failed to create motorista: {&quot;detail&quot;:[{&quot;type&quot;:&quot;missing&quot;,&quot;loc&quot;:[&quot;body&quot;,&quot;morada_completa&quot;],&quot;msg&quot;:&quot;Field required&quot;,&quot;input&quot;:{&quot;name&quot;:&quot;Test Motorista 1771523317&quot;,&quot;email&quot;:&quot;test_parceiro_assign_1771523317@test.com&quot;,&quot;password&quot;:&quot;testpass123&quot;,&quot;phone&quot;:&quot;912345678&quot;},&quot;url&quot;:&quot;https://errors.pydantic.dev/2.12/v/missing&quot;},{&quot;type&quot;:&quot;missing&quot;,&quot;loc&quot;:[&quot;body&quot;,&quot;codigo_postal&quot;],&quot;msg&quot;:&quot;Field required&quot;,&quot;input&quot;:{&quot;name&quot;:&quot;Test Motorista 1771523317&quot;,&quot;email&quot;:&quot;test_parceiro_assign_1771523317@test.com&quot;,&quot;password&quot;:&quot;testpass123&quot;,&quot;phone&quot;:&quot;912345678&quot;},&quot;url&quot;:&quot;https://errors.pydantic.dev/2.12/v/missing&quot;},{&quot;type&quot;:&quot;missing&quot;,&quot;loc&quot;:[&quot;body&quot;,&quot;data_nascimento&quot;],&quot;msg&quot;:&quot;Field required&quot;,&quot;input&quot;:{&quot;name&quot;:&quot;Test Motorista 1771523317&quot;,&quot;email&quot;:&quot;test_parceiro_assign_1771523317@test.com&quot;,&quot;password&quot;:&quot;testpass123&quot;,&quot;phone&quot;:&quot;912345678&quot;},&quot;url&quot;:&quot;https://errors.pydantic.dev/2.12/v/missing&quot;},{&quot;type&quot;:&quot;missing&quot;,&quot;loc&quot;:[&quot;body&quot;,&quot;nacionalidade&quot;],&quot;msg&quot;:&quot;Field required&quot;,&quot;input&quot;:{&quot;name&quot;:&quot;Test Motorista 1771523317&quot;,&quot;email&quot;:&quot;test_parceiro_assign_1771523317@test.com&quot;,&quot;password&quot;:&quot;testpass123&quot;,&quot;phone&quot;:&quot;912345678&quot;},&quot;url&quot;:&quot;https://errors.pydantic.dev/2.12/v/missing&quot;},{&quot;type&quot;:&quot;missing&quot;,&quot;loc&quot;:[&quot;body&quot;,&quot;tipo_documento&quot;],&quot;msg&quot;:&quot;Field required&quot;,&quot;input&quot;:{&quot;name&quot;:&quot;Test Motorista 1771523317&quot;,&quot;email&quot;:&quot;test_parceiro_assign_1771523317@test.com&quot;,&quot;password&quot;:&quot;testpass123&quot;,&quot;phone&quot;:&quot;912345678&quot;},&quot;url&quot;:&quot;https://errors.pydantic.dev/2.12/v/missing&quot;},{&quot;type&quot;:&quot;missing&quot;,&quot;loc&quot;:[&quot;body&quot;,&quot;numero_documento&quot;],&quot;msg&quot;:&quot;Field required&quot;,&quot;input&quot;:{&quot;name&quot;:&quot;Test Motorista 1771523317&quot;,&quot;email&quot;:&quot;test_parceiro_assign_1771523317@test.com&quot;,&quot;password&quot;:&quot;testpass123&quot;,&quot;phone&quot;:&quot;912345678&quot;},&quot;url&quot;:&quot;https://errors.pydantic.dev/2.12/v/missing&quot;},{&quot;type&quot;:&quot;missing&quot;,&quot;loc&quot;:[&quot;body&quot;,&quot;validade_documento&quot;],&quot;msg&quot;:&quot;Field required&quot;,&quot;input&quot;:{&quot;name&quot;:&quot;Test Motorista 1771523317&quot;,&quot;email&quot;:&quot;test_parceiro_assign_1771523317@test.com&quot;,&quot;password&quot;:&quot;testpass123&quot;,&quot;phone&quot;:&quot;912345678&quot;},&quot;url&quot;:&quot;https://errors.pydantic.dev/2.12/v/missing&quot;},{&quot;type&quot;:&quot;missing&quot;,&quot;loc&quot;:[&quot;body&quot;,&quot;nif&quot;],&quot;msg&quot;:&quot;Field required&quot;,&quot;input&quot;:{&quot;name&quot;:&quot;Test Motorista 1771523317&quot;,&quot;email&quot;:&quot;test_parceiro_assign_1771523317@test.com&quot;,&quot;password&quot;:&quot;testpass123&quot;,&quot;phone&quot;:&quot;912345678&quot;},&quot;url&quot;:&quot;https://errors.pydantic.dev/2.12/v/missing&quot;},{&quot;type&quot;:&quot;missing&quot;,&quot;loc&quot;:[&quot;body&quot;,&quot;carta_conducao_numero&quot;],&quot;msg&quot;:&quot;Field required&quot;,&quot;input&quot;:{&quot;name&quot;:&quot;Test Motorista 1771523317&quot;,&quot;email&quot;:&quot;test_parceiro_assign_1771523317@test.com&quot;,&quot;password&quot;:&quot;testpass123&quot;,&quot;phone&quot;:&quot;912345678&quot;},&quot;url&quot;:&quot;https://errors.pydantic.dev/2.12/v/missing&quot;},{&quot;type&quot;:&quot;missing&quot;,&quot;loc&quot;:[&quot;body&quot;,&quot;carta_conducao_validade&quot;],&quot;msg&quot;:&quot;Field required&quot;,&quot;input&quot;:{&quot;name&quot;:&quot;Test Motorista 1771523317&quot;,&quot;email&quot;:&quot;test_parceiro_assign_1771523317@test.com&quot;,&quot;password&quot;:&quot;testpass123&quot;,&quot;phone&quot;:&quot;912345678&quot;},&quot;url&quot;:&quot;https://errors.pydantic.dev/2.12/v/missing&quot;},{&quot;type&quot;:&quot;missing&quot;,&quot;loc&quot;:[&quot;body&quot;,&quot;licenca_tvde_numero&quot;],&quot;msg&quot;:&quot;Field required&quot;,&quot;input&quot;:{&quot;name&quot;:&quot;Test Motorista 1771523317&quot;,&quot;email&quot;:&quot;test_parceiro_assign_1771523317@test.com&quot;,&quot;password&quot;:&quot;testpass123&quot;,&quot;phone&quot;:&quot;912345678&quot;},&quot;url&quot;:&quot;https://errors.pydantic.dev/2.12/v/missing&quot;},{&quot;type&quot;:&quot;missing&quot;,&quot;loc&quot;:[&quot;body&quot;,&quot;licenca_tvde_validade&quot;],&quot;msg&quot;:&quot;Field required&quot;,&quot;input&quot;:{&quot;name&quot;:&quot;Test Motorista 1771523317&quot;,&quot;email&quot;:&quot;test_parceiro_assign_1771523317@test.com&quot;,&quot;password&quot;:&quot;testpass123&quot;,&quot;phone&quot;:&quot;912345678&quot;},&quot;url&quot;:&quot;https://errors.pydantic.dev/2.12/v/missing&quot;},{&quot;type&quot;:&quot;missing&quot;,&quot;loc&quot;:[&quot;body&quot;,&quot;regime&quot;],&quot;msg&quot;:&quot;Field required&quot;,&quot;input&quot;:{&quot;name&quot;:&quot;Test Motorista 1771523317&quot;,&quot;email&quot;:&quot;test_parceiro_assign_1771523317@test.com&quot;,&quot;password&quot;:&quot;testpass123&quot;,&quot;phone&quot;:&quot;912345678&quot;},&quot;url&quot;:&quot;https://errors.pydantic.dev/2.12/v/missing&quot;},{&quot;type&quot;:&quot;missing&quot;,&quot;loc&quot;:[&quot;body&quot;,&quot;whatsapp&quot;],&quot;msg&quot;:&quot;Field required&quot;,&quot;input&quot;:{&quot;name&quot;:&quot;Test Motorista 1771523317&quot;,&quot;email&quot;:&quot;test_parceiro_assign_1771523317@test.com&quot;,&quot;password&quot;:&quot;testpass123&quot;,&quot;phone&quot;:&quot;912345678&quot;},&quot;url&quot;:&quot;https://errors.pydantic.dev/2.12/v/missing&quot;},{&quot;type&quot;:&quot;missing&quot;,&quot;loc&quot;:[&quot;body&quot;,&quot;tipo_pagamento&quot;],&quot;msg&quot;:&quot;Field required&quot;,&quot;input&quot;:{&quot;name&quot;:&quot;Test Motorista 1771523317&quot;,&quot;email&quot;:&quot;test_parceiro_assign_1771523317@test.com&quot;,&quot;password&quot;:&quot;testpass123&quot;,&quot;phone&quot;:&quot;912345678&quot;},&quot;url&quot;:&quot;https://errors.pydantic.dev/2.12/v/missing&quot;}]}&#10;assert 422 == 200&#10; +  where 422 = &lt;Response [422]&gt;.status_code&quot;">tests/test_user_management_iter53.py:202: in test_motorista_and_parceiro
    assert create_response.status_code == 200, f"Failed to create motorista: {create_response.text}"
E   AssertionError: Failed to create motorista: {"detail":[{"type":"missing","loc":["body","morada_completa"],"msg":"Field required","input":{"name":"Test Motorista 1771523317","email":"test_parceiro_assign_1771523317@test.com","password":"testpass123","phone":"912345678"},"url":"https://errors.pydantic.dev/2.12/v/missing"},{"type":"missing","loc":["body","codigo_postal"],"msg":"Field required","input":{"name":"Test Motorista 1771523317","email":"test_parceiro_assign_1771523317@test.com","password":"testpass123","phone":"912345678"},"url":"https://errors.pydantic.dev/2.12/v/missing"},{"type":"missing","loc":["body","data_nascimento"],"msg":"Field required","input":{"name":"Test Motorista 1771523317","email":"test_parceiro_assign_1771523317@test.com","password":"testpass123","phone":"912345678"},"url":"https://errors.pydantic.dev/2.12/v/missing"},{"type":"missing","loc":["body","nacionalidade"],"msg":"Field required","input":{"name":"Test Motorista 1771523317","email":"test_parceiro_assign_1771523317@test.com","password":"testpass123","phone":"912345678"},"url":"https://errors.pydantic.dev/2.12/v/missing"},{"type":"missing","loc":["body","tipo_documento"],"msg":"Field required","input":{"name":"Test Motorista 1771523317","email":"test_parceiro_assign_1771523317@test.com","password":"testpass123","phone":"912345678"},"url":"https://errors.pydantic.dev/2.12/v/missing"},{"type":"missing","loc":["body","numero_documento"],"msg":"Field required","input":{"name":"Test Motorista 1771523317","email":"test_parceiro_assign_1771523317@test.com","password":"testpass123","phone":"912345678"},"url":"https://errors.pydantic.dev/2.12/v/missing"},{"type":"missing","loc":["body","validade_documento"],"msg":"Field required","input":{"name":"Test Motorista 1771523317","email":"test_parceiro_assign_1771523317@test.com","password":"testpass123","phone":"912345678"},"url":"https://errors.pydantic.dev/2.12/v/missing"},{"type":"missing","loc":["body","nif"],"msg":"Field required","input":{"name":"Test Motorista 1771523317","email":"test_parceiro_assign_1771523317@test.com","password":"testpass123","phone":"912345678"},"url":"https://errors.pydantic.dev/2.12/v/missing"},{"type":"missing","loc":["body","carta_conducao_numero"],"msg":"Field required","input":{"name":"Test Motorista 1771523317","email":"test_parceiro_assign_1771523317@test.com","password":"testpass123","phone":"912345678"},"url":"https://errors.pydantic.dev/2.12/v/missing"},{"type":"missing","loc":["body","carta_conducao_validade"],"msg":"Field required","input":{"name":"Test Motorista 1771523317","email":"test_parceiro_assign_1771523317@test.com","password":"testpass123","phone":"912345678"},"url":"https://errors.pydantic.dev/2.12/v/missing"},{"type":"missing","loc":["body","licenca_tvde_numero"],"msg":"Field required","input":{"name":"Test Motorista 1771523317","email":"test_parceiro_assign_1771523317@test.com","password":"testpass123","phone":"912345678"},"url":"https://errors.pydantic.dev/2.12/v/missing"},{"type":"missing","loc":["body","licenca_tvde_validade"],"msg":"Field required","input":{"name":"Test Motorista 1771523317","email":"test_parceiro_assign_1771523317@test.com","password":"testpass123","phone":"912345678"},"url":"https://errors.pydantic.dev/2.12/v/missing"},{"type":"missing","loc":["body","regime"],"msg":"Field required","input":{"name":"Test Motorista 1771523317","email":"test_parceiro_assign_1771523317@test.com","password":"testpass123","phone":"912345678"},"url":"https://errors.pydantic.dev/2.12/v/missing"},{"type":"missing","loc":["body","whatsapp"],"msg":"Field required","input":{"name":"Test Motorista 1771523317","email":"test_parceiro_assign_1771523317@test.com","password":"testpass123","phone":"912345678"},"url":"https://errors.pydantic.dev/2.12/v/missing"},{"type":"missing","loc":["body","tipo_pagamento"],"msg":"Field required","input":{"name":"Test Motorista 1771523317","email":"test_parceiro_assign_1771523317@test.com","password":"testpass123","phone":"912345678"},"url":"https://errors.pydantic.dev/2.12/v/missing"}]}
E   assert 422 == 200
E    +  where 422 = &lt;Response [422]&gt;.status_code</error></testcase><testcase classname="tests.test_user_management_iter53.TestAtribuirParceiro" name="test_atribuir_parceiro_missing_id" time="0.589"><error message="failed on setup with &quot;AssertionError: Failed to create motorista: {&quot;detail&quot;:[{&quot;type&quot;:&quot;missing&quot;,&quot;loc&quot;:[&quot;body&quot;,&quot;morada_completa&quot;],&quot;msg&quot;:&quot;Field required&quot;,&quot;input&quot;:{&quot;name&quot;:&quot;Test Motorista 1771523318&quot;,&quot;email&quot;:&quot;test_parceiro_assign_1771523318@test.com&quot;,&quot;password&quot;:&quot;testpass123&quot;,&quot;phone&quot;:&quot;912345678&quot;},&quot;url&quot;:&quot;https://errors.pydantic.dev/2.12/v/missing&quot;},{&quot;type&quot;:&quot;missing&quot;,&quot;loc&quot;:[&quot;body&quot;,&quot;codigo_postal&quot;],&quot;msg&quot;:&quot;Field required&quot;,&quot;input&quot;:{&quot;name&quot;:&quot;Test Motorista 1771523318&quot;,&quot;email&quot;:&quot;test_parceiro_assign_1771523318@test.com&quot;,&quot;password&quot;:&quot;testpass123&quot;,&quot;phone&quot;:&quot;912345678&quot;},&quot;url&quot;:&quot;https://errors.pydantic.dev/2.12/v/missing&quot;},{&quot;type&quot;:&quot;missing&quot;,&quot;loc&quot;:[&quot;body&quot;,&quot;data_nascimento&quot;],&quot;msg&quot;:&quot;Field required&quot;,&quot;input&quot;:{&quot;name&quot;:&quot;Test Motorista 1771523318&quot;,&quot;email&quot;:&quot;test_parceiro_assign_1771523318@test.com&quot;,&quot;password&quot;:&quot;testpass123&quot;,&quot;phone&quot;:&quot;912345678&quot;},&quot;url&quot;:&quot;https://errors.pydantic.dev/2.12/v/missing&quot;},{&quot;type&quot;:&quot;missing&quot;,&quot;loc&quot;:[&quot;body&quot;,&quot;nacionalidade&quot;],&quot;msg&quot;:&quot;Field required&quot;,&quot;input&quot;:{&quot;name&quot;:&quot;Test Motorista 1771523318&quot;,&quot;email&quot;:&quot;test_parceiro_assign_1771523318@test.com&quot;,&quot;password&quot;:&quot;testpass123&quot;,&quot;phone&quot;:&quot;912345678&quot;},&quot;url&quot;:&quot;https://errors.pydantic.dev/2.12/v/missing&quot;},{&quot;type&quot;:&quot;missing&quot;,&quot;loc&quot;:[&quot;body&quot;,&quot;tipo_documento&quot;],&quot;msg&quot;:&quot;Field required&quot;,&quot;input&quot;:{&quot;name&quot;:&quot;Test Motorista 1771523318&quot;,&quot;email&quot;:&quot;test_parceiro_assign_1771523318@test.com&quot;,&quot;password&quot;:&quot;testpass123&quot;,&quot;phone&quot;:&quot;912345678&quot;},&quot;url&quot;:&quot;https://errors.pydantic.dev/2.12/v/missing&quot;},{&quot;type&quot;:&quot;missing&quot;,&quot;loc&quot;:[&quot;body&quot;,&quot;numero_documento&quot;],&quot;msg&quot;:&quot;Field required&quot;,&quot;input&quot;:{&quot;name&quot;:&quot;Test Motorista 1771523318&quot;,&quot;email&quot;:&quot;test_parceiro_assign_1771523318@test.com&quot;,&quot;password&quot;:&quot;testpass123&quot;,&quot;phone&quot;:&quot;912345678&quot;},&quot;url&quot;:&quot;https://errors.pydantic.dev/2.12/v/missing&quot;},{&quot;type&quot;:&quot;missing&quot;,&quot;loc&quot;:[&quot;body&quot;,&quot;validade_documento&quot;],&quot;msg&quot;:&quot;Field required&quot;,&quot;input&quot;:{&quot;name&quot;:&quot;Test Motorista 1771523318&quot;,&quot;email&quot;:&quot;test_parceiro_assign_1771523318@test.com&quot;,&quot;password&quot;:&quot;testpass123&quot;,&quot;phone&quot;:&quot;912345678&quot;},&quot;url&quot;:&quot;https://errors.pydantic.dev/2.12/v/missing&quot;},{&quot;type&quot;:&quot;missing&quot;,&quot;loc&quot;:[&quot;body&quot;,&quot;nif&quot;],&quot;msg&quot;:&quot;Field required&quot;,&quot;input&quot;:{&quot;name&quot;:&quot;Test Motorista 1771523318&quot;,&quot;email&quot;:&quot;test_parceiro_assign_1771523318@test.com&quot;,&quot;password&quot;:&quot;testpass123&quot;,&quot;phone&quot;:&quot;912345678&quot;},&quot;url&quot;:&quot;https://errors.pydantic.dev/2.12/v/missing&quot;},{&quot;type&quot;:&quot;missing&quot;,&quot;loc&quot;:[&quot;body&quot;,&quot;carta_conducao_numero&quot;],&quot;msg&quot;:&quot;Field required&quot;,&quot;input&quot;:{&quot;name&quot;:&quot;Test Motorista 1771523318&quot;,&quot;email&quot;:&quot;test_parceiro_assign_1771523318@test.com&quot;,&quot;password&quot;:&quot;testpass123&quot;,&quot;phone&quot;:&quot;912345678&quot;},&quot;url&quot;:&quot;https://errors.pydantic.dev/2.12/v/missing&quot;},{&quot;type&quot;:&quot;missing&quot;,&quot;loc&quot;:[&quot;body&quot;,&quot;carta_conducao_validade&quot;],&quot;msg&quot;:&quot;Field required&quot;,&quot;input&quot;:{&quot;name&quot;:&quot;Test Motorista 1771523318&quot;,&quot;email&quot;:&quot;test_parceiro_assign_1771523318@test.com&quot;,&quot;password&quot;:&quot;testpass123&quot;,&quot;phone&quot;:&quot;912345678&quot;},&quot;url&quot;:&quot;https://errors.pydantic.dev/2.12/v/missing&quot;},{&quot;type&quot;:&quot;missing&quot;,&quot;loc&quot;:[&quot;body&quot;,&quot;licenca_tvde_numero&quot;],&quot;msg&quot;:&quot;Field required&quot;,&quot;input&quot;:{&quot;name&quot;:&quot;Test Motorista 1771523318&quot;,&quot;email&quot;:&quot;test_parceiro_assign_1771523318@test.com&quot;,&quot;password&quot;:&quot;testpass123&quot;,&quot;phone&quot;:&quot;912345678&quot;},&quot;url&quot;:&quot;https://errors.pydantic.dev/2.12/v/missing&quot;},{&quot;type&quot;:&quot;missing&quot;,&quot;loc&quot;:[&quot;body&quot;,&quot;licenca_tvde_validade&quot;],&quot;msg&quot;:&quot;Field required&quot;,&quot;input&quot;:{&quot;name&quot;:&quot;Test Motorista 1771523318&quot;,&quot;email&quot;:&quot;test_parceiro_assign_1771523318@test.com&quot;,&quot;password&quot;:&quot;testpass123&quot;,&quot;phone&quot;:&quot;912345678&quot;},&quot;url&quot;:&quot;https://errors.pydantic.dev/2.12/v/missing&quot;},{&quot;type&quot;:&quot;missing&quot;,&quot;loc&quot;:[&quot;body&quot;,&quot;regime&quot;],&quot;msg&quot;:&quot;Field required&quot;,&quot;input&quot;:{&quot;name&quot;:&quot;Test Motorista 1771523318&quot;,&quot;email&quot;:&quot;test_parceiro_assign_1771523318@test.com&quot;,&quot;password&quot;:&quot;testpass123&quot;,&quot;phone&quot;:&quot;912345678&quot;},&quot;url&quot;:&quot;https://errors.pydantic.dev/2.12/v/missing&quot;},{&quot;type&quot;:&quot;missing&quot;,&quot;loc&quot;:[&quot;body&quot;,&quot;whatsapp&quot;],&quot;msg&quot;:&quot;Field required&quot;,&quot;input&quot;:{&quot;name&quot;:&quot;Test Motorista 1771523318&quot;,&quot;email&quot;:&quot;test_parceiro_assign_1771523318@test.com&quot;,&quot;password&quot;:&quot;testpass123&quot;,&quot;phone&quot;:&quot;912345678&quot;},&quot;url&quot;:&quot;https://errors.pydantic.dev/2.12/v/missing&quot;},{&quot;type&quot;:&quot;missing&quot;,&quot;loc&quot;:[&quot;body&quot;,&quot;tipo_pagamento&quot;],&quot;msg&quot;:&quot;Field required&quot;,&quot;input&quot;:{&quot;name&quot;:&quot;Test Motorista 1771523318&quot;,&quot;email&quot;:&quot;test_parceiro_assign_1771523318@test.com&quot;,&quot;password&quot;:&quot;testpass123&quot;,&quot;phone&quot;:&quot;912345678&quot;},&quot;url&quot;:&quot;https://errors.pydantic.dev/2.12/v/missing&quot;}]}&#10;assert 422 == 200&#10; +  where 422 = &lt;Response [422]&gt;.status_code&quot;">tests/test_user_management_iter53.py:202: in test_motorista_and_parceiro
    assert create_response.status_code == 200, f"Failed to create motorista: {create_response.text}"
E   AssertionError: Failed to create motorista: {"detail":[{"type":"missing","loc":["body","morada_completa"],"msg":"Field required","input":{"name":"Test Motorista 1771523318","email":"test_parceiro_assign_1771523318@test.com","password":"testpass123","phone":"912345678"},"url":"https://errors.pydantic.dev/2.12/v/missing"},{"type":"missing","loc":["body","codigo_postal"],"msg":"Field required","input":{"name":"Test Motorista 1771523318","email":"test_parceiro_assign_1771523318@test.com","password":"testpass123","phone":"912345678"},"url":"https://errors.pydantic.dev/2.12/v/missing"},{"type":"missing","loc":["body","data_nascimento"],"msg":"Field required","input":{"name":"Test Motorista 1771523318","email":"test_parceiro_assign_1771523318@test.com","password":"testpass123","phone":"912345678"},"url":"https://errors.pydantic.dev/2.12/v/missing"},{"type":"missing","loc":["body","nacionalidade"],"msg":"Field required","input":{"name":"Test Motorista 1771523318","email":"test_parceiro_assign_1771523318@test.com","password":"testpass123","phone":"912345678"},"url":"https://errors.pydantic.dev/2.12/v/missing"},{"type":"missing","loc":["body","tipo_documento"],"msg":"Field required","input":{"name":"Test Motorista 1771523318","email":"test_parceiro_assign_1771523318@test.com","password":"testpass123","phone":"912345678"},"url":"https://errors.pydantic.dev/2.12/v/missing"},{"type":"missing","loc":["body","numero_documento"],"msg":"Field required","input":{"name":"Test Motorista 1771523318","email":"test_parceiro_assign_1771523318@test.com","password":"testpass123","phone":"912345678"},"url":"https://errors.pydantic.dev/2.12/v/missing"},{"type":"missing","loc":["body","validade_documento"],"msg":"Field required","input":{"name":"Test Motorista 1771523318","email":"test_parceiro_assign_1771523318@test.com","password":"testpass123","phone":"912345678"},"url":"https://errors.pydantic.dev/2.12/v/missing"},{"type":"missing","loc":["body","nif"],"msg":"Field required","input":{"name":"Test Motorista 1771523318","email":"test_parceiro_assign_1771523318@test.com","password":"testpass123","phone":"912345678"},"url":"https://errors.pydantic.dev/2.12/v/missing"},{"type":"missing","loc":["body","carta_conducao_numero"],"msg":"Field required","input":{"name":"Test Motorista 1771523318","email":"test_parceiro_assign_1771523318@test.com","password":"testpass123","phone":"912345678"},"url":"https://errors.pydantic.dev/2.12/v/missing"},{"type":"missing","loc":["body","carta_conducao_validade"],"msg":"Field required","input":{"name":"Test Motorista 1771523318","email":"test_parceiro_assign_1771523318@test.com","password":"testpass123","phone":"912345678"},"url":"https://errors.pydantic.dev/2.12/v/missing"},{"type":"missing","loc":["body","licenca_tvde_numero"],"msg":"Field required","input":{"name":"Test Motorista 1771523318","email":"test_parceiro_assign_1771523318@test.com","password":"testpass123","phone":"912345678"},"url":"https://errors.pydantic.dev/2.12/v/missing"},{"type":"missing","loc":["body","licenca_tvde_validade"],"msg":"Field required","input":{"name":"Test Motorista 1771523318","email":"test_parceiro_assign_1771523318@test.com","password":"testpass123","phone":"912345678"},"url":"https://errors.pydantic.dev/2.12/v/missing"},{"type":"missing","loc":["body","regime"],"msg":"Field required","input":{"name":"Test Motorista 1771523318","email":"test_parceiro_assign_1771523318@test.com","password":"testpass123","phone":"912345678"},"url":"https://errors.pydantic.dev/2.12/v/missing"},{"type":"missing","loc":["body","whatsapp"],"msg":"Field required","input":{"name":"Test Motorista 1771523318","email":"test_parceiro_assign_1771523318@test.com","password":"testpass123","phone":"912345678"},"url":"https://errors.pydantic.dev/2.12/v/missing"},{"type":"missing","loc":["body","tipo_pagamento"],"msg":"Field required","input":{"name":"Test Motorista 1771523318","email":"test_parceiro_assign_1771523318@test.com","password":"testpass123","phone":"912345678"},"url":"https://errors.pydantic.dev/2.12/v/missing"}]}
E   assert 422 == 200
E    +  where 422 = &lt;Response [422]&gt;.status_code</error></testcase><testcase classname="tests.test_user_management_iter53.TestAtribuirParceiro" name="test_atribuir_parceiro_invalid_parceiro" time="0.794"><error message="failed on setup with &quot;AssertionError: Failed to create motorista: {&quot;detail&quot;:[{&quot;type&quot;:&quot;missing&quot;,&quot;loc&quot;:[&quot;body&quot;,&quot;morada_completa&quot;],&quot;msg&quot;:&quot;Field required&quot;,&quot;input&quot;:{&quot;name&quot;:&quot;Test Motorista 1771523318&quot;,&quot;email&quot;:&quot;test_parceiro_assign_1771523318@test.com&quot;,&quot;password&quot;:&quot;testpass123&quot;,&quot;phone&quot;:&quot;912345678&quot;},&quot;url&quot;:&quot;https://errors.pydantic.dev/2.12/v/missing&quot;},{&quot;type&quot;:&quot;missing&quot;,&quot;loc&quot;:[&quot;body&quot;,&quot;codigo_postal&quot;],&quot;msg&quot;:&quot;Field required&quot;,&quot;input&quot;:{&quot;name&quot;:&quot;Test Motorista 1771523318&quot;,&quot;email&quot;:&quot;test_parceiro_assign_1771523318@test.com&quot;,&quot;password&quot;:&quot;testpass123&quot;,&quot;phone&quot;:&quot;912345678&quot;},&quot;url&quot;:&quot;https://errors.pydantic.dev/2.12/v/missing&quot;},{&quot;type&quot;:&quot;missing&quot;,&quot;loc&quot;:[&quot;body&quot;,&quot;data_nascimento&quot;],&quot;msg&quot;:&quot;Field required&quot;,&quot;input&quot;:{&quot;name&quot;:&quot;Test Motorista 1771523318&quot;,&quot;email&quot;:&quot;test_parceiro_assign_1771523318@test.com&quot;,&quot;password&quot;:&quot;testpass123&quot;,&quot;phone&quot;:&quot;912345678&quot;},&quot;url&quot;:&quot;https://errors.pydantic.dev/2.12/v/missing&quot;},{&quot;type&quot;:&quot;missing&quot;,&quot;loc&quot;:[&quot;body&quot;,&quot;nacionalidade&quot;],&quot;msg&quot;:&quot;Field required&quot;,&quot;input&quot;:{&quot;name&quot;:&quot;Test Motorista 1771523318&quot;,&quot;email&quot;:&quot;test_parceiro_assign_1771523318@test.com&quot;,&quot;password&quot;:&quot;testpass123&quot;,&quot;phone&quot;:&quot;912345678&quot;},&quot;url&quot;:&quot;https://errors.pydantic.dev/2.12/v/missing&quot;},{&quot;type&quot;:&quot;missing&quot;,&quot;loc&quot;:[&quot;body&quot;,&quot;tipo_documento&quot;],&quot;msg&quot;:&quot;Field required&quot;,&quot;input&quot;:{&quot;name&quot;:&quot;Test Motorista 1771523318&quot;,&quot;email&quot;:&quot;test_parceiro_assign_1771523318@test.com&quot;,&quot;password&quot;:&quot;testpass123&quot;,&quot;phone&quot;:&quot;912345678&quot;},&quot;url&quot;:&quot;https://errors.pydantic.dev/2.12/v/missing&quot;},{&quot;type&quot;:&quot;missing&quot;,&quot;loc&quot;:[&quot;body&quot;,&quot;numero_documento&quot;],&quot;msg&quot;:&quot;Field required&quot;,&quot;input&quot;:{&quot;name&quot;:&quot;Test Motorista 1771523318&quot;,&quot;email&quot;:&quot;test_parceiro_assign_1771523318@test.com&quot;,&quot;password&quot;:&quot;testpass123&quot;,&quot;phone&quot;:&quot;912345678&quot;},&quot;url&quot;:&quot;https://errors.pydantic.dev/2.12/v/missing&quot;},{&quot;type&quot;:&quot;missing&quot;,&quot;loc&quot;:[&quot;body&quot;,&quot;validade_documento&quot;],&quot;msg&quot;:&quot;Field required&quot;,&quot;input&quot;:{&quot;name&quot;:&quot;Test Motorista 1771523318&quot;,&quot;email&quot;:&quot;test_parceiro_assign_1771523318@test.com&quot;,&quot;password&quot;:&quot;testpass123&quot;,&quot;phone&quot;:&quot;912345678&quot;},&quot;url&quot;:&quot;https://errors.pydantic.dev/2.12/v/missing&quot;},{&quot;type&quot;:&quot;missing&quot;,&quot;loc&quot;:[&quot;body&quot;,&quot;nif&quot;],&quot;msg&quot;:&quot;Field required&quot;,&quot;input&quot;:{&quot;name&quot;:&quot;Test Motorista 1771523318&quot;,&quot;email&quot;:&quot;test_parceiro_assign_1771523318@test.com&quot;,&quot;password&quot;:&quot;testpass123&quot;,&quot;phone&quot;:&quot;912345678&quot;},&quot;url&quot;:&quot;https://errors.pydantic.dev/2.12/v/missing&quot;},{&quot;type&quot;:&quot;missing&quot;,&quot;loc&quot;:[&quot;body&quot;,&quot;carta_conducao_numero&quot;],&quot;msg&quot;:&quot;Field required&quot;,&quot;input&quot;:{&quot;name&quot;:&quot;Test Motorista 1771523318&quot;,&quot;email&quot;:&quot;test_parceiro_assign_1771523318@test.com&quot;,&quot;password&quot;:&quot;testpass123&quot;,&quot;phone&quot;:&quot;912345678&quot;},&quot;url&quot;:&quot;https://errors.pydantic.dev/2.12/v/missing&quot;},{&quot;type&quot;:&quot;missing&quot;,&quot;loc&quot;:[&quot;body&quot;,&quot;carta_conducao_validade&quot;],&quot;msg&quot;:&quot;Field required&quot;,&quot;input&quot;:{&quot;name&quot;:&quot;Test Motorista 1771523318&quot;,&quot;email&quot;:&quot;test_parceiro_assign_1771523318@test.com&quot;,&quot;password&quot;:&quot;testpass123&quot;,&quot;phone&quot;:&quot;912345678&quot;},&quot;url&quot;:&quot;https://errors.pydantic.dev/2.12/v/missing&quot;},{&quot;type&quot;:&quot;missing&quot;,&quot;loc&quot;:[&quot;body&quot;,&quot;licenca_tvde_numero&quot;],&quot;msg&quot;:&quot;Field required&quot;,&quot;input&quot;:{&quot;name&quot;:&quot;Test Motorista 1771523318&quot;,&quot;email&quot;:&quot;test_parceiro_assign_1771523318@test.com&quot;,&quot;password&quot;:&quot;testpass123&quot;,&quot;phone&quot;:&quot;912345678&quot;},&quot;url&quot;:&quot;https://errors.pydantic.dev/2.12/v/missing&quot;},{&quot;type&quot;:&quot;missing&quot;,&quot;loc&quot;:[&quot;body&quot;,&quot;licenca_tvde_validade&quot;],&quot;msg&quot;:&quot;Field required&quot;,&quot;input&quot;:{&quot;name&quot;:&quot;Test Motorista 1771523318&quot;,&quot;email&quot;:&quot;test_parceiro_assign_1771523318@test.com&quot;,&quot;password&quot;:&quot;testpass123&quot;,&quot;phone&quot;:&quot;912345678&quot;},&quot;url&quot;:&quot;https://errors.pydantic.dev/2.12/v/missing&quot;},{&quot;type&quot;:&quot;missing&quot;,&quot;loc&quot;:[&quot;body&quot;,&quot;regime&quot;],&quot;msg&quot;:&quot;Field required&quot;,&quot;input&quot;:{&quot;name&quot;:&quot;Test Motorista 1771523318&quot;,&quot;email&quot;:&quot;test_parceiro_assign_1771523318@test.com&quot;,&quot;password&quot;:&quot;testpass123&quot;,&quot;phone&quot;:&quot;912345678&quot;},&quot;url&quot;:&quot;https://errors.pydantic.dev/2.12/v/missing&quot;},{&quot;type&quot;:&quot;missing&quot;,&quot;loc&quot;:[&quot;body&quot;,&quot;whatsapp&quot;],&quot;msg&quot;:&quot;Field required&quot;,&quot;input&quot;:{&quot;name&quot;:&quot;Test Motorista 1771523318&quot;,&quot;email&quot;:&quot;test_parceiro_assign_1771523318@test.com&quot;,&quot;password&quot;:&quot;testpass123&quot;,&quot;phone&quot;:&quot;912345678&quot;},&quot;url&quot;:&quot;https://errors.pydantic.dev/2.12/v/missing&quot;},{&quot;type&quot;:&quot;missing&quot;,&quot;loc&quot;:[&quot;body&quot;,&quot;tipo_pagamento&quot;],&quot;msg&quot;:&quot;Field required&quot;,&quot;input&quot;:{&quot;name&quot;:&quot;Test Motorista 1771523318&quot;,&quot;email&quot;:&quot;test_parceiro_assign_1771523318@test.com&quot;,&quot;password&quot;:&quot;testpass123&quot;,&quot;phone&quot;:&quot;912345678&quot;},&quot;url&quot;:&quot;https://errors.pydantic.dev/2.12/v/missing&quot;}]}&#10;assert 422 == 200&#10; +  where 422 = &lt;Response [422]&gt;.status_code&quot;">tests/test_user_management_iter53.py:202: in test_motorista_and_parceiro
    assert create_response.status_code == 200, f"Failed to create motorista: {create_response.text}"
E   AssertionError: Failed to create motorista: {"detail":[{"type":"missing","loc":["body","morada_completa"],"msg":"Field required","input":{"name":"Test Motorista 1771523318","email":"test_parceiro_assign_1771523318@test.com","password":"testpass123","phone":"912345678"},"url":"https://errors.pydantic.dev/2.12/v/missing"},{"type":"missing","loc":["body","codigo_postal"],"msg":"Field required","input":{"name":"Test Motorista 1771523318","email":"test_parceiro_assign_1771523318@test.com","password":"testpass123","phone":"912345678"},"url":"https://errors.pydantic.dev/2.12/v/missing"},{"type":"missing","loc":["body","data_nascimento"],"msg":"Field required","input":{"name":"Test Motorista 1771523318","email":"test_parceiro_assign_1771523318@test.com","password":"testpass123","phone":"912345678"},"url":"https://errors.pydantic.dev/2.12/v/missing"},{"type":"missing","loc":["body","nacionalidade"],"msg":"Field required","input":{"name":"Test Motorista 1771523318","email":"test_parceiro_assign_1771523318@test.com","password":"testpass123","phone":"912345678"},"url":"https://errors.pydantic.dev/2.12/v/missing"},{"type":"missing","loc":["body","tipo_documento"],"msg":"Field required","input":{"name":"Test Motorista 1771523318","email":"test_parceiro_assign_1771523318@test.com","password":"testpass123","phone":"912345678"},"url":"https://errors.pydantic.dev/2.12/v/missing"},{"type":"missing","loc":["body","numero_documento"],"msg":"Field required","input":{"name":"Test Motorista 1771523318","email":"test_parceiro_assign_1771523318@test.com","password":"testpass123","phone":"912345678"},"url":"https://errors.pydantic.dev/2.12/v/missing"},{"type":"missing","loc":["body","validade_documento"],"msg":"Field required","input":{"name":"Test Motorista 1771523318","email":"test_parceiro_assign_1771523318@test.com","password":"testpass123","phone":"912345678"},"url":"https://errors.pydantic.dev/2.12/v/missing"},{"type":"missing","loc":["body","nif"],"msg":"Field required","input":{"name":"Test Motorista 1771523318","email":"test_parceiro_assign_1771523318@test.com","password":"testpass123","phone":"912345678"},"url":"https://errors.pydantic.dev/2.12/v/missing"},{"type":"missing","loc":["body","carta_conducao_numero"],"msg":"Field required","input":{"name":"Test Motorista 1771523318","email":"test_parceiro_assign_1771523318@test.com","password":"testpass123","phone":"912345678"},"url":"https://errors.pydantic.dev/2.12/v/missing"},{"type":"missing","loc":["body","carta_conducao_validade"],"msg":"Field required","input":{"name":"Test Motorista 1771523318","email":"test_parceiro_assign_1771523318@test.com","password":"testpass123","phone":"912345678"},"url":"https://errors.pydantic.dev/2.12/v/missing"},{"type":"missing","loc":["body","licenca_tvde_numero"],"msg":"Field required","input":{"name":"Test Motorista 1771523318","email":"test_parceiro_assign_1771523318@test.com","password":"testpass123","phone":"912345678"},"url":"https://errors.pydantic.dev/2.12/v/missing"},{"type":"missing","loc":["body","licenca_tvde_validade"],"msg":"Field required","input":{"name":"Test Motorista 1771523318","email":"test_parceiro_assign_1771523318@test.com","password":"testpass123","phone":"912345678"},"url":"https://errors.pydantic.dev/2.12/v/missing"},{"type":"missing","loc":["body","regime"],"msg":"Field required","input":{"name":"Test Motorista 1771523318","email":"test_parceiro_assign_1771523318@test.com","password":"testpass123","phone":"912345678"},"url":"https://errors.pydantic.dev/2.12/v/missing"},{"type":"missing","loc":["body","whatsapp"],"msg":"Field required","input":{"name":"Test Motorista 1771523318","email":"test_parceiro_assign_1771523318@test.com","password":"testpass123","phone":"912345678"},"url":"https://errors.pydantic.dev/2.12/v/missing"},{"type":"missing","loc":["body","tipo_pagamento"],"msg":"Field required","input":{"name":"Test Motorista 1771523318","email":"test_parceiro_assign_1771523318@test.com","password":"testpass123","phone":"912345678"},"url":"https://errors.pydantic.dev/2.12/v/missing"}]}
E   assert 422 == 200
E    +  where 422 = &lt;Response [422]&gt;.status_code</error></testcase><testcase classname="tests.test_user_management_iter53.TestAtribuirParceiro" name="test_atribuir_parceiro_motorista_not_found" time="0.633"><error message="failed on setup with &quot;AssertionError: Failed to create motorista: {&quot;detail&quot;:[{&quot;type&quot;:&quot;missing&quot;,&quot;loc&quot;:[&quot;body&quot;,&quot;morada_completa&quot;],&quot;msg&quot;:&quot;Field required&quot;,&quot;input&quot;:{&quot;name&quot;:&quot;Test Motorista 1771523319&quot;,&quot;email&quot;:&quot;test_parceiro_assign_1771523319@test.com&quot;,&quot;password&quot;:&quot;testpass123&quot;,&quot;phone&quot;:&quot;912345678&quot;},&quot;url&quot;:&quot;https://errors.pydantic.dev/2.12/v/missing&quot;},{&quot;type&quot;:&quot;missing&quot;,&quot;loc&quot;:[&quot;body&quot;,&quot;codigo_postal&quot;],&quot;msg&quot;:&quot;Field required&quot;,&quot;input&quot;:{&quot;name&quot;:&quot;Test Motorista 1771523319&quot;,&quot;email&quot;:&quot;test_parceiro_assign_1771523319@test.com&quot;,&quot;password&quot;:&quot;testpass123&quot;,&quot;phone&quot;:&quot;912345678&quot;},&quot;url&quot;:&quot;https://errors.pydantic.dev/2.12/v/missing&quot;},{&quot;type&quot;:&quot;missing&quot;,&quot;loc&quot;:[&quot;body&quot;,&quot;data_nascimento&quot;],&quot;msg&quot;:&quot;Field required&quot;,&quot;input&quot;:{&quot;name&quot;:&quot;Test Motorista 1771523319&quot;,&quot;email&quot;:&quot;test_parceiro_assign_1771523319@test.com&quot;,&quot;password&quot;:&quot;testpass123&quot;,&quot;phone&quot;:&quot;912345678&quot;},&quot;url&quot;:&quot;https://errors.pydantic.dev/2.12/v/missing&quot;},{&quot;type&quot;:&quot;missing&quot;,&quot;loc&quot;:[&quot;body&quot;,&quot;nacionalidade&quot;],&quot;msg&quot;:&quot;Field required&quot;,&quot;input&quot;:{&quot;name&quot;:&quot;Test Motorista 1771523319&quot;,&quot;email&quot;:&quot;test_parceiro_assign_1771523319@test.com&quot;,&quot;password&quot;:&quot;testpass123&quot;,&quot;phone&quot;:&quot;912345678&quot;},&quot;url&quot;:&quot;https://errors.pydantic.dev/2.12/v/missing&quot;},{&quot;type&quot;:&quot;missing&quot;,&quot;loc&quot;:[&quot;body&quot;,&quot;tipo_documento&quot;],&quot;msg&quot;:&quot;Field required&quot;,&quot;input&quot;:{&quot;name&quot;:&quot;Test Motorista 1771523319&quot;,&quot;email&quot;:&quot;test_parceiro_assign_1771523319@test.com&quot;,&quot;password&quot;:&quot;testpass123&quot;,&quot;phone&quot;:&quot;912345678&quot;},&quot;url&quot;:&quot;https://errors.pydantic.dev/2.12/v/missing&quot;},{&quot;type&quot;:&quot;missing&quot;,&quot;loc&quot;:[&quot;body&quot;,&quot;numero_documento&quot;],&quot;msg&quot;:&quot;Field required&quot;,&quot;input&quot;:{&quot;name&quot;:&quot;Test Motorista 1771523319&quot;,&quot;email&quot;:&quot;test_parceiro_assign_1771523319@test.com&quot;,&quot;password&quot;:&quot;testpass123&quot;,&quot;phone&quot;:&quot;912345678&quot;},&quot;url&quot;:&quot;https://errors.pydantic.dev/2.12/v/missing&quot;},{&quot;type&quot;:&quot;missing&quot;,&quot;loc&quot;:[&quot;body&quot;,&quot;validade_documento&quot;],&quot;msg&quot;:&quot;Field required&quot;,&quot;input&quot;:{&quot;name&quot;:&quot;Test Motorista 1771523319&quot;,&quot;email&quot;:&quot;test_parceiro_assign_1771523319@test.com&quot;,&quot;password&quot;:&quot;testpass123&quot;,&quot;phone&quot;:&quot;912345678&quot;},&quot;url&quot;:&quot;https://errors.pydantic.dev/2.12/v/missing&quot;},{&quot;type&quot;:&quot;missing&quot;,&quot;loc&quot;:[&quot;body&quot;,&quot;nif&quot;],&quot;msg&quot;:&quot;Field required&quot;,&quot;input&quot;:{&quot;name&quot;:&quot;Test Motorista 1771523319&quot;,&quot;email&quot;:&quot;test_parceiro_assign_1771523319@test.com&quot;,&quot;password&quot;:&quot;testpass123&quot;,&quot;phone&quot;:&quot;912345678&quot;},&quot;url&quot;:&quot;https://errors.pydantic.dev/2.12/v/missing&quot;},{&quot;type&quot;:&quot;missing&quot;,&quot;loc&quot;:[&quot;body&quot;,&quot;carta_conducao_numero&quot;],&quot;msg&quot;:&quot;Field required&quot;,&quot;input&quot;:{&quot;name&quot;:&quot;Test Motorista 1771523319&quot;,&quot;email&quot;:&quot;test_parceiro_assign_1771523319@test.com&quot;,&quot;password&quot;:&quot;testpass123&quot;,&quot;phone&quot;:&quot;912345678&quot;},&quot;url&quot;:&quot;https://errors.pydantic.dev/2.12/v/missing&quot;},{&quot;type&quot;:&quot;missing&quot;,&quot;loc&quot;:[&quot;body&quot;,&quot;carta_conducao_validade&quot;],&quot;msg&quot;:&quot;Field required&quot;,&quot;input&quot;:{&quot;name&quot;:&quot;Test Motorista 1771523319&quot;,&quot;email&quot;:&quot;test_parceiro_assign_1771523319@test.com&quot;,&quot;password&quot;:&quot;testpass123&quot;,&quot;phone&quot;:&quot;912345678&quot;},&quot;url&quot;:&quot;https://errors.pydantic.dev/2.12/v/missing&quot;},{&quot;type&quot;:&quot;missing&quot;,&quot;loc&quot;:[&quot;body&quot;,&quot;licenca_tvde_numero&quot;],&quot;msg&quot;:&quot;Field required&quot;,&quot;input&quot;:{&quot;name&quot;:&quot;Test Motorista 1771523319&quot;,&quot;email&quot;:&quot;test_parceiro_assign_1771523319@test.com&quot;,&quot;password&quot;:&quot;testpass123&quot;,&quot;phone&quot;:&quot;912345678&quot;},&quot;url&quot;:&quot;https://errors.pydantic.dev/2.12/v/missing&quot;},{&quot;type&quot;:&quot;missing&quot;,&quot;loc&quot;:[&quot;body&quot;,&quot;licenca_tvde_validade&quot;],&quot;msg&quot;:&quot;Field required&quot;,&quot;input&quot;:{&quot;name&quot;:&quot;Test Motorista 1771523319&quot;,&quot;email&quot;:&quot;test_parceiro_assign_1771523319@test.com&quot;,&quot;password&quot;:&quot;testpass123&quot;,&quot;phone&quot;:&quot;912345678&quot;},&quot;url&quot;:&quot;https://errors.pydantic.dev/2.12/v/missing&quot;},{&quot;type&quot;:&quot;missing&quot;,&quot;loc&quot;:[&quot;body&quot;,&quot;regime&quot;],&quot;msg&quot;:&quot;Field required&quot;,&quot;input&quot;:{&quot;name&quot;:&quot;Test Motorista 1771523319&quot;,&quot;email&quot;:&quot;test_parceiro_assign_1771523319@test.com&quot;,&quot;password&quot;:&quot;testpass123&quot;,&quot;phone&quot;:&quot;912345678&quot;},&quot;url&quot;:&quot;https://errors.pydantic.dev/2.12/v/missing&quot;},{&quot;type&quot;:&quot;missing&quot;,&quot;loc&quot;:[&quot;body&quot;,&quot;whatsapp&quot;],&quot;msg&quot;:&quot;Field required&quot;,&quot;input&quot;:{&quot;name&quot;:&quot;Test Motorista 1771523319&quot;,&quot;email&quot;:&quot;test_parceiro_assign_1771523319@test.com&quot;,&quot;password&quot;:&quot;testpass123&quot;,&quot;phone&quot;:&quot;912345678&quot;},&quot;url&quot;:&quot;https://errors.pydantic.dev/2.12/v/missing&quot;},{&quot;type&quot;:&quot;missing&quot;,&quot;loc&quot;:[&quot;body&quot;,&quot;tipo_pagamento&quot;],&quot;msg&quot;:&quot;Field required&quot;,&quot;input&quot;:{&quot;name&quot;:&quot;Test Motorista 1771523319&quot;,&quot;email&quot;:&quot;test_parceiro_assign_1771523319@test.com&quot;,&quot;password&quot;:&quot;testpass123&quot;,&quot;phone&quot;:&quot;912345678&quot;},&quot;url&quot;:&quot;https://errors.pydantic.dev/2.12/v/missing&quot;}]}&#10;assert 422 == 200&#10; +  where 422 = &lt;Response [422]&gt;.status_code&quot;">tests/test_user_management_iter53.py:202: in test_motorista_and_parceiro
    assert create_response.status_code == 200, f"Failed to create motorista: {create_response.text}"
E   AssertionError: Failed to create motorista: {"detail":[{"type":"missing","loc":["body","morada_completa"],"msg":"Field required","input":{"name":"Test Motorista 1771523319","email":"test_parceiro_assign_1771523319@test.com","password":"testpass123","phone":"912345678"},"url":"https://errors.pydantic.dev/2.12/v/missing"},{"type":"missing","loc":["body","codigo_postal"],"msg":"Field required","input":{"name":"Test Motorista 1771523319","email":"test_parceiro_assign_1771523319@test.com","password":"testpass123","phone":"912345678"},"url":"https://errors.pydantic.dev/2.12/v/missing"},{"type":"missing","loc":["body","data_nascimento"],"msg":"Field required","input":{"name":"Test Motorista 1771523319","email":"test_parceiro_assign_1771523319@test.com","password":"testpass123","phone":"912345678"},"url":"https://errors.pydantic.dev/2.12/v/missing"},{"type":"missing","loc":["body","nacionalidade"],"msg":"Field required","input":{"name":"Test Motorista 1771523319","email":"test_parceiro_assign_1771523319@test.com","password":"testpass123","phone":"912345678"},"url":"https://errors.pydantic.dev/2.12/v/missing"},{"type":"missing","loc":["body","tipo_documento"],"msg":"Field required","input":{"name":"Test Motorista 1771523319","email":"test_parceiro_assign_1771523319@test.com","password":"testpass123","phone":"912345678"},"url":"https://errors.pydantic.dev/2.12/v/missing"},{"type":"missing","loc":["body","numero_documento"],"msg":"Field required","input":{"name":"Test Motorista 1771523319","email":"test_parceiro_assign_1771523319@test.com","password":"testpass123","phone":"912345678"},"url":"https://errors.pydantic.dev/2.12/v/missing"},{"type":"missing","loc":["body","validade_documento"],"msg":"Field required","input":{"name":"Test Motorista 1771523319","email":"test_parceiro_assign_1771523319@test.com","password":"testpass123","phone":"912345678"},"url":"https://errors.pydantic.dev/2.12/v/missing"},{"type":"missing","loc":["body","nif"],"msg":"Field required","input":{"name":"Test Motorista 1771523319","email":"test_parceiro_assign_1771523319@test.com","password":"testpass123","phone":"912345678"},"url":"https://errors.pydantic.dev/2.12/v/missing"},{"type":"missing","loc":["body","carta_conducao_numero"],"msg":"Field required","input":{"name":"Test Motorista 1771523319","email":"test_parceiro_assign_1771523319@test.com","password":"testpass123","phone":"912345678"},"url":"https://errors.pydantic.dev/2.12/v/missing"},{"type":"missing","loc":["body","carta_conducao_validade"],"msg":"Field required","input":{"name":"Test Motorista 1771523319","email":"test_parceiro_assign_1771523319@test.com","password":"testpass123","phone":"912345678"},"url":"https://errors.pydantic.dev/2.12/v/missing"},{"type":"missing","loc":["body","licenca_tvde_numero"],"msg":"Field required","input":{"name":"Test Motorista 1771523319","email":"test_parceiro_assign_1771523319@test.com","password":"testpass123","phone":"912345678"},"url":"https://errors.pydantic.dev/2.12/v/missing"},{"type":"missing","loc":["body","licenca_tvde_validade"],"msg":"Field required","input":{"name":"Test Motorista 1771523319","email":"test_parceiro_assign_1771523319@test.com","password":"testpass123","phone":"912345678"},"url":"https://errors.pydantic.dev/2.12/v/missing"},{"type":"missing","loc":["body","regime"],"msg":"Field required","input":{"name":"Test Motorista 1771523319","email":"test_parceiro_assign_1771523319@test.com","password":"testpass123","phone":"912345678"},"url":"https://errors.pydantic.dev/2.12/v/missing"},{"type":"missing","loc":["body","whatsapp"],"msg":"Field required","input":{"name":"Test Motorista 1771523319","email":"test_parceiro_assign_1771523319@test.com","password":"testpass123","phone":"912345678"},"url":"https://errors.pydantic.dev/2.12/v/missing"},{"type":"missing","loc":["body","tipo_pagamento"],"msg":"Field required","input":{"name":"Test Motorista 1771523319","email":"test_parceiro_assign_1771523319@test.com","password":"testpass123","phone":"912345678"},"url":"https://errors.pydantic.dev/2.12/v/missing"}]}
E   assert 422 == 200
E    +  where 422 = &lt;Response [422]&gt;.status_code</error></testcase><testcase classname="tests.test_user_management_iter53.TestApproveUserCreatesMotoristDoc" name="test_approve_motorista_creates_document" time="1.477" /><testcase classname="tests.test_user_management_iter53.TestViewMotoristaDocuments" name="test_get_motorista_details" time="0.675" /><testcase classname="tests.test_user_management_iter53.TestNelsonFranciscoSpecific" name="test_nelson_exists_and_approved" time="0.556" /><testcase classname="tests.test_user_management_iter53.TestNelsonFranciscoSpecific" name="test_nelson_in_motoristas_collection" time="0.588" /><testcase classname="tests.test_user_management_iter53.TestNelsonFranciscoSpecific" name="test_nelson_partner_assignment" time="0.971" /></testsuite></testsuites>