<?xml version="1.0" encoding="utf-8"?><testsuites name="pytest tests"><testsuite name="pytest" errors="0" failures="2" skipped="10" tests="16" time="3.514" timestamp="2026-02-18T18:24:10.660412+00:00" hostname="agent-env-98dafbdf-b396-435d-b250-36658da98fda"><testcase classname="backend.tests.test_km_precos_especiais.TestAuthentication" name="test_admin_login" time="0.707" /><testcase classname="backend.tests.test_km_precos_especiais.TestAuthentication" name="test_parceiro_login" time="0.383" /><testcase classname="backend.tests.test_km_precos_especiais.TestKmHistorico" name="test_historico_km_endpoint_exists" time="0.553"><skipped type="pytest.skip" message="No test vehicle available">/app/backend/tests/test_km_precos_especiais.py:84: No test vehicle available</skipped></testcase><testcase classname="backend.tests.test_km_precos_especiais.TestKmHistorico" name="test_historico_km_invalid_vehicle" time="0.152" /><testcase classname="backend.tests.test_km_precos_especiais.TestKmHistorico" name="test_historico_km_no_mongo_id" time="0.000"><skipped type="pytest.skip" message="No test vehicle available">/app/backend/tests/test_km_precos_especiais.py:106: No test vehicle available</skipped></testcase><testcase classname="backend.tests.test_km_precos_especiais.TestAtualizarKm" name="test_atualizar_km_endpoint_exists" time="0.502"><skipped type="pytest.skip" message="No test vehicle available">/app/backend/tests/test_km_precos_especiais.py:151: No test vehicle available</skipped></testcase><testcase classname="backend.tests.test_km_precos_especiais.TestAtualizarKm" name="test_atualizar_km_creates_history" time="0.000"><skipped type="pytest.skip" message="No test vehicle available">/app/backend/tests/test_km_precos_especiais.py:169: No test vehicle available</skipped></testcase><testcase classname="backend.tests.test_km_precos_especiais.TestAtualizarKm" name="test_atualizar_km_missing_km_atual" time="0.000"><skipped type="pytest.skip" message="No test vehicle available">/app/backend/tests/test_km_precos_especiais.py:209: No test vehicle available</skipped></testcase><testcase classname="backend.tests.test_km_precos_especiais.TestAtualizarKm" name="test_simple_km_endpoint_doesnt_exist" time="0.000"><skipped type="pytest.skip" message="No test vehicle available">/app/backend/tests/test_km_precos_especiais.py:223: No test vehicle available</skipped></testcase><testcase classname="backend.tests.test_km_precos_especiais.TestPrecosEspeciais" name="test_get_planos_endpoint" time="0.473"><failure message="AssertionError: Expected 200, got 404&#10;assert 404 == 200&#10; +  where 404 = &lt;Response [404]&gt;.status_code">backend/tests/test_km_precos_especiais.py:273: in test_get_planos_endpoint
    assert response.status_code == 200, f"Expected 200, got {response.status_code}"
E   AssertionError: Expected 200, got 404
E   assert 404 == 200
E    +  where 404 = &lt;Response [404]&gt;.status_code</failure></testcase><testcase classname="backend.tests.test_km_precos_especiais.TestPrecosEspeciais" name="test_get_parceiros_endpoint" time="0.190"><failure message="AssertionError: Expected 200, got 404&#10;assert 404 == 200&#10; +  where 404 = &lt;Response [404]&gt;.status_code">backend/tests/test_km_precos_especiais.py:282: in test_get_parceiros_endpoint
    assert response.status_code == 200, f"Expected 200, got {response.status_code}"
E   AssertionError: Expected 200, got 404
E   assert 404 == 200
E    +  where 404 = &lt;Response [404]&gt;.status_code</failure></testcase><testcase classname="backend.tests.test_km_precos_especiais.TestPrecosEspeciais" name="test_criar_preco_especial" time="0.332"><skipped type="pytest.skip" message="No plano available">/app/backend/tests/test_km_precos_especiais.py:290: No plano available</skipped></testcase><testcase classname="backend.tests.test_km_precos_especiais.TestPrecosEspeciais" name="test_criar_preco_especial_valor_fixo" time="0.000"><skipped type="pytest.skip" message="No plano available">/app/backend/tests/test_km_precos_especiais.py:311: No plano available</skipped></testcase><testcase classname="backend.tests.test_km_precos_especiais.TestPrecosEspeciais" name="test_criar_preco_especial_sem_parceiro" time="0.000"><skipped type="pytest.skip" message="No plano available">/app/backend/tests/test_km_precos_especiais.py:332: No plano available</skipped></testcase><testcase classname="backend.tests.test_km_precos_especiais.TestPrecosEspeciais" name="test_criar_preco_especial_plano_invalido" time="0.000"><skipped type="pytest.skip" message="No parceiro available">/app/backend/tests/test_km_precos_especiais.py:347: No parceiro available</skipped></testcase><testcase classname="backend.tests.test_km_precos_especiais.TestPrecosEspeciais" name="test_admin_precos_especiais_endpoint" time="0.124" /></testsuite></testsuites>