<?xml version="1.0" encoding="utf-8"?><testsuites name="pytest tests"><testsuite name="pytest" errors="0" failures="0" skipped="0" tests="12" time="7.891" timestamp="2026-02-19T22:47:20.859643+00:00" hostname="agent-env-b3a9632d-d01d-4df5-a616-776f65c705a4"><testcase classname="backend.tests.test_iter55_fixes.TestMotoristRegistrationWithDocuments" name="test_01_register_new_motorista" time="1.893" /><testcase classname="backend.tests.test_iter55_fixes.TestMotoristRegistrationWithDocuments" name="test_02_verify_motorista_in_collection" time="0.191" /><testcase classname="backend.tests.test_iter55_fixes.TestMotoristRegistrationWithDocuments" name="test_03_upload_document_during_registration" time="0.148" /><testcase classname="backend.tests.test_iter55_fixes.TestMotoristRegistrationWithDocuments" name="test_04_verify_document_associated_with_motorista" time="0.141" /><testcase classname="backend.tests.test_iter55_fixes.TestPlaywrightSystemStatus" name="test_01_system_status_endpoint" time="0.852" /><testcase classname="backend.tests.test_iter55_fixes.TestPlaywrightSystemStatus" name="test_02_disk_usage_info" time="0.781" /><testcase classname="backend.tests.test_iter55_fixes.TestBrowserVirtualSession" name="test_01_get_plataformas_for_browser_session" time="0.488" /><testcase classname="backend.tests.test_iter55_fixes.TestBrowserVirtualSession" name="test_02_iniciar_sessao_browser_virtual" time="1.906" /><testcase classname="backend.tests.test_iter55_fixes.TestBrowserVirtualSession" name="test_03_get_session_status" time="0.160" /><testcase classname="backend.tests.test_iter55_fixes.TestBrowserVirtualSession" name="test_04_get_screenshot" time="0.189" /><testcase classname="backend.tests.test_iter55_fixes.TestBrowserVirtualSession" name="test_05_terminate_session" time="0.167" /><testcase classname="backend.tests.test_iter55_fixes.TestDocumentosQueryFix" name="test_verify_existing_motorista_document_update" time="0.903" /></testsuite></testsuites>