<?xml version="1.0" encoding="utf-8"?><testsuites name="pytest tests"><testsuite name="pytest" errors="0" failures="2" skipped="0" tests="13" time="12.601" timestamp="2026-02-19T17:47:50.283427+00:00" hostname="agent-env-80108777-3e0d-4abe-8449-7d975559c63d"><testcase classname="tests.test_user_management_iter53.TestAdminSetRole" name="test_set_role_same_role_returns_message" time="0.813" /><testcase classname="tests.test_user_management_iter53.TestAdminSetRole" name="test_set_role_change_role" time="1.365" /><testcase classname="tests.test_user_management_iter53.TestAdminSetRole" name="test_set_role_invalid_role" time="0.708" /><testcase classname="tests.test_user_management_iter53.TestAdminSetRole" name="test_set_role_user_not_found" time="0.542" /><testcase classname="tests.test_user_management_iter53.TestAtribuirParceiro" name="test_atribuir_parceiro_success" time="1.173"><failure message="assert 404 == 200&#10; +  where 404 = &lt;Response [404]&gt;.status_code">tests/test_user_management_iter53.py:225: in test_atribuir_parceiro_success
    assert response.status_code == 200
E   assert 404 == 200
E    +  where 404 = &lt;Response [404]&gt;.status_code</failure></testcase><testcase classname="tests.test_user_management_iter53.TestAtribuirParceiro" name="test_atribuir_parceiro_missing_id" time="1.225"><failure message="assert 404 == 400&#10; +  where 404 = &lt;Response [404]&gt;.status_code">tests/test_user_management_iter53.py:253: in test_atribuir_parceiro_missing_id
    assert response.status_code == 400
E   assert 404 == 400
E    +  where 404 = &lt;Response [404]&gt;.status_code</failure></testcase><testcase classname="tests.test_user_management_iter53.TestAtribuirParceiro" name="test_atribuir_parceiro_invalid_parceiro" time="1.313" /><testcase classname="tests.test_user_management_iter53.TestAtribuirParceiro" name="test_atribuir_parceiro_motorista_not_found" time="1.125" /><testcase classname="tests.test_user_management_iter53.TestApproveUserCreatesMotoristDoc" name="test_approve_motorista_creates_document" time="1.452" /><testcase classname="tests.test_user_management_iter53.TestViewMotoristaDocuments" name="test_get_motorista_details" time="0.635" /><testcase classname="tests.test_user_management_iter53.TestNelsonFranciscoSpecific" name="test_nelson_exists_and_approved" time="0.468" /><testcase classname="tests.test_user_management_iter53.TestNelsonFranciscoSpecific" name="test_nelson_in_motoristas_collection" time="0.644" /><testcase classname="tests.test_user_management_iter53.TestNelsonFranciscoSpecific" name="test_nelson_partner_assignment" time="0.997" /></testsuite></testsuites>