<?xml version="1.0" encoding="utf-8"?><testsuites name="pytest tests"><testsuite name="pytest" errors="0" failures="1" skipped="0" tests="8" time="2.865" timestamp="2026-01-30T00:01:31.693453+00:00" hostname="agent-env-183940b8-0b53-44d0-9d65-6503a0e73ee0"><testcase classname="tests.test_resumo_semanal_bolt.TestResumoSemanalBoltFix" name="test_login_parceiro" time="0.284" /><testcase classname="tests.test_resumo_semanal_bolt.TestResumoSemanalBoltFix" name="test_resumo_semanal_endpoint_exists" time="0.037"><failure message="AssertionError: Endpoint should require authentication&#10;assert 403 == 401&#10; +  where 403 = &lt;Response [403]&gt;.status_code">tests/test_resumo_semanal_bolt.py:48: in test_resumo_semanal_endpoint_exists
    assert response.status_code == 401, "Endpoint should require authentication"
E   AssertionError: Endpoint should require authentication
E   assert 403 == 401
E    +  where 403 = &lt;Response [403]&gt;.status_code</failure></testcase><testcase classname="tests.test_resumo_semanal_bolt.TestResumoSemanalBoltFix" name="test_resumo_semanal_week_51_2025" time="0.624" /><testcase classname="tests.test_resumo_semanal_bolt.TestResumoSemanalBoltFix" name="test_resumo_semanal_week_2_2026" time="0.591" /><testcase classname="tests.test_resumo_semanal_bolt.TestResumoSemanalBoltFix" name="test_resumo_semanal_week_1_2026" time="0.620" /><testcase classname="tests.test_resumo_semanal_bolt.TestResumoSemanalBoltFix" name="test_bolt_query_supports_both_formats" time="0.001" /><testcase classname="tests.test_resumo_semanal_bolt.TestSincronizacaoMotoristasLogic" name="test_sincronizacao_code_review" time="0.001" /><testcase classname="tests.test_resumo_semanal_bolt.TestAdminResumoSemanal" name="test_admin_resumo_semanal" time="0.633" /></testsuite></testsuites>