<?xml version="1.0" encoding="utf-8"?><testsuites name="pytest tests"><testsuite name="pytest" errors="0" failures="0" skipped="0" tests="5" time="0.848" timestamp="2026-02-12T10:45:07.664510+00:00" hostname="agent-env-8b6fd4bf-4173-4296-b127-3cf0d2de2895"><testcase classname="backend.tests.test_p0_planos_features.TestTrialConfig" name="test_create_plan_with_trial_config" time="0.399" /><testcase classname="backend.tests.test_p0_planos_features.TestReferenciaFaturacao" name="test_create_plan_with_referencia_faturacao" time="0.068" /><testcase classname="backend.tests.test_p0_planos_features.TestTaxaIVA" name="test_create_plan_with_custom_taxa_iva" time="0.103" /><testcase classname="backend.tests.test_p0_planos_features.TestPrecosPlano" name="test_create_plan_with_full_precos_plano" time="0.067" /><testcase classname="backend.tests.test_p0_planos_features.TestCombinedFeatures" name="test_create_plan_with_all_p0_features" time="0.108" /></testsuite></testsuites>