<?xml version="1.0" encoding="utf-8"?><testsuites name="pytest tests"><testsuite name="pytest" errors="0" failures="0" skipped="26" tests="27" time="0.692" timestamp="2026-01-29T21:31:56.233858+00:00" hostname="agent-env-853ff0e0-a1d1-4817-9d03-d72e8782a7bd"><testcase classname="backend.tests.test_exportacao.TestExportacaoCampos" name="test_campos_returns_motoristas_and_veiculos" time="0.303"><skipped type="pytest.skip" message="Parceiro authentication failed">/app/backend/tests/test_exportacao.py:53: Parceiro authentication failed</skipped></testcase><testcase classname="backend.tests.test_exportacao.TestExportacaoCampos" name="test_campos_motoristas_structure" time="0.000"><skipped type="pytest.skip" message="Parceiro authentication failed">/app/backend/tests/test_exportacao.py:69: Parceiro authentication failed</skipped></testcase><testcase classname="backend.tests.test_exportacao.TestExportacaoCampos" name="test_campos_veiculos_structure" time="0.000"><skipped type="pytest.skip" message="Parceiro authentication failed">/app/backend/tests/test_exportacao.py:88: Parceiro authentication failed</skipped></testcase><testcase classname="backend.tests.test_exportacao.TestExportacaoCampos" name="test_campos_has_expected_motorista_fields" time="0.000"><skipped type="pytest.skip" message="Parceiro authentication failed">/app/backend/tests/test_exportacao.py:107: Parceiro authentication failed</skipped></testcase><testcase classname="backend.tests.test_exportacao.TestExportacaoCampos" name="test_campos_has_expected_veiculo_fields" time="0.000"><skipped type="pytest.skip" message="Parceiro authentication failed">/app/backend/tests/test_exportacao.py:124: Parceiro authentication failed</skipped></testcase><testcase classname="backend.tests.test_exportacao.TestExportacaoCampos" name="test_campos_unauthorized_without_token" time="0.036" /><testcase classname="backend.tests.test_exportacao.TestExportacaoMotoristas" name="test_exportar_motoristas_default_fields" time="0.000"><skipped type="pytest.skip" message="Parceiro authentication failed">/app/backend/tests/test_exportacao.py:150: Parceiro authentication failed</skipped></testcase><testcase classname="backend.tests.test_exportacao.TestExportacaoMotoristas" name="test_exportar_motoristas_with_selected_fields" time="0.000"><skipped type="pytest.skip" message="Parceiro authentication failed">/app/backend/tests/test_exportacao.py:167: Parceiro authentication failed</skipped></testcase><testcase classname="backend.tests.test_exportacao.TestExportacaoMotoristas" name="test_exportar_motoristas_semicolon_delimiter" time="0.000"><skipped type="pytest.skip" message="Parceiro authentication failed">/app/backend/tests/test_exportacao.py:183: Parceiro authentication failed</skipped></testcase><testcase classname="backend.tests.test_exportacao.TestExportacaoMotoristas" name="test_exportar_motoristas_comma_delimiter" time="0.000"><skipped type="pytest.skip" message="Parceiro authentication failed">/app/backend/tests/test_exportacao.py:197: Parceiro authentication failed</skipped></testcase><testcase classname="backend.tests.test_exportacao.TestExportacaoMotoristas" name="test_exportar_motoristas_content_disposition" time="0.000"><skipped type="pytest.skip" message="Parceiro authentication failed">/app/backend/tests/test_exportacao.py:211: Parceiro authentication failed</skipped></testcase><testcase classname="backend.tests.test_exportacao.TestExportacaoMotoristas" name="test_exportar_motoristas_invalid_fields" time="0.000"><skipped type="pytest.skip" message="Parceiro authentication failed">/app/backend/tests/test_exportacao.py:224: Parceiro authentication failed</skipped></testcase><testcase classname="backend.tests.test_exportacao.TestExportacaoVeiculos" name="test_exportar_veiculos_default_fields" time="0.000"><skipped type="pytest.skip" message="Parceiro authentication failed">/app/backend/tests/test_exportacao.py:239: Parceiro authentication failed</skipped></testcase><testcase classname="backend.tests.test_exportacao.TestExportacaoVeiculos" name="test_exportar_veiculos_with_selected_fields" time="0.000"><skipped type="pytest.skip" message="Parceiro authentication failed">/app/backend/tests/test_exportacao.py:252: Parceiro authentication failed</skipped></testcase><testcase classname="backend.tests.test_exportacao.TestExportacaoVeiculos" name="test_exportar_veiculos_semicolon_delimiter" time="0.000"><skipped type="pytest.skip" message="Parceiro authentication failed">/app/backend/tests/test_exportacao.py:267: Parceiro authentication failed</skipped></testcase><testcase classname="backend.tests.test_exportacao.TestExportacaoVeiculos" name="test_exportar_veiculos_comma_delimiter" time="0.000"><skipped type="pytest.skip" message="Parceiro authentication failed">/app/backend/tests/test_exportacao.py:279: Parceiro authentication failed</skipped></testcase><testcase classname="backend.tests.test_exportacao.TestExportacaoVeiculos" name="test_exportar_veiculos_content_disposition" time="0.000"><skipped type="pytest.skip" message="Parceiro authentication failed">/app/backend/tests/test_exportacao.py:291: Parceiro authentication failed</skipped></testcase><testcase classname="backend.tests.test_exportacao.TestExportacaoVeiculos" name="test_exportar_veiculos_invalid_fields" time="0.000"><skipped type="pytest.skip" message="Parceiro authentication failed">/app/backend/tests/test_exportacao.py:304: Parceiro authentication failed</skipped></testcase><testcase classname="backend.tests.test_exportacao.TestExportacaoCompleta" name="test_exportar_completa_returns_zip" time="0.000"><skipped type="pytest.skip" message="Parceiro authentication failed">/app/backend/tests/test_exportacao.py:318: Parceiro authentication failed</skipped></testcase><testcase classname="backend.tests.test_exportacao.TestExportacaoCompleta" name="test_exportar_completa_content_disposition" time="0.000"><skipped type="pytest.skip" message="Parceiro authentication failed">/app/backend/tests/test_exportacao.py:328: Parceiro authentication failed</skipped></testcase><testcase classname="backend.tests.test_exportacao.TestExportacaoCompleta" name="test_exportar_completa_zip_contains_csvs" time="0.000"><skipped type="pytest.skip" message="Parceiro authentication failed">/app/backend/tests/test_exportacao.py:341: Parceiro authentication failed</skipped></testcase><testcase classname="backend.tests.test_exportacao.TestExportacaoCompleta" name="test_exportar_completa_with_selected_fields" time="0.000"><skipped type="pytest.skip" message="Parceiro authentication failed">/app/backend/tests/test_exportacao.py:362: Parceiro authentication failed</skipped></testcase><testcase classname="backend.tests.test_exportacao.TestExportacaoCompleta" name="test_exportar_completa_with_delimiter" time="0.000"><skipped type="pytest.skip" message="Parceiro authentication failed">/app/backend/tests/test_exportacao.py:375: Parceiro authentication failed</skipped></testcase><testcase classname="backend.tests.test_exportacao.TestExportacaoAccessControl" name="test_admin_can_access_campos" time="0.266"><skipped type="pytest.skip" message="Admin authentication failed">/app/backend/tests/test_exportacao.py:397: Admin authentication failed</skipped></testcase><testcase classname="backend.tests.test_exportacao.TestExportacaoAccessControl" name="test_admin_can_export_motoristas" time="0.000"><skipped type="pytest.skip" message="Admin authentication failed">/app/backend/tests/test_exportacao.py:405: Admin authentication failed</skipped></testcase><testcase classname="backend.tests.test_exportacao.TestExportacaoAccessControl" name="test_admin_can_export_veiculos" time="0.000"><skipped type="pytest.skip" message="Admin authentication failed">/app/backend/tests/test_exportacao.py:413: Admin authentication failed</skipped></testcase><testcase classname="backend.tests.test_exportacao.TestExportacaoAccessControl" name="test_admin_can_export_completa" time="0.000"><skipped type="pytest.skip" message="Admin authentication failed">/app/backend/tests/test_exportacao.py:421: Admin authentication failed</skipped></testcase></testsuite></testsuites>