<?xml version="1.0" encoding="utf-8"?><testsuites name="pytest tests"><testsuite name="pytest" errors="0" failures="0" skipped="0" tests="11" time="3.386" timestamp="2026-02-19T13:30:52.667525+00:00" hostname="agent-env-2f2c30ca-15aa-486a-a592-4d2d6bff2b66"><testcase classname="tests.test_faturacao_resumo_semanal.TestDashboardFaturacao" name="test_parceiro_sees_only_own_empresas" time="0.726" /><testcase classname="tests.test_faturacao_resumo_semanal.TestDashboardFaturacao" name="test_dashboard_totais_parceiro_only_own_empresas" time="0.154" /><testcase classname="tests.test_faturacao_resumo_semanal.TestDashboardFaturacao" name="test_percentages_are_reasonable" time="0.140" /><testcase classname="tests.test_faturacao_resumo_semanal.TestDashboardFaturacao" name="test_admin_sees_all_empresas" time="0.457" /><testcase classname="tests.test_faturacao_resumo_semanal.TestResumoSemanalMotoristas" name="test_resumo_semanal_filters_motoristas_by_parceiro_atribuido" time="0.374" /><testcase classname="tests.test_faturacao_resumo_semanal.TestResumoSemanalMotoristas" name="test_resumo_semanal_parceiro_atribuido_priority" time="0.133" /><testcase classname="tests.test_faturacao_resumo_semanal.TestResumoSemanalMotoristas" name="test_admin_resumo_semanal_sees_all" time="0.470" /><testcase classname="tests.test_faturacao_resumo_semanal.TestDataIntegrity" name="test_empresas_have_valid_parceiro_reference" time="0.155" /><testcase classname="tests.test_faturacao_resumo_semanal.TestDataIntegrity" name="test_dashboard_totais_matches_empresas_list" time="0.213" /><testcase classname="tests.test_faturacao_resumo_semanal.TestExpectedValues" name="test_zeny_total_faturacao_value" time="0.147" /><testcase classname="tests.test_faturacao_resumo_semanal.TestExpectedValues" name="test_zeny_motoristas_count" time="0.351" /></testsuite></testsuites>