<?xml version="1.0" encoding="utf-8"?><testsuites name="pytest tests"><testsuite name="pytest" errors="0" failures="0" skipped="0" tests="16" time="5.408" timestamp="2026-01-09T23:54:31.534678+00:00" hostname="agent-env-0ebe045c-6409-4a32-bddd-54b949cf3d64"><testcase classname="tests.test_resumo_semanal_parceiro.TestResumoSemanalEndpoint" name="test_endpoint_returns_200" time="0.610" /><testcase classname="tests.test_resumo_semanal_parceiro.TestResumoSemanalEndpoint" name="test_response_structure" time="0.277" /><testcase classname="tests.test_resumo_semanal_parceiro.TestResumoSemanalEndpoint" name="test_totais_structure" time="0.273" /><testcase classname="tests.test_resumo_semanal_parceiro.TestNelsonFranciscoData" name="test_nelson_uber_value" time="0.275" /><testcase classname="tests.test_resumo_semanal_parceiro.TestNelsonFranciscoData" name="test_nelson_bolt_value" time="0.274" /><testcase classname="tests.test_resumo_semanal_parceiro.TestNelsonFranciscoData" name="test_nelson_aluguer_value" time="0.277" /><testcase classname="tests.test_resumo_semanal_parceiro.TestNelsonFranciscoData" name="test_nelson_vehicle_matricula" time="0.282" /><testcase classname="tests.test_resumo_semanal_parceiro.TestJorgeMacaiaData" name="test_jorge_uber_value" time="0.288" /><testcase classname="tests.test_resumo_semanal_parceiro.TestJorgeMacaiaData" name="test_jorge_bolt_value" time="0.280" /><testcase classname="tests.test_resumo_semanal_parceiro.TestJorgeMacaiaData" name="test_jorge_aluguer_value" time="0.307" /><testcase classname="tests.test_resumo_semanal_parceiro.TestJorgeMacaiaData" name="test_jorge_vehicle_matricula" time="0.286" /><testcase classname="tests.test_resumo_semanal_parceiro.TestTotaisCalculation" name="test_totais_ganhos_sum" time="0.287" /><testcase classname="tests.test_resumo_semanal_parceiro.TestTotaisCalculation" name="test_totais_despesas_sum" time="0.288" /><testcase classname="tests.test_resumo_semanal_parceiro.TestParceiroAccess" name="test_parceiro_can_access_endpoint" time="0.538" /><testcase classname="tests.test_resumo_semanal_parceiro.TestWeekSelection" name="test_different_week_returns_different_data" time="0.546" /><testcase classname="tests.test_resumo_semanal_parceiro.TestWeekSelection" name="test_default_week_when_not_specified" time="0.235" /></testsuite></testsuites>