<?xml version="1.0" encoding="utf-8"?><testsuites name="pytest tests"><testsuite name="pytest" errors="0" failures="0" skipped="0" tests="8" time="3.806" timestamp="2026-02-19T13:12:44.198462+00:00" hostname="agent-env-2f2c30ca-15aa-486a-a592-4d2d6bff2b66"><testcase classname="tests.test_mensagens_destinatarios.TestMensagensDestinatariosEndpoint" name="test_admin_sees_all_users" time="0.654" /><testcase classname="tests.test_mensagens_destinatarios.TestMensagensDestinatariosEndpoint" name="test_parceiro_sees_filtered_users" time="0.506" /><testcase classname="tests.test_mensagens_destinatarios.TestMensagensDestinatariosEndpoint" name="test_parceiro_sees_about_15_users" time="0.450" /><testcase classname="tests.test_mensagens_destinatarios.TestMensagensDestinatariosEndpoint" name="test_unauthorized_request" time="0.121" /><testcase classname="tests.test_mensagens_destinatarios.TestMensagensDestinatariosEndpoint" name="test_invalid_token" time="0.102" /><testcase classname="tests.test_mensagens_destinatarios.TestMensagensDestinatariosEndpoint" name="test_user_structure_contains_required_fields" time="0.452" /><testcase classname="tests.test_mensagens_destinatarios.TestMensagensDestinatariosEndpoint" name="test_admin_does_not_see_themselves" time="0.441" /><testcase classname="tests.test_mensagens_destinatarios.TestMensagensRoleHierarchy" name="test_parceiro_motoristas_are_from_their_fleet" time="0.984" /></testsuite></testsuites>