<?xml version="1.0" encoding="utf-8"?><testsuites name="pytest tests"><testsuite name="pytest" errors="0" failures="0" skipped="0" tests="14" time="1.412" timestamp="2026-01-10T17:52:22.317666+00:00" hostname="agent-env-d2823a0f-e69d-46d9-8513-2b13ecfb3fd2"><testcase classname="tests.test_km_epoca_contratos.TestKMPorEpoca" name="test_get_vehicle_with_km_epoca_fields" time="0.348" /><testcase classname="tests.test_km_epoca_contratos.TestKMPorEpoca" name="test_update_km_por_epoca_enabled" time="0.090" /><testcase classname="tests.test_km_epoca_contratos.TestKMPorEpoca" name="test_update_km_por_epoca_disabled" time="0.093" /><testcase classname="tests.test_km_epoca_contratos.TestKMPorEpoca" name="test_update_km_por_epoca_partial" time="0.082" /><testcase classname="tests.test_km_epoca_contratos.TestContratosUpload" name="test_get_contratos_empty" time="0.058" /><testcase classname="tests.test_km_epoca_contratos.TestContratosUpload" name="test_upload_contrato_pdf" time="0.045" /><testcase classname="tests.test_km_epoca_contratos.TestContratosUpload" name="test_get_contratos_after_upload" time="0.039" /><testcase classname="tests.test_km_epoca_contratos.TestContratosUpload" name="test_upload_contrato_with_motorista" time="0.080" /><testcase classname="tests.test_km_epoca_contratos.TestContratosUpload" name="test_delete_contrato" time="0.118" /><testcase classname="tests.test_km_epoca_contratos.TestVehicleDataPersistence" name="test_full_km_epoca_save_and_load" time="0.080" /><testcase classname="tests.test_km_epoca_contratos.TestUnauthorizedAccess" name="test_contratos_without_auth" time="0.037" /><testcase classname="tests.test_km_epoca_contratos.TestUnauthorizedAccess" name="test_upload_contrato_without_auth" time="0.039" /><testcase classname="tests.test_km_epoca_contratos.TestVehicleNotFound" name="test_contratos_vehicle_not_found" time="0.081" /><testcase classname="tests.test_km_epoca_contratos.TestVehicleNotFound" name="test_upload_contrato_vehicle_not_found" time="0.079" /></testsuite></testsuites>