<?xml version="1.0" encoding="utf-8"?><testsuites name="pytest tests"><testsuite name="pytest" errors="0" failures="0" skipped="0" tests="13" time="4.516" timestamp="2026-01-13T02:02:42.373429+00:00" hostname="agent-env-8a39ed88-b097-4120-b839-71fd2b1989d7"><testcase classname="tests.test_alertas_custos.TestAuth" name="test_parceiro_login" time="0.281" /><testcase classname="tests.test_alertas_custos.TestAlertasConfigLimites" name="test_get_config_limites_default" time="0.305" /><testcase classname="tests.test_alertas_custos.TestAlertasConfigLimites" name="test_post_config_limites" time="0.343" /><testcase classname="tests.test_alertas_custos.TestAlertasConfigLimites" name="test_verify_config_persisted" time="0.343" /><testcase classname="tests.test_alertas_custos.TestAlertasConfigLimites" name="test_config_limites_unauthorized" time="0.301" /><testcase classname="tests.test_alertas_custos.TestAlertasCustosVerificar" name="test_verificar_custos_inactive" time="0.370" /><testcase classname="tests.test_alertas_custos.TestAlertasCustosVerificar" name="test_verificar_custos_active" time="0.390" /><testcase classname="tests.test_alertas_custos.TestAlertasCustosVerificar" name="test_verificar_custos_periodo_semanal" time="0.370" /><testcase classname="tests.test_alertas_custos.TestAlertasCustosVerificar" name="test_verificar_custos_periodo_mensal" time="0.349" /><testcase classname="tests.test_alertas_custos.TestAlertasCustosHistorico" name="test_get_historico" time="0.299" /><testcase classname="tests.test_alertas_custos.TestAlertasCustosHistorico" name="test_historico_unauthorized" time="0.301" /><testcase classname="tests.test_alertas_custos.TestAlertasIntegration" name="test_full_config_flow" time="0.509" /><testcase classname="tests.test_alertas_custos.TestCleanup" name="test_reset_config" time="0.298" /></testsuite></testsuites>