<?xml version="1.0" encoding="utf-8"?><testsuites name="pytest tests"><testsuite name="pytest" errors="0" failures="1" skipped="0" tests="16" time="5.344" timestamp="2026-02-21T12:10:20.251310+00:00" hostname="agent-env-2946b09c-91f3-4926-a111-1f2dd2edac18"><testcase classname="backend.tests.test_whatsapp_cloud.TestAuth" name="test_admin_login_success" time="0.365" /><testcase classname="backend.tests.test_whatsapp_cloud.TestAuth" name="test_parceiro_login_success" time="0.341" /><testcase classname="backend.tests.test_whatsapp_cloud.TestWhatsAppCloudStatus" name="test_status_endpoint_exists" time="0.441" /><testcase classname="backend.tests.test_whatsapp_cloud.TestWhatsAppCloudStatus" name="test_status_response_structure" time="0.108" /><testcase classname="backend.tests.test_whatsapp_cloud.TestWhatsAppCloudStatus" name="test_api_not_configured" time="0.109" /><testcase classname="backend.tests.test_whatsapp_cloud.TestWhatsAppCloudTemplates" name="test_templates_endpoint_exists" time="0.482" /><testcase classname="backend.tests.test_whatsapp_cloud.TestWhatsAppCloudTemplates" name="test_templates_count_is_12" time="0.116" /><testcase classname="backend.tests.test_whatsapp_cloud.TestWhatsAppCloudTemplates" name="test_templates_have_required_fields" time="0.109" /><testcase classname="backend.tests.test_whatsapp_cloud.TestWhatsAppCloudMassaSending" name="test_vistoria_massa_endpoint_exists" time="0.486" /><testcase classname="backend.tests.test_whatsapp_cloud.TestWhatsAppAgendamentoConfig" name="test_get_agendamento_config" time="0.437" /><testcase classname="backend.tests.test_whatsapp_cloud.TestWhatsAppAgendamentoConfig" name="test_update_agendamento_config" time="0.326" /><testcase classname="backend.tests.test_whatsapp_cloud.TestRelatorioWhatsApp" name="test_enviar_whatsapp_relatorio_invalid_id" time="0.447" /><testcase classname="backend.tests.test_whatsapp_cloud.TestAlertasDocumentosWhatsApp" name="test_get_documentos_expirar" time="0.434" /><testcase classname="backend.tests.test_whatsapp_cloud.TestAlertasDocumentosWhatsApp" name="test_enviar_alertas_whatsapp" time="0.119" /><testcase classname="backend.tests.test_whatsapp_cloud.TestWhatsAppHistoricoEnvios" name="test_historico_envios_endpoint" time="0.457" /><testcase classname="backend.tests.test_whatsapp_cloud.TestMotoristasList" name="test_get_motoristas" time="0.461"><failure message="AttributeError: 'list' object has no attribute 'get'">backend/tests/test_whatsapp_cloud.py:435: in test_get_motoristas
    motoristas = data.get("motoristas") or data if isinstance(data, list) else []
                 ^^^^^^^^
E   AttributeError: 'list' object has no attribute 'get'</failure></testcase></testsuite></testsuites>