<?xml version="1.0" encoding="utf-8"?><testsuites name="pytest tests"><testsuite name="pytest" errors="0" failures="11" skipped="0" tests="13" time="3.267" timestamp="2026-02-02T12:28:59.406176+00:00" hostname="agent-env-16c64a74-c70b-427a-ba94-67162b4f7619"><testcase classname="backend.tests.test_viaverde_sincronizacao.TestViaVerdeSincronizacao" name="test_01_login_parceiro" time="0.299"><failure message="AssertionError: Token should be present&#10;assert None is not None&#10; +  where None = &lt;tests.test_viaverde_sincronizacao.TestViaVerdeSincronizacao object at 0xfe9390dfedd0&gt;.token">backend/tests/test_viaverde_sincronizacao.py:47: in test_01_login_parceiro
    assert self.token is not None, "Token should be present"
E   AssertionError: Token should be present
E   assert None is not None
E    +  where None = &lt;tests.test_viaverde_sincronizacao.TestViaVerdeSincronizacao object at 0xfe9390dfedd0&gt;.token</failure></testcase><testcase classname="backend.tests.test_viaverde_sincronizacao.TestViaVerdeSincronizacao" name="test_02_get_credenciais_plataforma" time="0.274"><failure message="AssertionError: Expected 200, got 401&#10;assert 401 == 200&#10; +  where 401 = &lt;Response [401]&gt;.status_code">backend/tests/test_viaverde_sincronizacao.py:58: in test_02_get_credenciais_plataforma
    assert response.status_code == 200, f"Expected 200, got {response.status_code}"
E   AssertionError: Expected 200, got 401
E   assert 401 == 200
E    +  where 401 = &lt;Response [401]&gt;.status_code</failure></testcase><testcase classname="backend.tests.test_viaverde_sincronizacao.TestViaVerdeSincronizacao" name="test_03_get_logs_sincronizacao" time="0.267"><failure message="AssertionError: Expected 200, got 401&#10;assert 401 == 200&#10; +  where 401 = &lt;Response [401]&gt;.status_code">backend/tests/test_viaverde_sincronizacao.py:88: in test_03_get_logs_sincronizacao
    assert response.status_code == 200, f"Expected 200, got {response.status_code}"
E   AssertionError: Expected 200, got 401
E   assert 401 == 200
E    +  where 401 = &lt;Response [401]&gt;.status_code</failure></testcase><testcase classname="backend.tests.test_viaverde_sincronizacao.TestViaVerdeSincronizacao" name="test_04_viaverde_executar_rpa_ultima_semana" time="0.280"><failure message="AssertionError: Expected 200 or 400, got 401&#10;assert 401 in [200, 400]&#10; +  where 401 = &lt;Response [401]&gt;.status_code">backend/tests/test_viaverde_sincronizacao.py:111: in test_04_viaverde_executar_rpa_ultima_semana
    assert response.status_code in [200, 400], f"Expected 200 or 400, got {response.status_code}"
E   AssertionError: Expected 200 or 400, got 401
E   assert 401 in [200, 400]
E    +  where 401 = &lt;Response [401]&gt;.status_code</failure></testcase><testcase classname="backend.tests.test_viaverde_sincronizacao.TestViaVerdeSincronizacao" name="test_05_viaverde_executar_rpa_semana_especifica" time="0.267"><failure message="AssertionError: Expected 200 or 400, got 401&#10;assert 401 in [200, 400]&#10; +  where 401 = &lt;Response [401]&gt;.status_code">backend/tests/test_viaverde_sincronizacao.py:139: in test_05_viaverde_executar_rpa_semana_especifica
    assert response.status_code in [200, 400], f"Expected 200 or 400, got {response.status_code}"
E   AssertionError: Expected 200 or 400, got 401
E   assert 401 in [200, 400]
E    +  where 401 = &lt;Response [401]&gt;.status_code</failure></testcase><testcase classname="backend.tests.test_viaverde_sincronizacao.TestViaVerdeSincronizacao" name="test_06_viaverde_executar_rpa_datas_personalizadas" time="0.271"><failure message="AssertionError: Expected 200 or 400, got 401&#10;assert 401 in [200, 400]&#10; +  where 401 = &lt;Response [401]&gt;.status_code">backend/tests/test_viaverde_sincronizacao.py:164: in test_06_viaverde_executar_rpa_datas_personalizadas
    assert response.status_code in [200, 400], f"Expected 200 or 400, got {response.status_code}"
E   AssertionError: Expected 200 or 400, got 401
E   assert 401 in [200, 400]
E    +  where 401 = &lt;Response [401]&gt;.status_code</failure></testcase><testcase classname="backend.tests.test_viaverde_sincronizacao.TestViaVerdeSincronizacao" name="test_07_resumo_semanal_week5_2026" time="0.273"><failure message="AssertionError: Expected 200, got 401&#10;assert 401 == 200&#10; +  where 401 = &lt;Response [401]&gt;.status_code">backend/tests/test_viaverde_sincronizacao.py:183: in test_07_resumo_semanal_week5_2026
    assert response.status_code == 200, f"Expected 200, got {response.status_code}"
E   AssertionError: Expected 200, got 401
E   assert 401 == 200
E    +  where 401 = &lt;Response [401]&gt;.status_code</failure></testcase><testcase classname="backend.tests.test_viaverde_sincronizacao.TestViaVerdeSincronizacao" name="test_08_resumo_semanal_current_week" time="0.263"><failure message="AssertionError: Expected 200, got 401&#10;assert 401 == 200&#10; +  where 401 = &lt;Response [401]&gt;.status_code">backend/tests/test_viaverde_sincronizacao.py:213: in test_08_resumo_semanal_current_week
    assert response.status_code == 200, f"Expected 200, got {response.status_code}"
E   AssertionError: Expected 200, got 401
E   assert 401 == 200
E    +  where 401 = &lt;Response [401]&gt;.status_code</failure></testcase><testcase classname="backend.tests.test_viaverde_sincronizacao.TestViaVerdeSincronizacao" name="test_09_reports_parceiro_semanal" time="0.272"><failure message="AssertionError: Expected 200, got 401&#10;assert 401 == 200&#10; +  where 401 = &lt;Response [401]&gt;.status_code">backend/tests/test_viaverde_sincronizacao.py:230: in test_09_reports_parceiro_semanal
    assert response.status_code == 200, f"Expected 200, got {response.status_code}"
E   AssertionError: Expected 200, got 401
E   assert 401 == 200
E    +  where 401 = &lt;Response [401]&gt;.status_code</failure></testcase><testcase classname="backend.tests.test_viaverde_sincronizacao.TestViaVerdeSincronizacao" name="test_10_viaverde_rpa_validation_errors" time="0.271"><failure message="AssertionError: Expected 400, got 401&#10;assert 401 == 400&#10; +  where 401 = &lt;Response [401]&gt;.status_code">backend/tests/test_viaverde_sincronizacao.py:249: in test_10_viaverde_rpa_validation_errors
    assert response.status_code == 400, f"Expected 400, got {response.status_code}"
E   AssertionError: Expected 400, got 401
E   assert 401 == 400
E    +  where 401 = &lt;Response [401]&gt;.status_code</failure></testcase><testcase classname="backend.tests.test_viaverde_sincronizacao.TestViaVerdeSincronizacao" name="test_11_viaverde_rpa_validation_datas" time="0.283"><failure message="AssertionError: Expected 400, got 401&#10;assert 401 == 400&#10; +  where 401 = &lt;Response [401]&gt;.status_code">backend/tests/test_viaverde_sincronizacao.py:264: in test_11_viaverde_rpa_validation_datas
    assert response.status_code == 400, f"Expected 400, got {response.status_code}"
E   AssertionError: Expected 400, got 401
E   assert 401 == 400
E    +  where 401 = &lt;Response [401]&gt;.status_code</failure></testcase><testcase classname="backend.tests.test_viaverde_sincronizacao.TestViaVerdeWithoutAuth" name="test_viaverde_rpa_requires_auth" time="0.034" /><testcase classname="backend.tests.test_viaverde_sincronizacao.TestViaVerdeWithoutAuth" name="test_resumo_semanal_requires_auth" time="0.039" /></testsuite></testsuites>