<?xml version="1.0" encoding="utf-8"?><testsuites name="pytest tests"><testsuite name="pytest" errors="0" failures="8" skipped="9" tests="18" time="5.018" timestamp="2026-01-14T02:33:38.904682+00:00" hostname="agent-env-8fbee27c-09f5-4dbb-bb10-eb000c72ceef"><testcase classname="tests.test_fluxo_aprovacao_financeiro.TestFluxoAprovacaoFinanceiro" name="test_01_login_parceiro" time="0.297"><failure message="AssertionError: assert 'token' in {'access_token': 'eyJhbGciOiJIUzI1NiIsInR5cCI6IkpXVCJ9.eyJ1c2VyX2lkIjoiYWIyYTI1YWEtNGY3MC00YzdiLTgzNWQtOTIwNGIwY2QwZDdlIiwiZW1haWwiOiJwYXJjZWlyb0B0dmRlZmxlZXQuY29tIiwicm9sZSI6InBhcmNlaXJvIiwiZXhwIjoxNzY4NDQ0NDE5fQ.isunsoc2lIO9HVB-6ay4NugZ_uWOnDrvvR_QD5Zw8pA', 'token_type': 'bearer', 'user': {'approved': True, 'associated_gestor_id': None, 'associated_partner_id': None, 'campos_customizados': {}, ...}}">tests/test_fluxo_aprovacao_financeiro.py:83: in test_01_login_parceiro
    assert "token" in data
E   AssertionError: assert 'token' in {'access_token': 'eyJhbGciOiJIUzI1NiIsInR5cCI6IkpXVCJ9.eyJ1c2VyX2lkIjoiYWIyYTI1YWEtNGY3MC00YzdiLTgzNWQtOTIwNGIwY2QwZDdlIiwiZW1haWwiOiJwYXJjZWlyb0B0dmRlZmxlZXQuY29tIiwicm9sZSI6InBhcmNlaXJvIiwiZXhwIjoxNzY4NDQ0NDE5fQ.isunsoc2lIO9HVB-6ay4NugZ_uWOnDrvvR_QD5Zw8pA', 'token_type': 'bearer', 'user': {'approved': True, 'associated_gestor_id': None, 'associated_partner_id': None, 'campos_customizados': {}, ...}}</failure></testcase><testcase classname="tests.test_fluxo_aprovacao_financeiro.TestFluxoAprovacaoFinanceiro" name="test_02_get_resumo_semanal" time="0.322"><failure message="AssertionError: Failed to get resumo semanal: {&quot;detail&quot;:&quot;Invalid token&quot;}&#10;assert 401 == 200&#10; +  where 401 = &lt;Response [401]&gt;.status_code">tests/test_fluxo_aprovacao_financeiro.py:96: in test_02_get_resumo_semanal
    assert response.status_code == 200, f"Failed to get resumo semanal: {response.text}"
E   AssertionError: Failed to get resumo semanal: {"detail":"Invalid token"}
E   assert 401 == 200
E    +  where 401 = &lt;Response [401]&gt;.status_code</failure></testcase><testcase classname="tests.test_fluxo_aprovacao_financeiro.TestFluxoAprovacaoFinanceiro" name="test_03_get_status_relatorios" time="0.272"><failure message="AssertionError: Failed to get status: {&quot;detail&quot;:&quot;Invalid token&quot;}&#10;assert 401 == 200&#10; +  where 401 = &lt;Response [401]&gt;.status_code">tests/test_fluxo_aprovacao_financeiro.py:120: in test_03_get_status_relatorios
    assert response.status_code == 200, f"Failed to get status: {response.text}"
E   AssertionError: Failed to get status: {"detail":"Invalid token"}
E   assert 401 == 200
E    +  where 401 = &lt;Response [401]&gt;.status_code</failure></testcase><testcase classname="tests.test_fluxo_aprovacao_financeiro.TestFluxoAprovacaoFinanceiro" name="test_04_update_status_to_aprovado" time="0.269"><skipped type="pytest.skip" message="No motorista found for testing">/app/tests/test_fluxo_aprovacao_financeiro.py:133: No motorista found for testing</skipped></testcase><testcase classname="tests.test_fluxo_aprovacao_financeiro.TestFluxoAprovacaoFinanceiro" name="test_05_update_status_to_aguardar_recibo" time="0.304"><skipped type="pytest.skip" message="No motorista found for testing">/app/tests/test_fluxo_aprovacao_financeiro.py:156: No motorista found for testing</skipped></testcase><testcase classname="tests.test_fluxo_aprovacao_financeiro.TestFluxoAprovacaoFinanceiro" name="test_06_update_status_invalid" time="0.312"><skipped type="pytest.skip" message="No motorista found for testing">/app/tests/test_fluxo_aprovacao_financeiro.py:179: No motorista found for testing</skipped></testcase><testcase classname="tests.test_fluxo_aprovacao_financeiro.TestFluxoAprovacaoFinanceiro" name="test_07_update_status_missing_params" time="0.269"><skipped type="pytest.skip" message="No motorista found for testing">/app/tests/test_fluxo_aprovacao_financeiro.py:199: No motorista found for testing</skipped></testcase><testcase classname="tests.test_fluxo_aprovacao_financeiro.TestFluxoAprovacaoFinanceiro" name="test_08_upload_recibo" time="0.273"><skipped type="pytest.skip" message="No motorista found for testing">/app/tests/test_fluxo_aprovacao_financeiro.py:218: No motorista found for testing</skipped></testcase><testcase classname="tests.test_fluxo_aprovacao_financeiro.TestFluxoAprovacaoFinanceiro" name="test_09_upload_comprovativo" time="0.307"><skipped type="pytest.skip" message="No motorista found for testing">/app/tests/test_fluxo_aprovacao_financeiro.py:258: No motorista found for testing</skipped></testcase><testcase classname="tests.test_fluxo_aprovacao_financeiro.TestFluxoAprovacaoFinanceiro" name="test_10_complete_status_flow" time="0.267"><skipped type="pytest.skip" message="No motorista found for testing">/app/tests/test_fluxo_aprovacao_financeiro.py:290: No motorista found for testing</skipped></testcase><testcase classname="tests.test_fluxo_aprovacao_financeiro.TestFluxoAprovacaoFinanceiro" name="test_11_verify_status_after_flow" time="0.304"><skipped type="pytest.skip" message="No motorista found for testing">/app/tests/test_fluxo_aprovacao_financeiro.py:313: No motorista found for testing</skipped></testcase><testcase classname="tests.test_fluxo_aprovacao_financeiro.TestFluxoAprovacaoFinanceiro" name="test_12_unauthorized_access" time="0.038" /><testcase classname="tests.test_fluxo_aprovacao_financeiro.TestFluxoAprovacaoFinanceiro" name="test_13_admin_can_access_status" time="0.269"><failure message="AssertionError: Admin failed to access status: {&quot;detail&quot;:&quot;Invalid token&quot;}&#10;assert 401 == 200&#10; +  where 401 = &lt;Response [401]&gt;.status_code">tests/test_fluxo_aprovacao_financeiro.py:358: in test_13_admin_can_access_status
    assert response.status_code == 200, f"Admin failed to access status: {response.text}"
E   AssertionError: Admin failed to access status: {"detail":"Invalid token"}
E   assert 401 == 200
E    +  where 401 = &lt;Response [401]&gt;.status_code</failure></testcase><testcase classname="tests.test_fluxo_aprovacao_financeiro.TestFluxoAprovacaoFinanceiro" name="test_99_reset_status_to_pendente" time="0.264"><skipped type="pytest.skip" message="No motorista found for testing">/app/tests/test_fluxo_aprovacao_financeiro.py:369: No motorista found for testing</skipped></testcase><testcase classname="tests.test_fluxo_aprovacao_financeiro.TestVerificarRecibosPage" name="test_filter_aguardar_recibo_status" time="0.271"><failure message="assert 401 == 200&#10; +  where 401 = &lt;Response [401]&gt;.status_code">tests/test_fluxo_aprovacao_financeiro.py:409: in test_filter_aguardar_recibo_status
    assert response.status_code == 200
E   assert 401 == 200
E    +  where 401 = &lt;Response [401]&gt;.status_code</failure></testcase><testcase classname="tests.test_fluxo_aprovacao_financeiro.TestPagamentosParceiroPage" name="test_filter_a_pagamento_status" time="0.262"><failure message="assert 401 == 200&#10; +  where 401 = &lt;Response [401]&gt;.status_code">tests/test_fluxo_aprovacao_financeiro.py:460: in test_filter_a_pagamento_status
    assert response.status_code == 200
E   assert 401 == 200
E    +  where 401 = &lt;Response [401]&gt;.status_code</failure></testcase><testcase classname="tests.test_fluxo_aprovacao_financeiro.TestArquivoRecibosPage" name="test_filter_liquidado_status" time="0.270"><failure message="assert 401 == 200&#10; +  where 401 = &lt;Response [401]&gt;.status_code">tests/test_fluxo_aprovacao_financeiro.py:511: in test_filter_liquidado_status
    assert response.status_code == 200
E   assert 401 == 200
E    +  where 401 = &lt;Response [401]&gt;.status_code</failure></testcase><testcase classname="tests.test_fluxo_aprovacao_financeiro.TestArquivoRecibosPage" name="test_filter_all_statuses" time="0.262"><failure message="assert 401 == 200&#10; +  where 401 = &lt;Response [401]&gt;.status_code">tests/test_fluxo_aprovacao_financeiro.py:541: in test_filter_all_statuses
    assert response.status_code == 200
E   assert 401 == 200
E    +  where 401 = &lt;Response [401]&gt;.status_code</failure></testcase></testsuite></testsuites>