<?xml version="1.0" encoding="utf-8"?><testsuites name="pytest tests"><testsuite name="pytest" errors="0" failures="0" skipped="0" tests="16" time="4.005" timestamp="2026-01-27T20:44:19.337730+00:00" hostname="agent-env-5d048609-9a91-47f5-9945-a3dff0feb58e"><testcase classname="backend.tests.test_prepagamento.TestPrepagamentoAuth" name="test_admin_login" time="0.302" /><testcase classname="backend.tests.test_prepagamento.TestPrepagamentoAuth" name="test_parceiro_login" time="0.263" /><testcase classname="backend.tests.test_prepagamento.TestPrepagamentoMeusPedidos" name="test_meus_pedidos_returns_list" time="0.309" /><testcase classname="backend.tests.test_prepagamento.TestPrepagamentoMeusPedidos" name="test_meus_pedidos_apenas_pendentes" time="0.047" /><testcase classname="backend.tests.test_prepagamento.TestPrepagamentoAdminEndpoints" name="test_admin_pedidos_pendentes" time="0.307" /><testcase classname="backend.tests.test_prepagamento.TestPrepagamentoAdminEndpoints" name="test_parceiro_cannot_access_admin_endpoint" time="0.294" /><testcase classname="backend.tests.test_prepagamento.TestPrepagamentoAdminEndpoints" name="test_admin_pedidos_user" time="0.041" /><testcase classname="backend.tests.test_prepagamento.TestPrepagamentoSolicitarAdicao" name="test_solicitar_adicao_validation_zero_values" time="0.302" /><testcase classname="backend.tests.test_prepagamento.TestPrepagamentoSolicitarAdicao" name="test_solicitar_adicao_validation_negative_values" time="0.042" /><testcase classname="backend.tests.test_prepagamento.TestPrepagamentoVerificarBloqueio" name="test_verificar_bloqueio" time="0.303" /><testcase classname="backend.tests.test_prepagamento.TestPrepagamentoFullFlow" name="test_flow_check_existing_pending_orders" time="0.674" /><testcase classname="backend.tests.test_prepagamento.TestPrepagamentoIniciarPagamento" name="test_iniciar_pagamento_requires_pedido" time="0.344" /><testcase classname="backend.tests.test_prepagamento.TestPrepagamentoCancelarPedido" name="test_cancelar_pedido_invalid_id" time="0.307" /><testcase classname="backend.tests.test_prepagamento.TestPrepagamentoWebhook" name="test_webhook_pagamento_confirmado" time="0.043" /><testcase classname="backend.tests.test_prepagamento.TestPrepagamentoWebhook" name="test_webhook_non_pago_status" time="0.037" /><testcase classname="backend.tests.test_prepagamento.TestPrepagamentoSubscricaoIntegration" name="test_subscricao_user_endpoint" time="0.301" /></testsuite></testsuites>