<?xml version="1.0" encoding="utf-8"?><testsuites name="pytest tests"><testsuite name="pytest" errors="0" failures="0" skipped="0" tests="16" time="5.200" timestamp="2026-02-21T12:10:39.373449+00:00" hostname="agent-env-2946b09c-91f3-4926-a111-1f2dd2edac18"><testcase classname="backend.tests.test_whatsapp_cloud.TestAuth" name="test_admin_login_success" time="0.343" /><testcase classname="backend.tests.test_whatsapp_cloud.TestAuth" name="test_parceiro_login_success" time="0.337" /><testcase classname="backend.tests.test_whatsapp_cloud.TestWhatsAppCloudStatus" name="test_status_endpoint_exists" time="0.453" /><testcase classname="backend.tests.test_whatsapp_cloud.TestWhatsAppCloudStatus" name="test_status_response_structure" time="0.111" /><testcase classname="backend.tests.test_whatsapp_cloud.TestWhatsAppCloudStatus" name="test_api_not_configured" time="0.101" /><testcase classname="backend.tests.test_whatsapp_cloud.TestWhatsAppCloudTemplates" name="test_templates_endpoint_exists" time="0.445" /><testcase classname="backend.tests.test_whatsapp_cloud.TestWhatsAppCloudTemplates" name="test_templates_count_is_12" time="0.108" /><testcase classname="backend.tests.test_whatsapp_cloud.TestWhatsAppCloudTemplates" name="test_templates_have_required_fields" time="0.124" /><testcase classname="backend.tests.test_whatsapp_cloud.TestWhatsAppCloudMassaSending" name="test_vistoria_massa_endpoint_exists" time="0.464" /><testcase classname="backend.tests.test_whatsapp_cloud.TestWhatsAppAgendamentoConfig" name="test_get_agendamento_config" time="0.422" /><testcase classname="backend.tests.test_whatsapp_cloud.TestWhatsAppAgendamentoConfig" name="test_update_agendamento_config" time="0.330" /><testcase classname="backend.tests.test_whatsapp_cloud.TestRelatorioWhatsApp" name="test_enviar_whatsapp_relatorio_invalid_id" time="0.438" /><testcase classname="backend.tests.test_whatsapp_cloud.TestAlertasDocumentosWhatsApp" name="test_get_documentos_expirar" time="0.424" /><testcase classname="backend.tests.test_whatsapp_cloud.TestAlertasDocumentosWhatsApp" name="test_enviar_alertas_whatsapp" time="0.120" /><testcase classname="backend.tests.test_whatsapp_cloud.TestWhatsAppHistoricoEnvios" name="test_historico_envios_endpoint" time="0.434" /><testcase classname="backend.tests.test_whatsapp_cloud.TestMotoristasList" name="test_get_motoristas" time="0.460" /></testsuite></testsuites>