<?xml version="1.0" encoding="utf-8"?><testsuites name="pytest tests"><testsuite name="pytest" errors="0" failures="0" skipped="0" tests="15" time="4.756" timestamp="2026-02-18T18:28:24.038672+00:00" hostname="agent-env-98dafbdf-b396-435d-b250-36658da98fda"><testcase classname="backend.tests.test_km_precos_especiais.TestAuthentication" name="test_admin_login" time="0.520" /><testcase classname="backend.tests.test_km_precos_especiais.TestAuthentication" name="test_parceiro_login" time="0.396" /><testcase classname="backend.tests.test_km_precos_especiais.TestKmHistorico" name="test_historico_km_endpoint_exists" time="0.627" /><testcase classname="backend.tests.test_km_precos_especiais.TestKmHistorico" name="test_historico_km_invalid_vehicle" time="0.156" /><testcase classname="backend.tests.test_km_precos_especiais.TestKmHistorico" name="test_historico_km_no_mongo_id" time="0.113" /><testcase classname="backend.tests.test_km_precos_especiais.TestAtualizarKm" name="test_atualizar_km_endpoint_exists" time="0.821" /><testcase classname="backend.tests.test_km_precos_especiais.TestAtualizarKm" name="test_atualizar_km_creates_history" time="0.403" /><testcase classname="backend.tests.test_km_precos_especiais.TestAtualizarKm" name="test_atualizar_km_missing_km_atual" time="0.110" /><testcase classname="backend.tests.test_km_precos_especiais.TestPrecosEspeciais" name="test_get_planos_endpoint" time="0.500" /><testcase classname="backend.tests.test_km_precos_especiais.TestPrecosEspeciais" name="test_get_parceiros_endpoint" time="0.167" /><testcase classname="backend.tests.test_km_precos_especiais.TestPrecosEspeciais" name="test_criar_preco_especial" time="0.387" /><testcase classname="backend.tests.test_km_precos_especiais.TestPrecosEspeciais" name="test_criar_preco_especial_valor_fixo" time="0.119" /><testcase classname="backend.tests.test_km_precos_especiais.TestPrecosEspeciais" name="test_criar_preco_especial_sem_parceiro" time="0.137" /><testcase classname="backend.tests.test_km_precos_especiais.TestPrecosEspeciais" name="test_criar_preco_especial_plano_invalido" time="0.110" /><testcase classname="backend.tests.test_km_precos_especiais.TestPrecosEspeciais" name="test_admin_precos_especiais_endpoint" time="0.121" /></testsuite></testsuites>