<?xml version="1.0" encoding="utf-8"?><testsuites name="pytest tests"><testsuite name="pytest" errors="0" failures="0" skipped="0" tests="10" time="3.370" timestamp="2026-02-11T22:49:43.582803+00:00" hostname="agent-env-97f16fb9-9705-450e-8a67-906e5d93ad3f"><testcase classname="tests.test_descontos_faturacao.TestDescontosEndpoints" name="test_01_login_admin" time="0.569" /><testcase classname="tests.test_descontos_faturacao.TestDescontosEndpoints" name="test_02_list_subscricoes" time="0.307" /><testcase classname="tests.test_descontos_faturacao.TestDescontosEndpoints" name="test_03_apply_discount_to_partner" time="0.307" /><testcase classname="tests.test_descontos_faturacao.TestDescontosEndpoints" name="test_04_list_partners_with_discounts" time="0.305" /><testcase classname="tests.test_descontos_faturacao.TestDescontosEndpoints" name="test_05_remove_discount_from_partner" time="0.300" /><testcase classname="tests.test_descontos_faturacao.TestDescontosEndpoints" name="test_06_apply_discount_with_invalid_percentage" time="0.296" /><testcase classname="tests.test_descontos_faturacao.TestDescontosEndpoints" name="test_07_unauthorized_access" time="0.300" /><testcase classname="tests.test_descontos_faturacao.TestPlanosEndpoints" name="test_01_list_planos" time="0.305" /><testcase classname="tests.test_descontos_faturacao.TestPlanosEndpoints" name="test_02_list_modulos" time="0.304" /><testcase classname="tests.test_descontos_faturacao.TestPlanosEndpoints" name="test_03_get_estatisticas" time="0.314" /></testsuite></testsuites>