<?xml version="1.0" encoding="utf-8"?><testsuites name="pytest tests"><testsuite name="pytest" errors="0" failures="3" skipped="0" tests="12" time="6.866" timestamp="2026-02-19T22:45:08.313489+00:00" hostname="agent-env-b3a9632d-d01d-4df5-a616-776f65c705a4"><testcase classname="backend.tests.test_iter55_fixes.TestMotoristRegistrationWithDocuments" name="test_01_register_new_motorista" time="0.849" /><testcase classname="backend.tests.test_iter55_fixes.TestMotoristRegistrationWithDocuments" name="test_02_verify_motorista_in_collection" time="0.190"><failure message="AssertionError: Motorista with email test_motorista_fabceefd@test.com should exist in motoristas collection&#10;assert None is not None">backend/tests/test_iter55_fixes.py:99: in test_02_verify_motorista_in_collection
    assert test_motorista is not None, f"Motorista with email {email} should exist in motoristas collection"
E   AssertionError: Motorista with email test_motorista_fabceefd@test.com should exist in motoristas collection
E   assert None is not None</failure></testcase><testcase classname="backend.tests.test_iter55_fixes.TestMotoristRegistrationWithDocuments" name="test_03_upload_document_during_registration" time="0.170" /><testcase classname="backend.tests.test_iter55_fixes.TestMotoristRegistrationWithDocuments" name="test_04_verify_document_associated_with_motorista" time="0.143"><failure message="AssertionError: Test motorista should exist&#10;assert None is not None">backend/tests/test_iter55_fixes.py:162: in test_04_verify_document_associated_with_motorista
    assert test_motorista is not None, "Test motorista should exist"
E   AssertionError: Test motorista should exist
E   assert None is not None</failure></testcase><testcase classname="backend.tests.test_iter55_fixes.TestPlaywrightSystemStatus" name="test_01_system_status_endpoint" time="0.808" /><testcase classname="backend.tests.test_iter55_fixes.TestPlaywrightSystemStatus" name="test_02_disk_usage_info" time="0.497" /><testcase classname="backend.tests.test_iter55_fixes.TestBrowserVirtualSession" name="test_01_get_plataformas_for_browser_session" time="0.558" /><testcase classname="backend.tests.test_iter55_fixes.TestBrowserVirtualSession" name="test_02_iniciar_sessao_browser_virtual" time="2.005" /><testcase classname="backend.tests.test_iter55_fixes.TestBrowserVirtualSession" name="test_03_get_session_status" time="0.189" /><testcase classname="backend.tests.test_iter55_fixes.TestBrowserVirtualSession" name="test_04_get_screenshot" time="0.190" /><testcase classname="backend.tests.test_iter55_fixes.TestBrowserVirtualSession" name="test_05_terminate_session" time="0.233" /><testcase classname="backend.tests.test_iter55_fixes.TestDocumentosQueryFix" name="test_verify_existing_motorista_document_update" time="0.896"><failure message="AssertionError: cv_file should be a59ce3d9-373e-4eff-88ef-9c969b34aab2, got None&#10;assert None == 'a59ce3d9-373e-4eff-88ef-9c969b34aab2'">backend/tests/test_iter55_fixes.py:423: in test_verify_existing_motorista_document_update
    assert cv_ref == doc_id, f"cv_file should be {doc_id}, got {cv_ref}"
E   AssertionError: cv_file should be a59ce3d9-373e-4eff-88ef-9c969b34aab2, got None
E   assert None == 'a59ce3d9-373e-4eff-88ef-9c969b34aab2'</failure></testcase></testsuite></testsuites>