<?xml version="1.0" encoding="utf-8"?><testsuites name="pytest tests"><testsuite name="pytest" errors="0" failures="0" skipped="0" tests="15" time="5.594" timestamp="2026-02-11T02:21:53.433562+00:00" hostname="agent-env-303167f9-308a-444a-abd2-cccb44fef19c"><testcase classname="backend.tests.test_bolt_earnings_formula.TestAuth" name="test_login_success" time="0.313" /><testcase classname="backend.tests.test_bolt_earnings_formula.TestResumoSemanalParceiro" name="test_resumo_semanal_endpoint_returns_200" time="0.327" /><testcase classname="backend.tests.test_bolt_earnings_formula.TestResumoSemanalParceiro" name="test_resumo_semanal_returns_correct_structure" time="0.072" /><testcase classname="backend.tests.test_bolt_earnings_formula.TestResumoSemanalParceiro" name="test_resumo_semanal_with_week_param" time="0.067" /><testcase classname="backend.tests.test_bolt_earnings_formula.TestResumoSemanalParceiro" name="test_resumo_semanal_motorista_bolt_fields" time="0.068" /><testcase classname="backend.tests.test_bolt_earnings_formula.TestResumoSemanalParceiro" name="test_resumo_semanal_totais_structure" time="0.066" /><testcase classname="backend.tests.test_bolt_earnings_formula.TestSincronizacaoAutoExecutar" name="test_sincronizacao_auto_executar_bolt_endpoint" time="1.931" /><testcase classname="backend.tests.test_bolt_earnings_formula.TestSincronizacaoAutoExecutar" name="test_sincronizacao_auto_executar_returns_execution_id" time="1.529" /><testcase classname="backend.tests.test_bolt_earnings_formula.TestViaVerdeExecucoes" name="test_viaverde_execucoes_endpoint_returns_200" time="0.384" /><testcase classname="backend.tests.test_bolt_earnings_formula.TestViaVerdeExecucoes" name="test_viaverde_execucoes_returns_list" time="0.083" /><testcase classname="backend.tests.test_bolt_earnings_formula.TestViaVerdeExecucoes" name="test_viaverde_execucoes_status_fields" time="0.073" /><testcase classname="backend.tests.test_bolt_earnings_formula.TestBoltEarningsFormula" name="test_bolt_earnings_formula_in_resumo_semanal" time="0.350" /><testcase classname="backend.tests.test_bolt_earnings_formula.TestBoltEarningsFormula" name="test_bolt_data_stored_with_correct_fields" time="0.067" /><testcase classname="backend.tests.test_bolt_earnings_formula.TestHealthCheck" name="test_api_is_reachable" time="0.041" /><testcase classname="backend.tests.test_bolt_earnings_formula.TestHealthCheck" name="test_auth_endpoint_exists" time="0.037" /></testsuite></testsuites>