<?xml version="1.0" encoding="utf-8"?><testsuites name="pytest tests"><testsuite name="pytest" errors="0" failures="1" skipped="0" tests="22" time="8.038" timestamp="2026-02-19T04:20:28.923630+00:00" hostname="agent-env-4162c576-b516-40af-b7bf-bf5af2a542b6"><testcase classname="backend.tests.test_contabilistas_system.TestContabilistasSystem" name="test_admin_login" time="0.385" /><testcase classname="backend.tests.test_contabilistas_system.TestContabilistasSystem" name="test_parceiro_login" time="0.328" /><testcase classname="backend.tests.test_contabilistas_system.TestContabilistasSystem" name="test_parceiro_create_contabilista" time="0.839" /><testcase classname="backend.tests.test_contabilistas_system.TestContabilistasSystem" name="test_parceiro_list_contabilistas" time="0.117" /><testcase classname="backend.tests.test_contabilistas_system.TestContabilistasSystem" name="test_admin_list_all_contabilistas" time="0.451" /><testcase classname="backend.tests.test_contabilistas_system.TestContabilistasSystem" name="test_admin_get_parceiros_list" time="0.126" /><testcase classname="backend.tests.test_contabilistas_system.TestContabilistasSystem" name="test_admin_assign_parceiros_to_contabilista" time="0.342" /><testcase classname="backend.tests.test_contabilistas_system.TestContabilistasSystem" name="test_non_admin_cannot_assign_parceiros" time="0.109" /><testcase classname="backend.tests.test_contabilistas_system.TestContabilistasSystem" name="test_contabilista_login_and_select_parceiro" time="0.610" /><testcase classname="backend.tests.test_contabilistas_system.TestContabilistasSystem" name="test_contabilista_access_faturas_fornecedores" time="0.446" /><testcase classname="backend.tests.test_contabilistas_system.TestContabilistasSystem" name="test_contabilista_access_recibos_motoristas" time="0.510" /><testcase classname="backend.tests.test_contabilistas_system.TestContabilistasSystem" name="test_contabilista_access_resumo" time="0.455" /><testcase classname="backend.tests.test_contabilistas_system.TestContabilistasSystem" name="test_parceiro_edit_contabilista" time="0.233" /><testcase classname="backend.tests.test_contabilistas_system.TestContabilistasSystem" name="test_cleanup_test_contabilistas" time="0.235" /><testcase classname="backend.tests.test_contabilistas_system.TestContabilidadeEndpoints" name="test_admin_faturas_fornecedores" time="0.463" /><testcase classname="backend.tests.test_contabilistas_system.TestContabilidadeEndpoints" name="test_admin_recibos_motoristas" time="0.110"><failure message="assert 520 == 200&#10; +  where 520 = &lt;Response [520]&gt;.status_code">backend/tests/test_contabilistas_system.py:457: in test_admin_recibos_motoristas
    assert response.status_code == 200
E   assert 520 == 200
E    +  where 520 = &lt;Response [520]&gt;.status_code</failure></testcase><testcase classname="backend.tests.test_contabilistas_system.TestContabilidadeEndpoints" name="test_admin_faturas_veiculos" time="0.113" /><testcase classname="backend.tests.test_contabilistas_system.TestContabilidadeEndpoints" name="test_parceiro_faturas_fornecedores" time="0.438" /><testcase classname="backend.tests.test_contabilistas_system.TestContabilidadeEndpoints" name="test_parceiro_resumo" time="0.110" /><testcase classname="backend.tests.test_contabilistas_system.TestGestorParceiroSelectorForContabilista" name="test_contabilista_get_parceiros_endpoint" time="0.455" /><testcase classname="backend.tests.test_contabilistas_system.TestGestorParceiroSelectorForContabilista" name="test_contabilista_get_parceiro_ativo_endpoint" time="0.440" /><testcase classname="backend.tests.test_contabilistas_system.TestGestorParceiroSelectorForContabilista" name="test_contabilista_selecionar_parceiro_endpoint" time="0.606" /></testsuite></testsuites>