<?xml version="1.0" encoding="utf-8"?><testsuites name="pytest tests"><testsuite name="pytest" errors="0" failures="0" skipped="0" tests="13" time="23.099" timestamp="2026-02-16T22:54:31.527235+00:00" hostname="agent-env-acf2194b-5607-420c-85e4-b6681a9e5b52"><testcase classname="backend.tests.test_autosave_replay_rpa.TestAdminLogin" name="test_admin_login_success" time="0.409" /><testcase classname="backend.tests.test_autosave_replay_rpa.TestIniciarSessaoComRascunho" name="test_iniciar_sessao_carrega_rascunho" time="1.734" /><testcase classname="backend.tests.test_autosave_replay_rpa.TestAutoSavePassos" name="test_executar_acao_grava_passo" time="1.761" /><testcase classname="backend.tests.test_autosave_replay_rpa.TestAutoSavePassos" name="test_passo_auto_guardado_na_bd" time="2.312" /><testcase classname="backend.tests.test_autosave_replay_rpa.TestRascunhoEndpoints" name="test_obter_rascunho" time="0.132" /><testcase classname="backend.tests.test_autosave_replay_rpa.TestRascunhoEndpoints" name="test_obter_rascunho_plataforma_inexistente" time="0.173" /><testcase classname="backend.tests.test_autosave_replay_rpa.TestRascunhoEndpoints" name="test_limpar_rascunho" time="3.757" /><testcase classname="backend.tests.test_autosave_replay_rpa.TestReplayEndpoint" name="test_replay_passos" time="3.170" /><testcase classname="backend.tests.test_autosave_replay_rpa.TestReplayEndpoint" name="test_replay_sem_passos_erro" time="1.516" /><testcase classname="backend.tests.test_autosave_replay_rpa.TestReplayEndpoint" name="test_replay_sessao_inexistente" time="0.109" /><testcase classname="backend.tests.test_autosave_replay_rpa.TestSessionPassosManagement" name="test_obter_passos" time="1.950" /><testcase classname="backend.tests.test_autosave_replay_rpa.TestSessionPassosManagement" name="test_limpar_passos_sessao" time="3.495" /><testcase classname="backend.tests.test_autosave_replay_rpa.TestGuardarPassosDefinitivamente" name="test_guardar_passos_extracao" time="2.496" /></testsuite></testsuites>