<?xml version="1.0" encoding="utf-8"?><testsuites name="pytest tests"><testsuite name="pytest" errors="0" failures="1" skipped="0" tests="20" time="6.205" timestamp="2026-02-02T18:29:51.304503+00:00" hostname="agent-env-396252b1-1558-4c8e-853d-0511a5ef865c"><testcase classname="backend.tests.test_viaverde_rpa_features.TestAuthentication" name="test_parceiro_login" time="0.289" /><testcase classname="backend.tests.test_viaverde_rpa_features.TestAuthentication" name="test_admin_login" time="0.259" /><testcase classname="backend.tests.test_viaverde_rpa_features.TestViaVerdeRPA" name="test_executar_rpa_semana_especifica" time="0.311" /><testcase classname="backend.tests.test_viaverde_rpa_features.TestViaVerdeRPA" name="test_executar_rpa_ultima_semana" time="0.335" /><testcase classname="backend.tests.test_viaverde_rpa_features.TestViaVerdeRPA" name="test_executar_rpa_datas_personalizadas" time="0.310" /><testcase classname="backend.tests.test_viaverde_rpa_features.TestViaVerdeRPA" name="test_executar_rpa_validation_semana_missing" time="0.318" /><testcase classname="backend.tests.test_viaverde_rpa_features.TestViaVerdeRPA" name="test_executar_rpa_validation_datas_missing" time="0.302" /><testcase classname="backend.tests.test_viaverde_rpa_features.TestViaVerdeRPA" name="test_executar_rpa_requires_auth" time="0.047" /><testcase classname="backend.tests.test_viaverde_rpa_features.TestViaVerdeRPA" name="test_listar_execucoes_viaverde" time="0.471" /><testcase classname="backend.tests.test_viaverde_rpa_features.TestViaVerdeExcelImport" name="test_importar_excel_requires_auth" time="0.034" /><testcase classname="backend.tests.test_viaverde_rpa_features.TestViaVerdeExcelImport" name="test_importar_excel_invalid_extension" time="0.294" /><testcase classname="backend.tests.test_viaverde_rpa_features.TestMotoristaDesativar" name="test_desativar_motorista_with_date" time="0.378" /><testcase classname="backend.tests.test_viaverde_rpa_features.TestMotoristaDesativar" name="test_desativar_motorista_not_found" time="0.293" /><testcase classname="backend.tests.test_viaverde_rpa_features.TestResumoSemanalParceiro" name="test_get_resumo_semanal" time="0.576" /><testcase classname="backend.tests.test_viaverde_rpa_features.TestResumoSemanalParceiro" name="test_get_resumo_semanal_week_3" time="0.611" /><testcase classname="backend.tests.test_viaverde_rpa_features.TestResumoSemanalParceiro" name="test_resumo_semanal_requires_auth" time="0.034" /><testcase classname="backend.tests.test_viaverde_rpa_features.TestAutoCreateVehicles" name="test_list_vehicles" time="0.325" /><testcase classname="backend.tests.test_viaverde_rpa_features.TestAutoCreateVehicles" name="test_vehicles_with_pending_status" time="0.301" /><testcase classname="backend.tests.test_viaverde_rpa_features.TestSyncDropdownOptions" name="test_sync_uber" time="0.302" /><testcase classname="backend.tests.test_viaverde_rpa_features.TestSyncDropdownOptions" name="test_sync_config" time="0.334"><failure message="assert 520 in [200, 403]&#10; +  where 520 = &lt;Response [520]&gt;.status_code">backend/tests/test_viaverde_rpa_features.py:466: in test_sync_config
    assert response.status_code in [200, 403]
E   assert 520 in [200, 403]
E    +  where 520 = &lt;Response [520]&gt;.status_code</failure></testcase></testsuite></testsuites>