<?xml version="1.0" encoding="utf-8"?><testsuites name="pytest tests"><testsuite name="pytest" errors="0" failures="0" skipped="0" tests="10" time="10.729" timestamp="2026-02-20T00:20:35.027536+00:00" hostname="agent-env-d3a265bd-b2a4-432c-b654-f99d0ef3fe9b"><testcase classname="backend.tests.test_approval_flow_iter56.TestApprovalFlowWithPartnerAndClassification" name="test_01_parceiros_endpoint_returns_data" time="0.898" /><testcase classname="backend.tests.test_approval_flow_iter56.TestApprovalFlowWithPartnerAndClassification" name="test_02_classificacao_config_endpoint" time="0.783" /><testcase classname="backend.tests.test_approval_flow_iter56.TestApprovalFlowWithPartnerAndClassification" name="test_03_create_motorista_and_approve_with_partner" time="1.469" /><testcase classname="backend.tests.test_approval_flow_iter56.TestApprovalFlowWithPartnerAndClassification" name="test_04_approve_motorista_with_classification" time="1.708" /><testcase classname="backend.tests.test_approval_flow_iter56.TestApprovalFlowWithPartnerAndClassification" name="test_05_approve_motorista_with_partner_and_classification" time="1.533" /><testcase classname="backend.tests.test_approval_flow_iter56.TestMigrationFeatures" name="test_01_verificar_migracao_endpoint" time="0.498" /><testcase classname="backend.tests.test_approval_flow_iter56.TestMigrationFeatures" name="test_02_migrar_motoristas_endpoint" time="0.523" /><testcase classname="backend.tests.test_approval_flow_iter56.TestMigrationFeatures" name="test_03_non_admin_cannot_access_migration" time="0.581" /><testcase classname="backend.tests.test_approval_flow_iter56.TestApprovalDialogDataFlow" name="test_01_approve_request_model_validation" time="1.179" /><testcase classname="backend.tests.test_approval_flow_iter56.TestApprovalDialogDataFlow" name="test_02_data_persisted_in_motoristas_collection" time="1.436" /></testsuite></testsuites>