<?xml version="1.0" encoding="utf-8"?><testsuites name="pytest tests"><testsuite name="pytest" errors="0" failures="0" skipped="0" tests="24" time="2.031" timestamp="2026-01-23T01:47:38.665337+00:00" hostname="agent-env-03427b4b-a00c-49ee-be35-9d2cb43ae576"><testcase classname="tests.test_rpa_automacao.TestPlataformas" name="test_list_plataformas_returns_4_platforms" time="0.333" /><testcase classname="tests.test_rpa_automacao.TestPlataformas" name="test_plataformas_have_required_fields" time="0.041" /><testcase classname="tests.test_rpa_automacao.TestPlataformas" name="test_uber_platform_details" time="0.040" /><testcase classname="tests.test_rpa_automacao.TestPlataformas" name="test_prio_platform_details" time="0.081" /><testcase classname="tests.test_rpa_automacao.TestCredenciais" name="test_create_credentials" time="0.045" /><testcase classname="tests.test_rpa_automacao.TestCredenciais" name="test_list_credentials_without_password" time="0.040" /><testcase classname="tests.test_rpa_automacao.TestCredenciais" name="test_get_credential_status_for_platform" time="0.041" /><testcase classname="tests.test_rpa_automacao.TestCredenciais" name="test_delete_credentials" time="0.154" /><testcase classname="tests.test_rpa_automacao.TestCredenciais" name="test_create_credentials_invalid_platform" time="0.042" /><testcase classname="tests.test_rpa_automacao.TestExecucoes" name="test_execute_automation" time="0.082" /><testcase classname="tests.test_rpa_automacao.TestExecucoes" name="test_execute_without_credentials" time="0.079" /><testcase classname="tests.test_rpa_automacao.TestExecucoes" name="test_list_executions" time="0.039" /><testcase classname="tests.test_rpa_automacao.TestExecucoes" name="test_get_execution_details_with_logs" time="0.082" /><testcase classname="tests.test_rpa_automacao.TestExecucoes" name="test_get_execution_not_found" time="0.048" /><testcase classname="tests.test_rpa_automacao.TestAgendamentos" name="test_create_agendamento" time="0.127" /><testcase classname="tests.test_rpa_automacao.TestAgendamentos" name="test_list_agendamentos" time="0.041" /><testcase classname="tests.test_rpa_automacao.TestAgendamentos" name="test_delete_agendamento" time="0.077" /><testcase classname="tests.test_rpa_automacao.TestAgendamentos" name="test_create_duplicate_agendamento_fails" time="0.086" /><testcase classname="tests.test_rpa_automacao.TestEstatisticas" name="test_get_estatisticas" time="0.043" /><testcase classname="tests.test_rpa_automacao.TestAuthRequired" name="test_credenciais_requires_auth" time="0.038" /><testcase classname="tests.test_rpa_automacao.TestAuthRequired" name="test_execucoes_requires_auth" time="0.037" /><testcase classname="tests.test_rpa_automacao.TestAuthRequired" name="test_agendamentos_requires_auth" time="0.036" /><testcase classname="tests.test_rpa_automacao.TestAuthRequired" name="test_estatisticas_requires_auth" time="0.037" /><testcase classname="tests.test_rpa_automacao.TestAuthRequired" name="test_plataformas_public" time="0.272" /></testsuite></testsuites>