<?xml version="1.0" encoding="utf-8"?><testsuites name="pytest tests"><testsuite name="pytest" errors="0" failures="3" skipped="0" tests="12" time="5.823" timestamp="2026-02-20T01:31:33.417088+00:00" hostname="agent-env-731e4973-fad8-452a-8404-6e3a6033a65f"><testcase classname="backend.tests.test_gestao_planos_features.TestPermanentDeletion" name="test_delete_plano_permanente_endpoint_exists" time="1.129"><failure message="AssertionError: Permanent deletion failed: {&quot;detail&quot;:&quot;Plano não encontrado&quot;}&#10;assert 404 == 200&#10; +  where 404 = &lt;Response [404]&gt;.status_code">backend/tests/test_gestao_planos_features.py:79: in test_delete_plano_permanente_endpoint_exists
    assert delete_response.status_code == 200, f"Permanent deletion failed: {delete_response.text}"
E   AssertionError: Permanent deletion failed: {"detail":"Plano não encontrado"}
E   assert 404 == 200
E    +  where 404 = &lt;Response [404]&gt;.status_code</failure></testcase><testcase classname="backend.tests.test_gestao_planos_features.TestPermanentDeletion" name="test_delete_modulo_permanente_endpoint_exists" time="0.629"><failure message="AssertionError: Permanent deletion failed: {&quot;detail&quot;:&quot;Módulo não encontrado&quot;}&#10;assert 404 == 200&#10; +  where 404 = &lt;Response [404]&gt;.status_code">backend/tests/test_gestao_planos_features.py:122: in test_delete_modulo_permanente_endpoint_exists
    assert delete_response.status_code == 200, f"Permanent deletion failed: {delete_response.text}"
E   AssertionError: Permanent deletion failed: {"detail":"Módulo não encontrado"}
E   assert 404 == 200
E    +  where 404 = &lt;Response [404]&gt;.status_code</failure></testcase><testcase classname="backend.tests.test_gestao_planos_features.TestPermanentDeletion" name="test_delete_categoria_permanente_endpoint_exists" time="0.558" /><testcase classname="backend.tests.test_gestao_planos_features.TestPrecosEspeciais" name="test_list_precos_especiais_endpoint" time="0.157" /><testcase classname="backend.tests.test_gestao_planos_features.TestPrecosEspeciais" name="test_delete_preco_especial_endpoint_exists" time="0.497" /><testcase classname="backend.tests.test_gestao_planos_features.TestModuloDestaque" name="test_create_modulo_with_destaque" time="0.136"><failure message="AssertionError: Módulo should have destaque=True&#10;assert False == True&#10; +  where False = &lt;built-in method get of dict object at 0xfb3d3ca7db00&gt;('destaque')&#10; +    where &lt;built-in method get of dict object at 0xfb3d3ca7db00&gt; = {'ativo': True, 'codigo': 'test_destaque_4f96b8ed', 'cor': '#6B7280', 'created_at': '2026-02-20T01:31:36.598286+00:00', ...}.get">backend/tests/test_gestao_planos_features.py:250: in test_create_modulo_with_destaque
    assert data.get("destaque") == True, "Módulo should have destaque=True"
E   AssertionError: Módulo should have destaque=True
E   assert False == True
E    +  where False = &lt;built-in method get of dict object at 0xfb3d3ca7db00&gt;('destaque')
E    +    where &lt;built-in method get of dict object at 0xfb3d3ca7db00&gt; = {'ativo': True, 'codigo': 'test_destaque_4f96b8ed', 'cor': '#6B7280', 'created_at': '2026-02-20T01:31:36.598286+00:00', ...}.get</failure></testcase><testcase classname="backend.tests.test_gestao_planos_features.TestModuloDestaque" name="test_update_modulo_destaque" time="0.514" /><testcase classname="backend.tests.test_gestao_planos_features.TestModuloDestaque" name="test_list_modulos_with_destaque_count" time="0.125" /><testcase classname="backend.tests.test_gestao_planos_features.TestPlanoPrecos" name="test_plano_has_precos_plano_structure" time="0.184" /><testcase classname="backend.tests.test_gestao_planos_features.TestDeactivationEndpoints" name="test_deactivate_plano" time="0.505" /><testcase classname="backend.tests.test_gestao_planos_features.TestDeactivationEndpoints" name="test_deactivate_modulo" time="0.584" /><testcase classname="backend.tests.test_gestao_planos_features.TestDeactivationEndpoints" name="test_deactivate_categoria" time="0.696" /></testsuite></testsuites>