<?xml version="1.0" encoding="utf-8"?><testsuites name="pytest tests"><testsuite name="pytest" errors="0" failures="0" skipped="0" tests="12" time="3.569" timestamp="2026-02-19T18:28:22.983520+00:00" hostname="agent-env-80108777-3e0d-4abe-8449-7d975559c63d"><testcase classname="backend.tests.test_motorista_tab_features.TestMotoristaParceirosAPI" name="test_get_parceiros_list" time="0.680" /><testcase classname="backend.tests.test_motorista_tab_features.TestMotoristaParceirosAPI" name="test_get_motorista_details" time="0.215" /><testcase classname="backend.tests.test_motorista_tab_features.TestMotoristaParceirosAPI" name="test_get_user_details" time="0.130" /><testcase classname="backend.tests.test_motorista_tab_features.TestMotoristaParceirosAPI" name="test_atribuir_parceiro_to_motorista" time="0.521" /><testcase classname="backend.tests.test_motorista_tab_features.TestMotoristaParceirosAPI" name="test_atribuir_parceiro_invalid_parceiro" time="0.175" /><testcase classname="backend.tests.test_motorista_tab_features.TestMotoristaParceirosAPI" name="test_atribuir_parceiro_missing_parceiro_id" time="0.107" /><testcase classname="backend.tests.test_motorista_tab_features.TestMotoristaPlanoAPI" name="test_get_planos_list" time="0.128" /><testcase classname="backend.tests.test_motorista_tab_features.TestMotoristaPlanoAPI" name="test_atribuir_plano_to_user" time="0.849" /><testcase classname="backend.tests.test_motorista_tab_features.TestMotoristaPlanoAPI" name="test_atribuir_plano_invalid_plano" time="0.140" /><testcase classname="backend.tests.test_motorista_tab_features.TestMotoristaInList" name="test_motorista_in_list" time="0.145" /><testcase classname="backend.tests.test_motorista_tab_features.TestMotoristaInList" name="test_motorista_has_parceiro_name" time="0.140" /><testcase classname="backend.tests.test_motorista_tab_features.TestApproveUserCreatesMotoristaDoc" name="test_approve_user_endpoint" time="0.271" /></testsuite></testsuites>