<?xml version="1.0" encoding="utf-8"?><testsuites name="pytest tests"><testsuite name="pytest" errors="0" failures="0" skipped="0" tests="13" time="4.517" timestamp="2026-02-02T20:55:40.419678+00:00" hostname="agent-env-81eea010-e36f-489a-b00d-0da9e3ababee"><testcase classname="tests.test_user_management.TestAuthEndpoints" name="test_admin_login_success" time="0.344" /><testcase classname="tests.test_user_management.TestAuthEndpoints" name="test_login_invalid_credentials" time="0.038" /><testcase classname="tests.test_user_management.TestAuthEndpoints" name="test_parceiro_login_success" time="0.261" /><testcase classname="tests.test_user_management.TestUserManagementEndpoints" name="test_get_all_users" time="0.307" /><testcase classname="tests.test_user_management.TestUserManagementEndpoints" name="test_get_all_users_unauthorized" time="0.076" /><testcase classname="tests.test_user_management.TestUserManagementEndpoints" name="test_get_pending_users" time="0.295" /><testcase classname="tests.test_user_management.TestUserCreation" name="test_create_parceiro_user" time="0.776" /><testcase classname="tests.test_user_management.TestUserCreation" name="test_create_gestor_user" time="0.555" /><testcase classname="tests.test_user_management.TestUserCreation" name="test_create_motorista_user" time="0.526" /><testcase classname="tests.test_user_management.TestUserCreation" name="test_create_duplicate_email_fails" time="0.296" /><testcase classname="tests.test_user_management.TestUserModules" name="test_get_user_modulos" time="0.345" /><testcase classname="tests.test_user_management.TestUserModules" name="test_get_planos" time="0.293" /><testcase classname="tests.test_user_management.TestParceirosEndpoint" name="test_get_parceiros" time="0.298" /></testsuite></testsuites>